[ 2015-09-28T20:57:23+08:00 ] 127.0.0.1 /demo/
INFO: [ app_init ] --START--
INFO: Run Behavior\BuildLiteBehavior [ RunTime:0.000000s ]
INFO: [ app_init ] --END-- [ RunTime:0.001000s ]
INFO: [ app_begin ] --START--
INFO: Run Behavior\ReadHtmlCacheBehavior [ RunTime:0.000000s ]
SQL: SHOW COLUMNS FROM `hs_setting` [ RunTime:0.0030s ]
SQL: SELECT `key`,`value` FROM `hs_setting`  [ RunTime:0.0000s ]
NOTIC: [2] unlink(./Application/Runtime/Temp/71df8fced343b2a8ba67c00a47a67b50.php): No such file or directory D:\xampps\htdocs\demo\ThinkPHP\Library\Think\Cache\Driver\File.class.php 第 157 行.
INFO: Run Common\Behavior\SettingBehavior [ RunTime:0.021001s ]
INFO: [ app_begin ] --END-- [ RunTime:0.021001s ]
SQL: SHOW COLUMNS FROM `hs_service` [ RunTime:0.0040s ]
SQL: SELECT * FROM `hs_service`  [ RunTime:0.0000s ]
SQL: SHOW COLUMNS FROM `hs_craftsmanship` [ RunTime:0.0020s ]
SQL: SELECT * FROM `hs_craftsmanship`  [ RunTime:0.0000s ]
INFO: [ view_parse ] --START--
INFO: [ template_filter ] --START--
INFO: Run Behavior\ContentReplaceBehavior [ RunTime:0.000000s ]
INFO: [ template_filter ] --END-- [ RunTime:0.000000s ]
INFO: Run Behavior\ParseTemplateBehavior [ RunTime:0.013001s ]
INFO: [ view_parse ] --END-- [ RunTime:0.013001s ]
INFO: [ view_filter ] --START--
INFO: Run Behavior\WriteHtmlCacheBehavior [ RunTime:0.000000s ]
INFO: [ view_filter ] --END-- [ RunTime:0.000000s ]
INFO: [ app_end ] --START--
INFO: Run Behavior\ShowPageTraceBehavior [ RunTime:0.001000s ]
INFO: [ app_end ] --END-- [ RunTime:0.001000s ]

[ 2015-09-28T20:57:23+08:00 ] 127.0.0.1 /demo/
INFO: [ app_init ] --START--
INFO: Run Behavior\BuildLiteBehavior [ RunTime:0.000000s ]
INFO: [ app_init ] --END-- [ RunTime:0.000000s ]
INFO: [ app_begin ] --START--
INFO: Run Behavior\ReadHtmlCacheBehavior [ RunTime:0.001000s ]
SQL: SHOW COLUMNS FROM `hs_setting` [ RunTime:0.0020s ]
SQL: SELECT `key`,`value` FROM `hs_setting`  [ RunTime:0.0000s ]
NOTIC: [2] unlink(./Application/Runtime/Temp/71df8fced343b2a8ba67c00a47a67b50.php): No such file or directory D:\xampps\htdocs\demo\ThinkPHP\Library\Think\Cache\Driver\File.class.php 第 157 行.
INFO: Run Common\Behavior\SettingBehavior [ RunTime:0.020001s ]
INFO: [ app_begin ] --END-- [ RunTime:0.021001s ]
SQL: SHOW COLUMNS FROM `hs_service` [ RunTime:0.0010s ]
SQL: SELECT * FROM `hs_service`  [ RunTime:0.0000s ]
SQL: SHOW COLUMNS FROM `hs_craftsmanship` [ RunTime:0.0020s ]
SQL: SELECT * FROM `hs_craftsmanship`  [ RunTime:0.0010s ]
INFO: [ view_parse ] --START--
INFO: [ template_filter ] --START--
INFO: Run Behavior\ContentReplaceBehavior [ RunTime:0.000000s ]
INFO: [ template_filter ] --END-- [ RunTime:0.001000s ]
INFO: Run Behavior\ParseTemplateBehavior [ RunTime:0.009001s ]
INFO: [ view_parse ] --END-- [ RunTime:0.009001s ]
INFO: [ view_filter ] --START--
INFO: Run Behavior\WriteHtmlCacheBehavior [ RunTime:0.000000s ]
INFO: [ view_filter ] --END-- [ RunTime:0.000000s ]
INFO: [ app_end ] --START--
INFO: Run Behavior\ShowPageTraceBehavior [ RunTime:0.000000s ]
INFO: [ app_end ] --END-- [ RunTime:0.000000s ]

[ 2015-09-28T20:59:20+08:00 ] 127.0.0.1 /demo/
INFO: [ app_init ] --START--
INFO: Run Behavior\BuildLiteBehavior [ RunTime:0.000000s ]
INFO: [ app_init ] --END-- [ RunTime:0.000000s ]
INFO: [ app_begin ] --START--
INFO: Run Behavior\ReadHtmlCacheBehavior [ RunTime:0.000000s ]
SQL: SHOW COLUMNS FROM `hs_setting` [ RunTime:0.0020s ]
SQL: SELECT `key`,`value` FROM `hs_setting`  [ RunTime:0.0000s ]
NOTIC: [2] unlink(./Application/Runtime/Temp/71df8fced343b2a8ba67c00a47a67b50.php): No such file or directory D:\xampps\htdocs\demo\ThinkPHP\Library\Think\Cache\Driver\File.class.php 第 157 行.
INFO: Run Common\Behavior\SettingBehavior [ RunTime:0.018001s ]
INFO: [ app_begin ] --END-- [ RunTime:0.018001s ]
SQL: SHOW COLUMNS FROM `hs_service` [ RunTime:0.0020s ]
SQL: SELECT * FROM `hs_service`  [ RunTime:0.0000s ]
SQL: SHOW COLUMNS FROM `hs_craftsmanship` [ RunTime:0.0010s ]
SQL: SELECT * FROM `hs_craftsmanship`  [ RunTime:0.0000s ]
INFO: [ view_parse ] --START--
INFO: [ template_filter ] --START--
INFO: Run Behavior\ContentReplaceBehavior [ RunTime:0.000000s ]
INFO: [ template_filter ] --END-- [ RunTime:0.000000s ]
INFO: Run Behavior\ParseTemplateBehavior [ RunTime:0.009001s ]
INFO: [ view_parse ] --END-- [ RunTime:0.009001s ]
INFO: [ view_filter ] --START--
INFO: Run Behavior\WriteHtmlCacheBehavior [ RunTime:0.000000s ]
INFO: [ view_filter ] --END-- [ RunTime:0.000000s ]
INFO: [ app_end ] --START--
INFO: Run Behavior\ShowPageTraceBehavior [ RunTime:0.000000s ]
INFO: [ app_end ] --END-- [ RunTime:0.000000s ]

[ 2015-09-28T20:59:20+08:00 ] 127.0.0.1 /demo/
INFO: [ app_init ] --START--
INFO: Run Behavior\BuildLiteBehavior [ RunTime:0.000000s ]
INFO: [ app_init ] --END-- [ RunTime:0.000000s ]
INFO: [ app_begin ] --START--
INFO: Run Behavior\ReadHtmlCacheBehavior [ RunTime:0.000000s ]
SQL: SHOW COLUMNS FROM `hs_setting` [ RunTime:0.0020s ]
SQL: SELECT `key`,`value` FROM `hs_setting`  [ RunTime:0.0000s ]
NOTIC: [2] unlink(./Application/Runtime/Temp/71df8fced343b2a8ba67c00a47a67b50.php): No such file or directory D:\xampps\htdocs\demo\ThinkPHP\Library\Think\Cache\Driver\File.class.php 第 157 行.
INFO: Run Common\Behavior\SettingBehavior [ RunTime:0.021001s ]
INFO: [ app_begin ] --END-- [ RunTime:0.021001s ]
SQL: SHOW COLUMNS FROM `hs_service` [ RunTime:0.0020s ]
SQL: SELECT * FROM `hs_service`  [ RunTime:0.0000s ]
SQL: SHOW COLUMNS FROM `hs_craftsmanship` [ RunTime:0.0020s ]
SQL: SELECT * FROM `hs_craftsmanship`  [ RunTime:0.0010s ]
INFO: [ view_parse ] --START--
INFO: [ template_filter ] --START--
INFO: Run Behavior\ContentReplaceBehavior [ RunTime:0.000000s ]
INFO: [ template_filter ] --END-- [ RunTime:0.000000s ]
INFO: Run Behavior\ParseTemplateBehavior [ RunTime:0.010001s ]
INFO: [ view_parse ] --END-- [ RunTime:0.010001s ]
INFO: [ view_filter ] --START--
INFO: Run Behavior\WriteHtmlCacheBehavior [ RunTime:0.001000s ]
INFO: [ view_filter ] --END-- [ RunTime:0.001000s ]
INFO: [ app_end ] --START--
INFO: Run Behavior\ShowPageTraceBehavior [ RunTime:0.001000s ]
INFO: [ app_end ] --END-- [ RunTime:0.001000s ]

[ 2015-09-28T21:04:10+08:00 ] 127.0.0.1 /demo/
INFO: [ app_init ] --START--
INFO: Run Behavior\BuildLiteBehavior [ RunTime:0.000000s ]
INFO: [ app_init ] --END-- [ RunTime:0.000000s ]
INFO: [ app_begin ] --START--
INFO: Run Behavior\ReadHtmlCacheBehavior [ RunTime:0.000000s ]
SQL: SHOW COLUMNS FROM `hs_setting` [ RunTime:0.0010s ]
SQL: SELECT `key`,`value` FROM `hs_setting`  [ RunTime:0.0010s ]
NOTIC: [2] unlink(./Application/Runtime/Temp/71df8fced343b2a8ba67c00a47a67b50.php): No such file or directory D:\xampps\htdocs\demo\ThinkPHP\Library\Think\Cache\Driver\File.class.php 第 157 行.
INFO: Run Common\Behavior\SettingBehavior [ RunTime:0.010000s ]
INFO: [ app_begin ] --END-- [ RunTime:0.010000s ]
SQL: SHOW COLUMNS FROM `hs_service` [ RunTime:0.0020s ]
SQL: SELECT * FROM `hs_service`  [ RunTime:0.0000s ]
SQL: SHOW COLUMNS FROM `hs_craftsmanship` [ RunTime:0.0020s ]
SQL: SELECT * FROM `hs_craftsmanship`  [ RunTime:0.0000s ]
INFO: [ view_parse ] --START--
INFO: [ template_filter ] --START--
INFO: Run Behavior\ContentReplaceBehavior [ RunTime:0.000000s ]
INFO: [ template_filter ] --END-- [ RunTime:0.000000s ]
INFO: Run Behavior\ParseTemplateBehavior [ RunTime:0.010000s ]
INFO: [ view_parse ] --END-- [ RunTime:0.010000s ]
INFO: [ view_filter ] --START--
INFO: Run Behavior\WriteHtmlCacheBehavior [ RunTime:0.000000s ]
INFO: [ view_filter ] --END-- [ RunTime:0.000000s ]
INFO: [ app_end ] --START--
INFO: Run Behavior\ShowPageTraceBehavior [ RunTime:0.001000s ]
INFO: [ app_end ] --END-- [ RunTime:0.001000s ]

[ 2015-09-28T21:04:11+08:00 ] 127.0.0.1 /demo/
INFO: [ app_init ] --START--
INFO: Run Behavior\BuildLiteBehavior [ RunTime:0.000000s ]
INFO: [ app_init ] --END-- [ RunTime:0.001000s ]
INFO: [ app_begin ] --START--
INFO: Run Behavior\ReadHtmlCacheBehavior [ RunTime:0.000000s ]
SQL: SHOW COLUMNS FROM `hs_setting` [ RunTime:0.0020s ]
SQL: SELECT `key`,`value` FROM `hs_setting`  [ RunTime:0.0010s ]
NOTIC: [2] unlink(./Application/Runtime/Temp/71df8fced343b2a8ba67c00a47a67b50.php): No such file or directory D:\xampps\htdocs\demo\ThinkPHP\Library\Think\Cache\Driver\File.class.php 第 157 行.
INFO: Run Common\Behavior\SettingBehavior [ RunTime:0.010000s ]
INFO: [ app_begin ] --END-- [ RunTime:0.010000s ]
SQL: SHOW COLUMNS FROM `hs_service` [ RunTime:0.0010s ]
SQL: SELECT * FROM `hs_service`  [ RunTime:0.0000s ]
SQL: SHOW COLUMNS FROM `hs_craftsmanship` [ RunTime:0.0020s ]
SQL: SELECT * FROM `hs_craftsmanship`  [ RunTime:0.0010s ]
INFO: [ view_parse ] --START--
INFO: [ template_filter ] --START--
INFO: Run Behavior\ContentReplaceBehavior [ RunTime:0.000000s ]
INFO: [ template_filter ] --END-- [ RunTime:0.000000s ]
INFO: Run Behavior\ParseTemplateBehavior [ RunTime:0.010000s ]
INFO: [ view_parse ] --END-- [ RunTime:0.010000s ]
INFO: [ view_filter ] --START--
INFO: Run Behavior\WriteHtmlCacheBehavior [ RunTime:0.000000s ]
INFO: [ view_filter ] --END-- [ RunTime:0.000000s ]
INFO: [ app_end ] --START--
INFO: Run Behavior\ShowPageTraceBehavior [ RunTime:0.001000s ]
INFO: [ app_end ] --END-- [ RunTime:0.001000s ]

[ 2015-09-28T21:04:13+08:00 ] 127.0.0.1 /demo/
INFO: [ app_init ] --START--
INFO: Run Behavior\BuildLiteBehavior [ RunTime:0.000000s ]
INFO: [ app_init ] --END-- [ RunTime:0.000000s ]
INFO: [ app_begin ] --START--
INFO: Run Behavior\ReadHtmlCacheBehavior [ RunTime:0.000000s ]
SQL: SHOW COLUMNS FROM `hs_setting` [ RunTime:0.0010s ]
SQL: SELECT `key`,`value` FROM `hs_setting`  [ RunTime:0.0010s ]
NOTIC: [2] unlink(./Application/Runtime/Temp/71df8fced343b2a8ba67c00a47a67b50.php): No such file or directory D:\xampps\htdocs\demo\ThinkPHP\Library\Think\Cache\Driver\File.class.php 第 157 行.
INFO: Run Common\Behavior\SettingBehavior [ RunTime:0.016000s ]
INFO: [ app_begin ] --END-- [ RunTime:0.016000s ]
SQL: SHOW COLUMNS FROM `hs_service` [ RunTime:0.0020s ]
SQL: SELECT * FROM `hs_service`  [ RunTime:0.0000s ]
SQL: SHOW COLUMNS FROM `hs_craftsmanship` [ RunTime:0.0020s ]
SQL: SELECT * FROM `hs_craftsmanship`  [ RunTime:0.0000s ]
INFO: [ view_parse ] --START--
INFO: [ template_filter ] --START--
INFO: Run Behavior\ContentReplaceBehavior [ RunTime:0.000000s ]
INFO: [ template_filter ] --END-- [ RunTime:0.000000s ]
INFO: Run Behavior\ParseTemplateBehavior [ RunTime:0.010000s ]
INFO: [ view_parse ] --END-- [ RunTime:0.010000s ]
INFO: [ view_filter ] --START--
INFO: Run Behavior\WriteHtmlCacheBehavior [ RunTime:0.000000s ]
INFO: [ view_filter ] --END-- [ RunTime:0.000000s ]
INFO: [ app_end ] --START--
INFO: Run Behavior\ShowPageTraceBehavior [ RunTime:0.000000s ]
INFO: [ app_end ] --END-- [ RunTime:0.000000s ]

[ 2015-09-28T21:04:14+08:00 ] 127.0.0.1 /demo/
INFO: [ app_init ] --START--
INFO: Run Behavior\BuildLiteBehavior [ RunTime:0.000000s ]
INFO: [ app_init ] --END-- [ RunTime:0.000000s ]
INFO: [ app_begin ] --START--
INFO: Run Behavior\ReadHtmlCacheBehavior [ RunTime:0.000000s ]
SQL: SHOW COLUMNS FROM `hs_setting` [ RunTime:0.0020s ]
SQL: SELECT `key`,`value` FROM `hs_setting`  [ RunTime:0.0010s ]
NOTIC: [2] unlink(./Application/Runtime/Temp/71df8fced343b2a8ba67c00a47a67b50.php): No such file or directory D:\xampps\htdocs\demo\ThinkPHP\Library\Think\Cache\Driver\File.class.php 第 157 行.
INFO: Run Common\Behavior\SettingBehavior [ RunTime:0.022001s ]
INFO: [ app_begin ] --END-- [ RunTime:0.022001s ]
SQL: SHOW COLUMNS FROM `hs_service` [ RunTime:0.0030s ]
SQL: SELECT * FROM `hs_service`  [ RunTime:0.0000s ]
SQL: SHOW COLUMNS FROM `hs_craftsmanship` [ RunTime:0.0020s ]
SQL: SELECT * FROM `hs_craftsmanship`  [ RunTime:0.0000s ]
INFO: [ view_parse ] --START--
INFO: [ template_filter ] --START--
INFO: Run Behavior\ContentReplaceBehavior [ RunTime:0.000000s ]
INFO: [ template_filter ] --END-- [ RunTime:0.000000s ]
INFO: Run Behavior\ParseTemplateBehavior [ RunTime:0.010000s ]
INFO: [ view_parse ] --END-- [ RunTime:0.010000s ]
INFO: [ view_filter ] --START--
INFO: Run Behavior\WriteHtmlCacheBehavior [ RunTime:0.000000s ]
INFO: [ view_filter ] --END-- [ RunTime:0.000000s ]
INFO: [ app_end ] --START--
INFO: Run Behavior\ShowPageTraceBehavior [ RunTime:0.001000s ]
INFO: [ app_end ] --END-- [ RunTime:0.001000s ]

[ 2015-09-28T21:04:14+08:00 ] 127.0.0.1 /demo/
INFO: [ app_init ] --START--
INFO: Run Behavior\BuildLiteBehavior [ RunTime:0.000000s ]
INFO: [ app_init ] --END-- [ RunTime:0.000000s ]
INFO: [ app_begin ] --START--
INFO: Run Behavior\ReadHtmlCacheBehavior [ RunTime:0.000000s ]
SQL: SHOW COLUMNS FROM `hs_setting` [ RunTime:0.0020s ]
SQL: SELECT `key`,`value` FROM `hs_setting`  [ RunTime:0.0010s ]
NOTIC: [2] unlink(./Application/Runtime/Temp/71df8fced343b2a8ba67c00a47a67b50.php): No such file or directory D:\xampps\htdocs\demo\ThinkPHP\Library\Think\Cache\Driver\File.class.php 第 157 行.
INFO: Run Common\Behavior\SettingBehavior [ RunTime:0.019001s ]
INFO: [ app_begin ] --END-- [ RunTime:0.019001s ]
SQL: SHOW COLUMNS FROM `hs_service` [ RunTime:0.0010s ]
SQL: SELECT * FROM `hs_service`  [ RunTime:0.0010s ]
SQL: SHOW COLUMNS FROM `hs_craftsmanship` [ RunTime:0.0020s ]
SQL: SELECT * FROM `hs_craftsmanship`  [ RunTime:0.0010s ]
INFO: [ view_parse ] --START--
INFO: [ template_filter ] --START--
INFO: Run Behavior\ContentReplaceBehavior [ RunTime:0.000000s ]
INFO: [ template_filter ] --END-- [ RunTime:0.000000s ]
INFO: Run Behavior\ParseTemplateBehavior [ RunTime:0.009001s ]
INFO: [ view_parse ] --END-- [ RunTime:0.009001s ]
INFO: [ view_filter ] --START--
INFO: Run Behavior\WriteHtmlCacheBehavior [ RunTime:0.000000s ]
INFO: [ view_filter ] --END-- [ RunTime:0.000000s ]
INFO: [ app_end ] --START--
INFO: Run Behavior\ShowPageTraceBehavior [ RunTime:0.000000s ]
INFO: [ app_end ] --END-- [ RunTime:0.000000s ]

[ 2015-09-28T21:04:14+08:00 ] 127.0.0.1 /demo/
INFO: [ app_init ] --START--
INFO: Run Behavior\BuildLiteBehavior [ RunTime:0.000000s ]
INFO: [ app_init ] --END-- [ RunTime:0.000000s ]
INFO: [ app_begin ] --START--
INFO: Run Behavior\ReadHtmlCacheBehavior [ RunTime:0.000000s ]
SQL: SHOW COLUMNS FROM `hs_setting` [ RunTime:0.0020s ]
SQL: SELECT `key`,`value` FROM `hs_setting`  [ RunTime:0.0010s ]
NOTIC: [2] unlink(./Application/Runtime/Temp/71df8fced343b2a8ba67c00a47a67b50.php): No such file or directory D:\xampps\htdocs\demo\ThinkPHP\Library\Think\Cache\Driver\File.class.php 第 157 行.
INFO: Run Common\Behavior\SettingBehavior [ RunTime:0.012000s ]
INFO: [ app_begin ] --END-- [ RunTime:0.012000s ]
SQL: SHOW COLUMNS FROM `hs_service` [ RunTime:0.0020s ]
SQL: SELECT * FROM `hs_service`  [ RunTime:0.0010s ]
SQL: SHOW COLUMNS FROM `hs_craftsmanship` [ RunTime:0.0030s ]
SQL: SELECT * FROM `hs_craftsmanship`  [ RunTime:0.0000s ]
INFO: [ view_parse ] --START--
INFO: [ template_filter ] --START--
INFO: Run Behavior\ContentReplaceBehavior [ RunTime:0.000000s ]
INFO: [ template_filter ] --END-- [ RunTime:0.000000s ]
INFO: Run Behavior\ParseTemplateBehavior [ RunTime:0.011001s ]
INFO: [ view_parse ] --END-- [ RunTime:0.011001s ]
INFO: [ view_filter ] --START--
INFO: Run Behavior\WriteHtmlCacheBehavior [ RunTime:0.001000s ]
INFO: [ view_filter ] --END-- [ RunTime:0.001000s ]
INFO: [ app_end ] --START--
INFO: Run Behavior\ShowPageTraceBehavior [ RunTime:0.001000s ]
INFO: [ app_end ] --END-- [ RunTime:0.001000s ]

[ 2015-09-28T21:04:17+08:00 ] 127.0.0.1 /demo/index.php/home/index/Login
INFO: [ app_init ] --START--
INFO: Run Behavior\BuildLiteBehavior [ RunTime:0.000000s ]
INFO: [ app_init ] --END-- [ RunTime:0.000000s ]
INFO: [ app_begin ] --START--
INFO: Run Behavior\ReadHtmlCacheBehavior [ RunTime:0.000000s ]
SQL: SHOW COLUMNS FROM `hs_setting` [ RunTime:0.0020s ]
SQL: SELECT `key`,`value` FROM `hs_setting`  [ RunTime:0.0000s ]
NOTIC: [2] unlink(./Application/Runtime/Temp/71df8fced343b2a8ba67c00a47a67b50.php): No such file or directory D:\xampps\htdocs\demo\ThinkPHP\Library\Think\Cache\Driver\File.class.php 第 157 行.
INFO: Run Common\Behavior\SettingBehavior [ RunTime:0.018001s ]
INFO: [ app_begin ] --END-- [ RunTime:0.018001s ]
SQL: SHOW COLUMNS FROM `hs_service` [ RunTime:0.0020s ]
SQL: SELECT * FROM `hs_service`  [ RunTime:0.0000s ]
SQL: SHOW COLUMNS FROM `hs_craftsmanship` [ RunTime:0.0020s ]
SQL: SELECT * FROM `hs_craftsmanship`  [ RunTime:0.0000s ]
INFO: [ view_parse ] --START--
INFO: [ template_filter ] --START--
INFO: Run Behavior\ContentReplaceBehavior [ RunTime:0.000000s ]
INFO: [ template_filter ] --END-- [ RunTime:0.000000s ]
INFO: Run Behavior\ParseTemplateBehavior [ RunTime:0.005001s ]
INFO: [ view_parse ] --END-- [ RunTime:0.005001s ]
INFO: [ view_filter ] --START--
INFO: Run Behavior\WriteHtmlCacheBehavior [ RunTime:0.000000s ]
INFO: [ view_filter ] --END-- [ RunTime:0.000000s ]
INFO: [ app_end ] --START--
INFO: Run Behavior\ShowPageTraceBehavior [ RunTime:0.001000s ]
INFO: [ app_end ] --END-- [ RunTime:0.001000s ]

[ 2015-09-28T21:04:19+08:00 ] 127.0.0.1 /demo/index.php/home/index/dologin
INFO: [ app_init ] --START--
INFO: Run Behavior\BuildLiteBehavior [ RunTime:0.000000s ]
INFO: [ app_init ] --END-- [ RunTime:0.001001s ]
INFO: [ app_begin ] --START--
INFO: Run Behavior\ReadHtmlCacheBehavior [ RunTime:0.000000s ]
SQL: SHOW COLUMNS FROM `hs_setting` [ RunTime:0.0000s ]
SQL: SELECT `key`,`value` FROM `hs_setting`  [ RunTime:0.0000s ]
NOTIC: [2] unlink(./Application/Runtime/Temp/71df8fced343b2a8ba67c00a47a67b50.php): No such file or directory D:\xampps\htdocs\demo\ThinkPHP\Library\Think\Cache\Driver\File.class.php 第 157 行.
INFO: Run Common\Behavior\SettingBehavior [ RunTime:0.025000s ]
INFO: [ app_begin ] --END-- [ RunTime:0.025000s ]
SQL: SHOW COLUMNS FROM `hs_service` [ RunTime:0.0000s ]
SQL: SELECT * FROM `hs_service`  [ RunTime:0.0000s ]
SQL: SHOW COLUMNS FROM `hs_craftsmanship` [ RunTime:0.0000s ]
SQL: SELECT * FROM `hs_craftsmanship`  [ RunTime:0.0000s ]
SQL: SHOW COLUMNS FROM `hs_member` [ RunTime:0.0100s ]
SQL: SELECT * FROM `hs_member` WHERE `username` = 'helenservice' LIMIT 1   [ RunTime:0.0000s ]
SQL: UPDATE `hs_member` SET `lastlogintime`='1443445459',`lastloginip`='127.0.0.1' WHERE ( memberid ='14' ) [ RunTime:0.0000s ]

[ 2015-09-28T21:04:20+08:00 ] 127.0.0.1 /demo/index.php/home/Member/index
INFO: [ app_init ] --START--
INFO: Run Behavior\BuildLiteBehavior [ RunTime:0.000000s ]
INFO: [ app_init ] --END-- [ RunTime:0.000000s ]
INFO: [ app_begin ] --START--
INFO: Run Behavior\ReadHtmlCacheBehavior [ RunTime:0.001000s ]
SQL: SHOW COLUMNS FROM `hs_setting` [ RunTime:0.0020s ]
SQL: SELECT `key`,`value` FROM `hs_setting`  [ RunTime:0.0000s ]
NOTIC: [2] unlink(./Application/Runtime/Temp/71df8fced343b2a8ba67c00a47a67b50.php): No such file or directory D:\xampps\htdocs\demo\ThinkPHP\Library\Think\Cache\Driver\File.class.php 第 157 行.
INFO: Run Common\Behavior\SettingBehavior [ RunTime:0.018001s ]
INFO: [ app_begin ] --END-- [ RunTime:0.019001s ]
SQL: SHOW COLUMNS FROM `hs_member` [ RunTime:0.0030s ]
SQL: SELECT * FROM `hs_member` WHERE ( memberid=14 ) LIMIT 1   [ RunTime:0.0000s ]
SQL: SHOW COLUMNS FROM `hs_order` [ RunTime:0.0040s ]
SQL: SELECT * FROM `hs_order` WHERE `memberid` = 14 AND `status` < 3  [ RunTime:0.0010s ]
INFO: [ view_parse ] --START--
INFO: [ template_filter ] --START--
INFO: Run Behavior\ContentReplaceBehavior [ RunTime:0.000000s ]
INFO: [ template_filter ] --END-- [ RunTime:0.000000s ]
INFO: Run Behavior\ParseTemplateBehavior [ RunTime:0.006001s ]
INFO: [ view_parse ] --END-- [ RunTime:0.006001s ]
INFO: [ view_filter ] --START--
INFO: Run Behavior\WriteHtmlCacheBehavior [ RunTime:0.000000s ]
INFO: [ view_filter ] --END-- [ RunTime:0.000000s ]
INFO: [ app_end ] --START--
INFO: Run Behavior\ShowPageTraceBehavior [ RunTime:0.001000s ]
INFO: [ app_end ] --END-- [ RunTime:0.001000s ]

[ 2015-09-28T21:04:24+08:00 ] 127.0.0.1 /demo/index.php/home/index/index
INFO: [ app_init ] --START--
INFO: Run Behavior\BuildLiteBehavior [ RunTime:0.000000s ]
INFO: [ app_init ] --END-- [ RunTime:0.000000s ]
INFO: [ app_begin ] --START--
INFO: Run Behavior\ReadHtmlCacheBehavior [ RunTime:0.000000s ]
SQL: SHOW COLUMNS FROM `hs_setting` [ RunTime:0.0020s ]
SQL: SELECT `key`,`value` FROM `hs_setting`  [ RunTime:0.0000s ]
NOTIC: [2] unlink(./Application/Runtime/Temp/71df8fced343b2a8ba67c00a47a67b50.php): No such file or directory D:\xampps\htdocs\demo\ThinkPHP\Library\Think\Cache\Driver\File.class.php 第 157 行.
INFO: Run Common\Behavior\SettingBehavior [ RunTime:0.018001s ]
INFO: [ app_begin ] --END-- [ RunTime:0.019001s ]
SQL: SHOW COLUMNS FROM `hs_member` [ RunTime:0.0010s ]
SQL: SELECT * FROM `hs_member` WHERE ( memberid=14 ) LIMIT 1   [ RunTime:0.0000s ]
SQL: SHOW COLUMNS FROM `hs_service` [ RunTime:0.0010s ]
SQL: SELECT * FROM `hs_service`  [ RunTime:0.0000s ]
SQL: SHOW COLUMNS FROM `hs_craftsmanship` [ RunTime:0.0010s ]
SQL: SELECT * FROM `hs_craftsmanship`  [ RunTime:0.0000s ]
INFO: [ view_parse ] --START--
INFO: [ template_filter ] --START--
INFO: Run Behavior\ContentReplaceBehavior [ RunTime:0.000000s ]
INFO: [ template_filter ] --END-- [ RunTime:0.000000s ]
INFO: Run Behavior\ParseTemplateBehavior [ RunTime:0.009001s ]
INFO: [ view_parse ] --END-- [ RunTime:0.009001s ]
INFO: [ view_filter ] --START--
INFO: Run Behavior\WriteHtmlCacheBehavior [ RunTime:0.000000s ]
INFO: [ view_filter ] --END-- [ RunTime:0.000000s ]
INFO: [ app_end ] --START--
INFO: Run Behavior\ShowPageTraceBehavior [ RunTime:0.000000s ]
INFO: [ app_end ] --END-- [ RunTime:0.000000s ]

[ 2015-09-28T21:04:24+08:00 ] 127.0.0.1 /demo/index.php/home/index/index
INFO: [ app_init ] --START--
INFO: Run Behavior\BuildLiteBehavior [ RunTime:0.000000s ]
INFO: [ app_init ] --END-- [ RunTime:0.000000s ]
INFO: [ app_begin ] --START--
INFO: Run Behavior\ReadHtmlCacheBehavior [ RunTime:0.000000s ]
SQL: SHOW COLUMNS FROM `hs_setting` [ RunTime:0.0020s ]
SQL: SELECT `key`,`value` FROM `hs_setting`  [ RunTime:0.0000s ]
NOTIC: [2] unlink(./Application/Runtime/Temp/71df8fced343b2a8ba67c00a47a67b50.php): No such file or directory D:\xampps\htdocs\demo\ThinkPHP\Library\Think\Cache\Driver\File.class.php 第 157 行.
INFO: Run Common\Behavior\SettingBehavior [ RunTime:0.021001s ]
INFO: [ app_begin ] --END-- [ RunTime:0.021001s ]
SQL: SHOW COLUMNS FROM `hs_member` [ RunTime:0.0020s ]
SQL: SELECT * FROM `hs_member` WHERE ( memberid=14 ) LIMIT 1   [ RunTime:0.0000s ]
SQL: SHOW COLUMNS FROM `hs_service` [ RunTime:0.0010s ]
SQL: SELECT * FROM `hs_service`  [ RunTime:0.0000s ]
SQL: SHOW COLUMNS FROM `hs_craftsmanship` [ RunTime:0.0020s ]
SQL: SELECT * FROM `hs_craftsmanship`  [ RunTime:0.0000s ]
INFO: [ view_parse ] --START--
INFO: [ template_filter ] --START--
INFO: Run Behavior\ContentReplaceBehavior [ RunTime:0.000000s ]
INFO: [ template_filter ] --END-- [ RunTime:0.000000s ]
INFO: Run Behavior\ParseTemplateBehavior [ RunTime:0.009001s ]
INFO: [ view_parse ] --END-- [ RunTime:0.009001s ]
INFO: [ view_filter ] --START--
INFO: Run Behavior\WriteHtmlCacheBehavior [ RunTime:0.000000s ]
INFO: [ view_filter ] --END-- [ RunTime:0.000000s ]
INFO: [ app_end ] --START--
INFO: Run Behavior\ShowPageTraceBehavior [ RunTime:0.000000s ]
INFO: [ app_end ] --END-- [ RunTime:0.000000s ]

[ 2015-09-28T21:05:15+08:00 ] 127.0.0.1 /demo/index.php/home/index/index
INFO: [ app_init ] --START--
INFO: Run Behavior\BuildLiteBehavior [ RunTime:0.000000s ]
INFO: [ app_init ] --END-- [ RunTime:0.000000s ]
INFO: [ app_begin ] --START--
INFO: Run Behavior\ReadHtmlCacheBehavior [ RunTime:0.000000s ]
SQL: SHOW COLUMNS FROM `hs_setting` [ RunTime:0.0020s ]
SQL: SELECT `key`,`value` FROM `hs_setting`  [ RunTime:0.0000s ]
NOTIC: [2] unlink(./Application/Runtime/Temp/71df8fced343b2a8ba67c00a47a67b50.php): No such file or directory D:\xampps\htdocs\demo\ThinkPHP\Library\Think\Cache\Driver\File.class.php 第 157 行.
INFO: Run Common\Behavior\SettingBehavior [ RunTime:0.026001s ]
INFO: [ app_begin ] --END-- [ RunTime:0.026001s ]
SQL: SHOW COLUMNS FROM `hs_member` [ RunTime:0.0020s ]
SQL: SELECT * FROM `hs_member` WHERE ( memberid=14 ) LIMIT 1   [ RunTime:0.0000s ]
SQL: SHOW COLUMNS FROM `hs_service` [ RunTime:0.0020s ]
SQL: SELECT * FROM `hs_service`  [ RunTime:0.0000s ]
SQL: SHOW COLUMNS FROM `hs_craftsmanship` [ RunTime:0.0010s ]
SQL: SELECT * FROM `hs_craftsmanship`  [ RunTime:0.0010s ]
INFO: [ view_parse ] --START--
INFO: [ template_filter ] --START--
INFO: Run Behavior\ContentReplaceBehavior [ RunTime:0.000000s ]
INFO: [ template_filter ] --END-- [ RunTime:0.000000s ]
INFO: Run Behavior\ParseTemplateBehavior [ RunTime:0.010001s ]
INFO: [ view_parse ] --END-- [ RunTime:0.010001s ]
INFO: [ view_filter ] --START--
INFO: Run Behavior\WriteHtmlCacheBehavior [ RunTime:0.000000s ]
INFO: [ view_filter ] --END-- [ RunTime:0.000000s ]
INFO: [ app_end ] --START--
INFO: Run Behavior\ShowPageTraceBehavior [ RunTime:0.001000s ]
INFO: [ app_end ] --END-- [ RunTime:0.001000s ]

[ 2015-09-28T21:05:15+08:00 ] 127.0.0.1 /demo/index.php/home/index/index
INFO: [ app_init ] --START--
INFO: Run Behavior\BuildLiteBehavior [ RunTime:0.000000s ]
INFO: [ app_init ] --END-- [ RunTime:0.000000s ]
INFO: [ app_begin ] --START--
INFO: Run Behavior\ReadHtmlCacheBehavior [ RunTime:0.000000s ]
SQL: SHOW COLUMNS FROM `hs_setting` [ RunTime:0.0020s ]
SQL: SELECT `key`,`value` FROM `hs_setting`  [ RunTime:0.0010s ]
NOTIC: [2] unlink(./Application/Runtime/Temp/71df8fced343b2a8ba67c00a47a67b50.php): No such file or directory D:\xampps\htdocs\demo\ThinkPHP\Library\Think\Cache\Driver\File.class.php 第 157 行.
INFO: Run Common\Behavior\SettingBehavior [ RunTime:0.022002s ]
INFO: [ app_begin ] --END-- [ RunTime:0.022002s ]
SQL: SHOW COLUMNS FROM `hs_member` [ RunTime:0.0030s ]
SQL: SELECT * FROM `hs_member` WHERE ( memberid=14 ) LIMIT 1   [ RunTime:0.0010s ]
SQL: SHOW COLUMNS FROM `hs_service` [ RunTime:0.0020s ]
SQL: SELECT * FROM `hs_service`  [ RunTime:0.0010s ]
SQL: SHOW COLUMNS FROM `hs_craftsmanship` [ RunTime:0.0020s ]
SQL: SELECT * FROM `hs_craftsmanship`  [ RunTime:0.0010s ]
INFO: [ view_parse ] --START--
INFO: [ template_filter ] --START--
INFO: Run Behavior\ContentReplaceBehavior [ RunTime:0.000000s ]
INFO: [ template_filter ] --END-- [ RunTime:0.001000s ]
INFO: Run Behavior\ParseTemplateBehavior [ RunTime:0.011001s ]
INFO: [ view_parse ] --END-- [ RunTime:0.011001s ]
INFO: [ view_filter ] --START--
INFO: Run Behavior\WriteHtmlCacheBehavior [ RunTime:0.000000s ]
INFO: [ view_filter ] --END-- [ RunTime:0.000000s ]
INFO: [ app_end ] --START--
INFO: Run Behavior\ShowPageTraceBehavior [ RunTime:0.001000s ]
INFO: [ app_end ] --END-- [ RunTime:0.001000s ]

[ 2015-09-28T21:09:12+08:00 ] 127.0.0.1 /demo/index.php/home/index/index
INFO: [ app_init ] --START--
INFO: Run Behavior\BuildLiteBehavior [ RunTime:0.000000s ]
INFO: [ app_init ] --END-- [ RunTime:0.000000s ]
INFO: [ app_begin ] --START--
INFO: Run Behavior\ReadHtmlCacheBehavior [ RunTime:0.000000s ]
SQL: SHOW COLUMNS FROM `hs_setting` [ RunTime:0.0020s ]
SQL: SELECT `key`,`value` FROM `hs_setting`  [ RunTime:0.0010s ]
NOTIC: [2] unlink(./Application/Runtime/Temp/71df8fced343b2a8ba67c00a47a67b50.php): No such file or directory D:\xampps\htdocs\demo\ThinkPHP\Library\Think\Cache\Driver\File.class.php 第 157 行.
INFO: Run Common\Behavior\SettingBehavior [ RunTime:0.020001s ]
INFO: [ app_begin ] --END-- [ RunTime:0.020001s ]
SQL: SHOW COLUMNS FROM `hs_member` [ RunTime:0.0020s ]
SQL: SELECT * FROM `hs_member` WHERE ( memberid=14 ) LIMIT 1   [ RunTime:0.0000s ]
SQL: SHOW COLUMNS FROM `hs_service` [ RunTime:0.0020s ]
SQL: SELECT * FROM `hs_service`  [ RunTime:0.0000s ]
SQL: SHOW COLUMNS FROM `hs_craftsmanship` [ RunTime:0.0010s ]
SQL: SELECT * FROM `hs_craftsmanship`  [ RunTime:0.0000s ]
INFO: [ view_parse ] --START--
INFO: [ template_filter ] --START--
INFO: Run Behavior\ContentReplaceBehavior [ RunTime:0.001000s ]
INFO: [ template_filter ] --END-- [ RunTime:0.001000s ]
INFO: Run Behavior\ParseTemplateBehavior [ RunTime:0.009000s ]
INFO: [ view_parse ] --END-- [ RunTime:0.009000s ]
INFO: [ view_filter ] --START--
INFO: Run Behavior\WriteHtmlCacheBehavior [ RunTime:0.000000s ]
INFO: [ view_filter ] --END-- [ RunTime:0.000000s ]
INFO: [ app_end ] --START--
INFO: Run Behavior\ShowPageTraceBehavior [ RunTime:0.001000s ]
INFO: [ app_end ] --END-- [ RunTime:0.001000s ]

[ 2015-09-28T21:09:12+08:00 ] 127.0.0.1 /demo/index.php/home/index/index
INFO: [ app_init ] --START--
INFO: Run Behavior\BuildLiteBehavior [ RunTime:0.000000s ]
INFO: [ app_init ] --END-- [ RunTime:0.000000s ]
INFO: [ app_begin ] --START--
INFO: Run Behavior\ReadHtmlCacheBehavior [ RunTime:0.000000s ]
SQL: SHOW COLUMNS FROM `hs_setting` [ RunTime:0.0020s ]
SQL: SELECT `key`,`value` FROM `hs_setting`  [ RunTime:0.0010s ]
NOTIC: [2] unlink(./Application/Runtime/Temp/71df8fced343b2a8ba67c00a47a67b50.php): No such file or directory D:\xampps\htdocs\demo\ThinkPHP\Library\Think\Cache\Driver\File.class.php 第 157 行.
INFO: Run Common\Behavior\SettingBehavior [ RunTime:0.022001s ]
INFO: [ app_begin ] --END-- [ RunTime:0.022001s ]
SQL: SHOW COLUMNS FROM `hs_member` [ RunTime:0.0030s ]
SQL: SELECT * FROM `hs_member` WHERE ( memberid=14 ) LIMIT 1   [ RunTime:0.0010s ]
SQL: SHOW COLUMNS FROM `hs_service` [ RunTime:0.0020s ]
SQL: SELECT * FROM `hs_service`  [ RunTime:0.0010s ]
SQL: SHOW COLUMNS FROM `hs_craftsmanship` [ RunTime:0.0020s ]
SQL: SELECT * FROM `hs_craftsmanship`  [ RunTime:0.0010s ]
INFO: [ view_parse ] --START--
INFO: [ template_filter ] --START--
INFO: Run Behavior\ContentReplaceBehavior [ RunTime:0.000000s ]
INFO: [ template_filter ] --END-- [ RunTime:0.001000s ]
INFO: Run Behavior\ParseTemplateBehavior [ RunTime:0.010001s ]
INFO: [ view_parse ] --END-- [ RunTime:0.010001s ]
INFO: [ view_filter ] --START--
INFO: Run Behavior\WriteHtmlCacheBehavior [ RunTime:0.000000s ]
INFO: [ view_filter ] --END-- [ RunTime:0.000000s ]
INFO: [ app_end ] --START--
INFO: Run Behavior\ShowPageTraceBehavior [ RunTime:0.000000s ]
INFO: [ app_end ] --END-- [ RunTime:0.000000s ]

[ 2015-09-28T21:09:33+08:00 ] 127.0.0.1 /demo/index.php/home/index/index
INFO: [ app_init ] --START--
INFO: Run Behavior\BuildLiteBehavior [ RunTime:0.000000s ]
INFO: [ app_init ] --END-- [ RunTime:0.000000s ]
INFO: [ app_begin ] --START--
INFO: Run Behavior\ReadHtmlCacheBehavior [ RunTime:0.000000s ]
SQL: SHOW COLUMNS FROM `hs_setting` [ RunTime:0.0020s ]
SQL: SELECT `key`,`value` FROM `hs_setting`  [ RunTime:0.0000s ]
NOTIC: [2] unlink(./Application/Runtime/Temp/71df8fced343b2a8ba67c00a47a67b50.php): No such file or directory D:\xampps\htdocs\demo\ThinkPHP\Library\Think\Cache\Driver\File.class.php 第 157 行.
INFO: Run Common\Behavior\SettingBehavior [ RunTime:0.019001s ]
INFO: [ app_begin ] --END-- [ RunTime:0.019001s ]
SQL: SHOW COLUMNS FROM `hs_member` [ RunTime:0.0020s ]
SQL: SELECT * FROM `hs_member` WHERE ( memberid=14 ) LIMIT 1   [ RunTime:0.0010s ]
SQL: SHOW COLUMNS FROM `hs_service` [ RunTime:0.0010s ]
SQL: SELECT * FROM `hs_service`  [ RunTime:0.0000s ]
SQL: SHOW COLUMNS FROM `hs_craftsmanship` [ RunTime:0.0020s ]
SQL: SELECT * FROM `hs_craftsmanship`  [ RunTime:0.0000s ]
INFO: [ view_parse ] --START--
INFO: [ template_filter ] --START--
INFO: Run Behavior\ContentReplaceBehavior [ RunTime:0.000000s ]
INFO: [ template_filter ] --END-- [ RunTime:0.000000s ]
INFO: Run Behavior\ParseTemplateBehavior [ RunTime:0.011001s ]
INFO: [ view_parse ] --END-- [ RunTime:0.011001s ]
INFO: [ view_filter ] --START--
INFO: Run Behavior\WriteHtmlCacheBehavior [ RunTime:0.000000s ]
INFO: [ view_filter ] --END-- [ RunTime:0.000000s ]
INFO: [ app_end ] --START--
INFO: Run Behavior\ShowPageTraceBehavior [ RunTime:0.000000s ]
INFO: [ app_end ] --END-- [ RunTime:0.001000s ]

[ 2015-09-28T21:09:34+08:00 ] 127.0.0.1 /demo/index.php/home/index/index
INFO: [ app_init ] --START--
INFO: Run Behavior\BuildLiteBehavior [ RunTime:0.000000s ]
INFO: [ app_init ] --END-- [ RunTime:0.000000s ]
INFO: [ app_begin ] --START--
INFO: Run Behavior\ReadHtmlCacheBehavior [ RunTime:0.000000s ]
SQL: SHOW COLUMNS FROM `hs_setting` [ RunTime:0.0030s ]
SQL: SELECT `key`,`value` FROM `hs_setting`  [ RunTime:0.0010s ]
NOTIC: [2] unlink(./Application/Runtime/Temp/71df8fced343b2a8ba67c00a47a67b50.php): No such file or directory D:\xampps\htdocs\demo\ThinkPHP\Library\Think\Cache\Driver\File.class.php 第 157 行.
INFO: Run Common\Behavior\SettingBehavior [ RunTime:0.012001s ]
INFO: [ app_begin ] --END-- [ RunTime:0.012001s ]
SQL: SHOW COLUMNS FROM `hs_member` [ RunTime:0.0020s ]
SQL: SELECT * FROM `hs_member` WHERE ( memberid=14 ) LIMIT 1   [ RunTime:0.0000s ]
SQL: SHOW COLUMNS FROM `hs_service` [ RunTime:0.0020s ]
SQL: SELECT * FROM `hs_service`  [ RunTime:0.0010s ]
SQL: SHOW COLUMNS FROM `hs_craftsmanship` [ RunTime:0.0010s ]
SQL: SELECT * FROM `hs_craftsmanship`  [ RunTime:0.0010s ]
INFO: [ view_parse ] --START--
INFO: [ template_filter ] --START--
INFO: Run Behavior\ContentReplaceBehavior [ RunTime:0.000000s ]
INFO: [ template_filter ] --END-- [ RunTime:0.000000s ]
INFO: Run Behavior\ParseTemplateBehavior [ RunTime:0.011001s ]
INFO: [ view_parse ] --END-- [ RunTime:0.011001s ]
INFO: [ view_filter ] --START--
INFO: Run Behavior\WriteHtmlCacheBehavior [ RunTime:0.000000s ]
INFO: [ view_filter ] --END-- [ RunTime:0.000000s ]
INFO: [ app_end ] --START--
INFO: Run Behavior\ShowPageTraceBehavior [ RunTime:0.002000s ]
INFO: [ app_end ] --END-- [ RunTime:0.002000s ]

[ 2015-09-28T21:10:05+08:00 ] 127.0.0.1 /demo/index.php/home/index/index
INFO: [ app_init ] --START--
INFO: Run Behavior\BuildLiteBehavior [ RunTime:0.000000s ]
INFO: [ app_init ] --END-- [ RunTime:0.001000s ]
INFO: [ app_begin ] --START--
INFO: Run Behavior\ReadHtmlCacheBehavior [ RunTime:0.001000s ]
SQL: SHOW COLUMNS FROM `hs_setting` [ RunTime:0.0010s ]
SQL: SELECT `key`,`value` FROM `hs_setting`  [ RunTime:0.0010s ]
NOTIC: [2] unlink(./Application/Runtime/Temp/71df8fced343b2a8ba67c00a47a67b50.php): No such file or directory D:\xampps\htdocs\demo\ThinkPHP\Library\Think\Cache\Driver\File.class.php 第 157 行.
INFO: Run Common\Behavior\SettingBehavior [ RunTime:0.019002s ]
INFO: [ app_begin ] --END-- [ RunTime:0.020002s ]
SQL: SHOW COLUMNS FROM `hs_member` [ RunTime:0.0030s ]
SQL: SELECT * FROM `hs_member` WHERE ( memberid=14 ) LIMIT 1   [ RunTime:0.0000s ]
SQL: SHOW COLUMNS FROM `hs_service` [ RunTime:0.0020s ]
SQL: SELECT * FROM `hs_service`  [ RunTime:0.0000s ]
SQL: SHOW COLUMNS FROM `hs_craftsmanship` [ RunTime:0.0020s ]
SQL: SELECT * FROM `hs_craftsmanship`  [ RunTime:0.0000s ]
INFO: [ view_parse ] --START--
INFO: [ template_filter ] --START--
INFO: Run Behavior\ContentReplaceBehavior [ RunTime:0.000000s ]
INFO: [ template_filter ] --END-- [ RunTime:0.000000s ]
INFO: Run Behavior\ParseTemplateBehavior [ RunTime:0.009001s ]
INFO: [ view_parse ] --END-- [ RunTime:0.009001s ]
INFO: [ view_filter ] --START--
INFO: Run Behavior\WriteHtmlCacheBehavior [ RunTime:0.001000s ]
INFO: [ view_filter ] --END-- [ RunTime:0.001000s ]
INFO: [ app_end ] --START--
INFO: Run Behavior\ShowPageTraceBehavior [ RunTime:0.001000s ]
INFO: [ app_end ] --END-- [ RunTime:0.001000s ]

[ 2015-09-28T21:10:05+08:00 ] 127.0.0.1 /demo/index.php/home/index/index
INFO: [ app_init ] --START--
INFO: Run Behavior\BuildLiteBehavior [ RunTime:0.000000s ]
INFO: [ app_init ] --END-- [ RunTime:0.001000s ]
INFO: [ app_begin ] --START--
INFO: Run Behavior\ReadHtmlCacheBehavior [ RunTime:0.001000s ]
SQL: SHOW COLUMNS FROM `hs_setting` [ RunTime:0.0020s ]
SQL: SELECT `key`,`value` FROM `hs_setting`  [ RunTime:0.0000s ]
NOTIC: [2] unlink(./Application/Runtime/Temp/71df8fced343b2a8ba67c00a47a67b50.php): No such file or directory D:\xampps\htdocs\demo\ThinkPHP\Library\Think\Cache\Driver\File.class.php 第 157 行.
INFO: Run Common\Behavior\SettingBehavior [ RunTime:0.012000s ]
INFO: [ app_begin ] --END-- [ RunTime:0.013000s ]
SQL: SHOW COLUMNS FROM `hs_member` [ RunTime:0.0030s ]
SQL: SELECT * FROM `hs_member` WHERE ( memberid=14 ) LIMIT 1   [ RunTime:0.0000s ]
SQL: SHOW COLUMNS FROM `hs_service` [ RunTime:0.0020s ]
SQL: SELECT * FROM `hs_service`  [ RunTime:0.0000s ]
SQL: SHOW COLUMNS FROM `hs_craftsmanship` [ RunTime:0.0010s ]
SQL: SELECT * FROM `hs_craftsmanship`  [ RunTime:0.0000s ]
INFO: [ view_parse ] --START--
INFO: [ template_filter ] --START--
INFO: Run Behavior\ContentReplaceBehavior [ RunTime:0.000000s ]
INFO: [ template_filter ] --END-- [ RunTime:0.000000s ]
INFO: Run Behavior\ParseTemplateBehavior [ RunTime:0.009001s ]
INFO: [ view_parse ] --END-- [ RunTime:0.009001s ]
INFO: [ view_filter ] --START--
INFO: Run Behavior\WriteHtmlCacheBehavior [ RunTime:0.000000s ]
INFO: [ view_filter ] --END-- [ RunTime:0.000000s ]
INFO: [ app_end ] --START--
INFO: Run Behavior\ShowPageTraceBehavior [ RunTime:0.001000s ]
INFO: [ app_end ] --END-- [ RunTime:0.001000s ]

[ 2015-09-28T21:13:05+08:00 ] 127.0.0.1 /demo/index.php/home/member/logout
INFO: [ app_init ] --START--
INFO: Run Behavior\BuildLiteBehavior [ RunTime:0.000000s ]
INFO: [ app_init ] --END-- [ RunTime:0.000000s ]
INFO: [ app_begin ] --START--
INFO: Run Behavior\ReadHtmlCacheBehavior [ RunTime:0.001000s ]
SQL: SHOW COLUMNS FROM `hs_setting` [ RunTime:0.0020s ]
SQL: SELECT `key`,`value` FROM `hs_setting`  [ RunTime:0.0000s ]
NOTIC: [2] unlink(./Application/Runtime/Temp/71df8fced343b2a8ba67c00a47a67b50.php): No such file or directory D:\xampps\htdocs\demo\ThinkPHP\Library\Think\Cache\Driver\File.class.php 第 157 行.
INFO: Run Common\Behavior\SettingBehavior [ RunTime:0.018001s ]
INFO: [ app_begin ] --END-- [ RunTime:0.019001s ]
SQL: SHOW COLUMNS FROM `hs_member` [ RunTime:0.0010s ]
SQL: SELECT * FROM `hs_member` WHERE ( memberid=14 ) LIMIT 1   [ RunTime:0.0000s ]
SQL: SHOW COLUMNS FROM `hs_test` [ RunTime:0.0040s ]
SQL: DELETE FROM `hs_test` WHERE `ip` = '127.0.0.1' [ RunTime:0.0010s ]

[ 2015-09-28T21:13:05+08:00 ] 127.0.0.1 /demo/index.php/Index/index
INFO: [ app_init ] --START--
INFO: Run Behavior\BuildLiteBehavior [ RunTime:0.000000s ]
INFO: [ app_init ] --END-- [ RunTime:0.000000s ]
INFO: [ app_begin ] --START--
INFO: Run Behavior\ReadHtmlCacheBehavior [ RunTime:0.000000s ]
SQL: SHOW COLUMNS FROM `hs_setting` [ RunTime:0.0020s ]
SQL: SELECT `key`,`value` FROM `hs_setting`  [ RunTime:0.0000s ]
NOTIC: [2] unlink(./Application/Runtime/Temp/71df8fced343b2a8ba67c00a47a67b50.php): No such file or directory D:\xampps\htdocs\demo\ThinkPHP\Library\Think\Cache\Driver\File.class.php 第 157 行.
INFO: Run Common\Behavior\SettingBehavior [ RunTime:0.009001s ]
INFO: [ app_begin ] --END-- [ RunTime:0.009001s ]
SQL: SHOW COLUMNS FROM `hs_service` [ RunTime:0.0020s ]
SQL: SELECT * FROM `hs_service`  [ RunTime:0.0010s ]
SQL: SHOW COLUMNS FROM `hs_craftsmanship` [ RunTime:0.0020s ]
SQL: SELECT * FROM `hs_craftsmanship`  [ RunTime:0.0000s ]
INFO: [ view_parse ] --START--
INFO: [ template_filter ] --START--
INFO: Run Behavior\ContentReplaceBehavior [ RunTime:0.000000s ]
INFO: [ template_filter ] --END-- [ RunTime:0.000000s ]
INFO: Run Behavior\ParseTemplateBehavior [ RunTime:0.009001s ]
INFO: [ view_parse ] --END-- [ RunTime:0.009001s ]
INFO: [ view_filter ] --START--
INFO: Run Behavior\WriteHtmlCacheBehavior [ RunTime:0.000000s ]
INFO: [ view_filter ] --END-- [ RunTime:0.000000s ]
INFO: [ app_end ] --START--
INFO: Run Behavior\ShowPageTraceBehavior [ RunTime:0.000000s ]
INFO: [ app_end ] --END-- [ RunTime:0.000000s ]

[ 2015-09-28T21:13:05+08:00 ] 127.0.0.1 /demo/index.php/Index/index
INFO: [ app_init ] --START--
INFO: Run Behavior\BuildLiteBehavior [ RunTime:0.000000s ]
INFO: [ app_init ] --END-- [ RunTime:0.001000s ]
INFO: [ app_begin ] --START--
INFO: Run Behavior\ReadHtmlCacheBehavior [ RunTime:0.001000s ]
SQL: SHOW COLUMNS FROM `hs_setting` [ RunTime:0.0030s ]
SQL: SELECT `key`,`value` FROM `hs_setting`  [ RunTime:0.0000s ]
NOTIC: [2] unlink(./Application/Runtime/Temp/71df8fced343b2a8ba67c00a47a67b50.php): No such file or directory D:\xampps\htdocs\demo\ThinkPHP\Library\Think\Cache\Driver\File.class.php 第 157 行.
INFO: Run Common\Behavior\SettingBehavior [ RunTime:0.021001s ]
INFO: [ app_begin ] --END-- [ RunTime:0.022001s ]
SQL: SHOW COLUMNS FROM `hs_service` [ RunTime:0.0020s ]
SQL: SELECT * FROM `hs_service`  [ RunTime:0.0010s ]
SQL: SHOW COLUMNS FROM `hs_craftsmanship` [ RunTime:0.0010s ]
SQL: SELECT * FROM `hs_craftsmanship`  [ RunTime:0.0000s ]
INFO: [ view_parse ] --START--
INFO: [ template_filter ] --START--
INFO: Run Behavior\ContentReplaceBehavior [ RunTime:0.000000s ]
INFO: [ template_filter ] --END-- [ RunTime:0.000000s ]
INFO: Run Behavior\ParseTemplateBehavior [ RunTime:0.009001s ]
INFO: [ view_parse ] --END-- [ RunTime:0.009001s ]
INFO: [ view_filter ] --START--
INFO: Run Behavior\WriteHtmlCacheBehavior [ RunTime:0.001000s ]
INFO: [ view_filter ] --END-- [ RunTime:0.001000s ]
INFO: [ app_end ] --START--
INFO: Run Behavior\ShowPageTraceBehavior [ RunTime:0.001000s ]
INFO: [ app_end ] --END-- [ RunTime:0.001000s ]

[ 2015-09-28T21:13:08+08:00 ] 127.0.0.1 /demo/index.php/home/index/Login
INFO: [ app_init ] --START--
INFO: Run Behavior\BuildLiteBehavior [ RunTime:0.000000s ]
INFO: [ app_init ] --END-- [ RunTime:0.000000s ]
INFO: [ app_begin ] --START--
INFO: Run Behavior\ReadHtmlCacheBehavior [ RunTime:0.000000s ]
SQL: SHOW COLUMNS FROM `hs_setting` [ RunTime:0.0020s ]
SQL: SELECT `key`,`value` FROM `hs_setting`  [ RunTime:0.0000s ]
NOTIC: [2] unlink(./Application/Runtime/Temp/71df8fced343b2a8ba67c00a47a67b50.php): No such file or directory D:\xampps\htdocs\demo\ThinkPHP\Library\Think\Cache\Driver\File.class.php 第 157 行.
INFO: Run Common\Behavior\SettingBehavior [ RunTime:0.019001s ]
INFO: [ app_begin ] --END-- [ RunTime:0.019001s ]
SQL: SHOW COLUMNS FROM `hs_service` [ RunTime:0.0010s ]
SQL: SELECT * FROM `hs_service`  [ RunTime:0.0010s ]
SQL: SHOW COLUMNS FROM `hs_craftsmanship` [ RunTime:0.0010s ]
SQL: SELECT * FROM `hs_craftsmanship`  [ RunTime:0.0000s ]
INFO: [ view_parse ] --START--
INFO: [ template_filter ] --START--
INFO: Run Behavior\ContentReplaceBehavior [ RunTime:0.000000s ]
INFO: [ template_filter ] --END-- [ RunTime:0.000000s ]
INFO: Run Behavior\ParseTemplateBehavior [ RunTime:0.004000s ]
INFO: [ view_parse ] --END-- [ RunTime:0.004000s ]
INFO: [ view_filter ] --START--
INFO: Run Behavior\WriteHtmlCacheBehavior [ RunTime:0.000000s ]
INFO: [ view_filter ] --END-- [ RunTime:0.000000s ]
INFO: [ app_end ] --START--
INFO: Run Behavior\ShowPageTraceBehavior [ RunTime:0.001000s ]
INFO: [ app_end ] --END-- [ RunTime:0.001000s ]

[ 2015-09-28T21:13:09+08:00 ] 127.0.0.1 /demo/index.php/home/index/dologin
INFO: [ app_init ] --START--
INFO: Run Behavior\BuildLiteBehavior [ RunTime:0.000000s ]
INFO: [ app_init ] --END-- [ RunTime:0.000000s ]
INFO: [ app_begin ] --START--
INFO: Run Behavior\ReadHtmlCacheBehavior [ RunTime:0.000000s ]
SQL: SHOW COLUMNS FROM `hs_setting` [ RunTime:0.0020s ]
SQL: SELECT `key`,`value` FROM `hs_setting`  [ RunTime:0.0000s ]
NOTIC: [2] unlink(./Application/Runtime/Temp/71df8fced343b2a8ba67c00a47a67b50.php): No such file or directory D:\xampps\htdocs\demo\ThinkPHP\Library\Think\Cache\Driver\File.class.php 第 157 行.
INFO: Run Common\Behavior\SettingBehavior [ RunTime:0.009001s ]
INFO: [ app_begin ] --END-- [ RunTime:0.019001s ]
SQL: SHOW COLUMNS FROM `hs_service` [ RunTime:0.0020s ]
SQL: SELECT * FROM `hs_service`  [ RunTime:0.0000s ]
SQL: SHOW COLUMNS FROM `hs_craftsmanship` [ RunTime:0.0020s ]
SQL: SELECT * FROM `hs_craftsmanship`  [ RunTime:0.0000s ]
SQL: SHOW COLUMNS FROM `hs_member` [ RunTime:0.0000s ]
SQL: SELECT * FROM `hs_member` WHERE `username` = 'helenservice' LIMIT 1   [ RunTime:0.0000s ]
SQL: UPDATE `hs_member` SET `lastlogintime`='1443445989',`lastloginip`='127.0.0.1' WHERE ( memberid ='14' ) [ RunTime:0.0000s ]

[ 2015-09-28T21:13:11+08:00 ] 127.0.0.1 /demo/index.php/home/Member/index
INFO: [ app_init ] --START--
INFO: Run Behavior\BuildLiteBehavior [ RunTime:0.000000s ]
INFO: [ app_init ] --END-- [ RunTime:0.000000s ]
INFO: [ app_begin ] --START--
INFO: Run Behavior\ReadHtmlCacheBehavior [ RunTime:0.000000s ]
SQL: SHOW COLUMNS FROM `hs_setting` [ RunTime:0.0010s ]
SQL: SELECT `key`,`value` FROM `hs_setting`  [ RunTime:0.0000s ]
NOTIC: [2] unlink(./Application/Runtime/Temp/71df8fced343b2a8ba67c00a47a67b50.php): No such file or directory D:\xampps\htdocs\demo\ThinkPHP\Library\Think\Cache\Driver\File.class.php 第 157 行.
INFO: Run Common\Behavior\SettingBehavior [ RunTime:0.015001s ]
INFO: [ app_begin ] --END-- [ RunTime:0.015001s ]
SQL: SHOW COLUMNS FROM `hs_member` [ RunTime:0.0020s ]
SQL: SELECT * FROM `hs_member` WHERE ( memberid=14 ) LIMIT 1   [ RunTime:0.0000s ]
SQL: SHOW COLUMNS FROM `hs_order` [ RunTime:0.0020s ]
SQL: SELECT * FROM `hs_order` WHERE `memberid` = 14 AND `status` < 3  [ RunTime:0.0000s ]
INFO: [ view_parse ] --START--
INFO: [ template_filter ] --START--
INFO: Run Behavior\ContentReplaceBehavior [ RunTime:0.000000s ]
INFO: [ template_filter ] --END-- [ RunTime:0.000000s ]
INFO: Run Behavior\ParseTemplateBehavior [ RunTime:0.006000s ]
INFO: [ view_parse ] --END-- [ RunTime:0.006000s ]
INFO: [ view_filter ] --START--
INFO: Run Behavior\WriteHtmlCacheBehavior [ RunTime:0.000000s ]
INFO: [ view_filter ] --END-- [ RunTime:0.000000s ]
INFO: [ app_end ] --START--
INFO: Run Behavior\ShowPageTraceBehavior [ RunTime:0.000000s ]
INFO: [ app_end ] --END-- [ RunTime:0.000000s ]

[ 2015-09-28T21:13:14+08:00 ] 127.0.0.1 /demo/index.php/home/index/index
INFO: [ app_init ] --START--
INFO: Run Behavior\BuildLiteBehavior [ RunTime:0.000000s ]
INFO: [ app_init ] --END-- [ RunTime:0.000000s ]
INFO: [ app_begin ] --START--
INFO: Run Behavior\ReadHtmlCacheBehavior [ RunTime:0.001000s ]
SQL: SHOW COLUMNS FROM `hs_setting` [ RunTime:0.0020s ]
SQL: SELECT `key`,`value` FROM `hs_setting`  [ RunTime:0.0010s ]
NOTIC: [2] unlink(./Application/Runtime/Temp/71df8fced343b2a8ba67c00a47a67b50.php): No such file or directory D:\xampps\htdocs\demo\ThinkPHP\Library\Think\Cache\Driver\File.class.php 第 157 行.
INFO: Run Common\Behavior\SettingBehavior [ RunTime:0.019002s ]
INFO: [ app_begin ] --END-- [ RunTime:0.020002s ]
SQL: SHOW COLUMNS FROM `hs_member` [ RunTime:0.0020s ]
SQL: SELECT * FROM `hs_member` WHERE ( memberid=14 ) LIMIT 1   [ RunTime:0.0000s ]
SQL: SHOW COLUMNS FROM `hs_service` [ RunTime:0.0010s ]
SQL: SELECT * FROM `hs_service`  [ RunTime:0.0000s ]
SQL: SHOW COLUMNS FROM `hs_craftsmanship` [ RunTime:0.0010s ]
SQL: SELECT * FROM `hs_craftsmanship`  [ RunTime:0.0000s ]
INFO: [ view_parse ] --START--
INFO: [ template_filter ] --START--
INFO: Run Behavior\ContentReplaceBehavior [ RunTime:0.000000s ]
INFO: [ template_filter ] --END-- [ RunTime:0.000000s ]
INFO: Run Behavior\ParseTemplateBehavior [ RunTime:0.009001s ]
INFO: [ view_parse ] --END-- [ RunTime:0.009001s ]
INFO: [ view_filter ] --START--
INFO: Run Behavior\WriteHtmlCacheBehavior [ RunTime:0.001000s ]
INFO: [ view_filter ] --END-- [ RunTime:0.001000s ]
INFO: [ app_end ] --START--
INFO: Run Behavior\ShowPageTraceBehavior [ RunTime:0.001000s ]
INFO: [ app_end ] --END-- [ RunTime:0.001000s ]

[ 2015-09-28T21:13:14+08:00 ] 127.0.0.1 /demo/index.php/home/index/index
INFO: [ app_init ] --START--
INFO: Run Behavior\BuildLiteBehavior [ RunTime:0.000000s ]
INFO: [ app_init ] --END-- [ RunTime:0.001000s ]
INFO: [ app_begin ] --START--
INFO: Run Behavior\ReadHtmlCacheBehavior [ RunTime:0.001000s ]
SQL: SHOW COLUMNS FROM `hs_setting` [ RunTime:0.0020s ]
SQL: SELECT `key`,`value` FROM `hs_setting`  [ RunTime:0.0000s ]
NOTIC: [2] unlink(./Application/Runtime/Temp/71df8fced343b2a8ba67c00a47a67b50.php): No such file or directory D:\xampps\htdocs\demo\ThinkPHP\Library\Think\Cache\Driver\File.class.php 第 157 行.
INFO: Run Common\Behavior\SettingBehavior [ RunTime:0.011001s ]
INFO: [ app_begin ] --END-- [ RunTime:0.012001s ]
SQL: SHOW COLUMNS FROM `hs_member` [ RunTime:0.0010s ]
SQL: SELECT * FROM `hs_member` WHERE ( memberid=14 ) LIMIT 1   [ RunTime:0.0000s ]
SQL: SHOW COLUMNS FROM `hs_service` [ RunTime:0.0010s ]
SQL: SELECT * FROM `hs_service`  [ RunTime:0.0010s ]
SQL: SHOW COLUMNS FROM `hs_craftsmanship` [ RunTime:0.0020s ]
SQL: SELECT * FROM `hs_craftsmanship`  [ RunTime:0.0000s ]
INFO: [ view_parse ] --START--
INFO: [ template_filter ] --START--
INFO: Run Behavior\ContentReplaceBehavior [ RunTime:0.000000s ]
INFO: [ template_filter ] --END-- [ RunTime:0.000000s ]
INFO: Run Behavior\ParseTemplateBehavior [ RunTime:0.009000s ]
INFO: [ view_parse ] --END-- [ RunTime:0.010001s ]
INFO: [ view_filter ] --START--
INFO: Run Behavior\WriteHtmlCacheBehavior [ RunTime:0.000000s ]
INFO: [ view_filter ] --END-- [ RunTime:0.000000s ]
INFO: [ app_end ] --START--
INFO: Run Behavior\ShowPageTraceBehavior [ RunTime:0.000000s ]
INFO: [ app_end ] --END-- [ RunTime:0.000000s ]

[ 2015-09-28T21:16:08+08:00 ] 127.0.0.1 /demo/index.php/home/index/index
INFO: [ app_init ] --START--
INFO: Run Behavior\BuildLiteBehavior [ RunTime:0.000000s ]
INFO: [ app_init ] --END-- [ RunTime:0.001000s ]
INFO: [ app_begin ] --START--
INFO: Run Behavior\ReadHtmlCacheBehavior [ RunTime:0.000000s ]
SQL: SHOW COLUMNS FROM `hs_setting` [ RunTime:0.0020s ]
SQL: SELECT `key`,`value` FROM `hs_setting`  [ RunTime:0.0000s ]
NOTIC: [2] unlink(./Application/Runtime/Temp/71df8fced343b2a8ba67c00a47a67b50.php): No such file or directory D:\xampps\htdocs\demo\ThinkPHP\Library\Think\Cache\Driver\File.class.php 第 157 行.
INFO: Run Common\Behavior\SettingBehavior [ RunTime:0.009000s ]
INFO: [ app_begin ] --END-- [ RunTime:0.010000s ]
SQL: SHOW COLUMNS FROM `hs_member` [ RunTime:0.0010s ]
SQL: SELECT * FROM `hs_member` WHERE ( memberid=14 ) LIMIT 1   [ RunTime:0.0010s ]
SQL: SHOW COLUMNS FROM `hs_service` [ RunTime:0.0020s ]
SQL: SELECT * FROM `hs_service`  [ RunTime:0.0000s ]
SQL: SHOW COLUMNS FROM `hs_craftsmanship` [ RunTime:0.0020s ]
SQL: SELECT * FROM `hs_craftsmanship`  [ RunTime:0.0000s ]
INFO: [ view_parse ] --START--
INFO: [ template_filter ] --START--
INFO: Run Behavior\ContentReplaceBehavior [ RunTime:0.000000s ]
INFO: [ template_filter ] --END-- [ RunTime:0.000000s ]
INFO: Run Behavior\ParseTemplateBehavior [ RunTime:0.009000s ]
INFO: [ view_parse ] --END-- [ RunTime:0.009000s ]
INFO: [ view_filter ] --START--
INFO: Run Behavior\WriteHtmlCacheBehavior [ RunTime:0.001000s ]
INFO: [ view_filter ] --END-- [ RunTime:0.001000s ]
INFO: [ app_end ] --START--
INFO: Run Behavior\ShowPageTraceBehavior [ RunTime:0.001000s ]
INFO: [ app_end ] --END-- [ RunTime:0.001000s ]

[ 2015-09-28T21:16:08+08:00 ] 127.0.0.1 /demo/index.php/home/index/index
INFO: [ app_init ] --START--
INFO: Run Behavior\BuildLiteBehavior [ RunTime:0.000000s ]
INFO: [ app_init ] --END-- [ RunTime:0.000000s ]
INFO: [ app_begin ] --START--
INFO: Run Behavior\ReadHtmlCacheBehavior [ RunTime:0.000000s ]
SQL: SHOW COLUMNS FROM `hs_setting` [ RunTime:0.0010s ]
SQL: SELECT `key`,`value` FROM `hs_setting`  [ RunTime:0.0000s ]
NOTIC: [2] unlink(./Application/Runtime/Temp/71df8fced343b2a8ba67c00a47a67b50.php): No such file or directory D:\xampps\htdocs\demo\ThinkPHP\Library\Think\Cache\Driver\File.class.php 第 157 行.
INFO: Run Common\Behavior\SettingBehavior [ RunTime:0.021001s ]
INFO: [ app_begin ] --END-- [ RunTime:0.021001s ]
SQL: SHOW COLUMNS FROM `hs_member` [ RunTime:0.0020s ]
SQL: SELECT * FROM `hs_member` WHERE ( memberid=14 ) LIMIT 1   [ RunTime:0.0010s ]
SQL: SHOW COLUMNS FROM `hs_service` [ RunTime:0.0030s ]
SQL: SELECT * FROM `hs_service`  [ RunTime:0.0010s ]
SQL: SHOW COLUMNS FROM `hs_craftsmanship` [ RunTime:0.0020s ]
SQL: SELECT * FROM `hs_craftsmanship`  [ RunTime:0.0000s ]
INFO: [ view_parse ] --START--
INFO: [ template_filter ] --START--
INFO: Run Behavior\ContentReplaceBehavior [ RunTime:0.001000s ]
INFO: [ template_filter ] --END-- [ RunTime:0.001000s ]
INFO: Run Behavior\ParseTemplateBehavior [ RunTime:0.010001s ]
INFO: [ view_parse ] --END-- [ RunTime:0.010001s ]
INFO: [ view_filter ] --START--
INFO: Run Behavior\WriteHtmlCacheBehavior [ RunTime:0.000000s ]
INFO: [ view_filter ] --END-- [ RunTime:0.000000s ]
INFO: [ app_end ] --START--
INFO: Run Behavior\ShowPageTraceBehavior [ RunTime:0.001000s ]
INFO: [ app_end ] --END-- [ RunTime:0.001000s ]

[ 2015-09-28T21:16:30+08:00 ] 127.0.0.1 /demo/index.php/home/index/index
INFO: [ app_init ] --START--
INFO: Run Behavior\BuildLiteBehavior [ RunTime:0.000000s ]
INFO: [ app_init ] --END-- [ RunTime:0.000000s ]
INFO: [ app_begin ] --START--
INFO: Run Behavior\ReadHtmlCacheBehavior [ RunTime:0.000000s ]
SQL: SHOW COLUMNS FROM `hs_setting` [ RunTime:0.0020s ]
SQL: SELECT `key`,`value` FROM `hs_setting`  [ RunTime:0.0010s ]
NOTIC: [2] unlink(./Application/Runtime/Temp/71df8fced343b2a8ba67c00a47a67b50.php): No such file or directory D:\xampps\htdocs\demo\ThinkPHP\Library\Think\Cache\Driver\File.class.php 第 157 行.
INFO: Run Common\Behavior\SettingBehavior [ RunTime:0.010001s ]
INFO: [ app_begin ] --END-- [ RunTime:0.010001s ]
SQL: SHOW COLUMNS FROM `hs_member` [ RunTime:0.0020s ]
SQL: SELECT * FROM `hs_member` WHERE ( memberid=14 ) LIMIT 1   [ RunTime:0.0000s ]
SQL: SHOW COLUMNS FROM `hs_service` [ RunTime:0.0020s ]
SQL: SELECT * FROM `hs_service`  [ RunTime:0.0010s ]
SQL: SHOW COLUMNS FROM `hs_craftsmanship` [ RunTime:0.0020s ]
SQL: SELECT * FROM `hs_craftsmanship`  [ RunTime:0.0000s ]
INFO: [ view_parse ] --START--
INFO: [ template_filter ] --START--
INFO: Run Behavior\ContentReplaceBehavior [ RunTime:0.000000s ]
INFO: [ template_filter ] --END-- [ RunTime:0.000000s ]
INFO: Run Behavior\ParseTemplateBehavior [ RunTime:0.010001s ]
INFO: [ view_parse ] --END-- [ RunTime:0.010001s ]
INFO: [ view_filter ] --START--
INFO: Run Behavior\WriteHtmlCacheBehavior [ RunTime:0.000000s ]
INFO: [ view_filter ] --END-- [ RunTime:0.000000s ]
INFO: [ app_end ] --START--
INFO: Run Behavior\ShowPageTraceBehavior [ RunTime:0.001000s ]
INFO: [ app_end ] --END-- [ RunTime:0.001000s ]

[ 2015-09-28T21:16:30+08:00 ] 127.0.0.1 /demo/index.php/home/index/index
INFO: [ app_init ] --START--
INFO: Run Behavior\BuildLiteBehavior [ RunTime:0.000000s ]
INFO: [ app_init ] --END-- [ RunTime:0.000000s ]
INFO: [ app_begin ] --START--
INFO: Run Behavior\ReadHtmlCacheBehavior [ RunTime:0.001000s ]
SQL: SHOW COLUMNS FROM `hs_setting` [ RunTime:0.0030s ]
SQL: SELECT `key`,`value` FROM `hs_setting`  [ RunTime:0.0010s ]
NOTIC: [2] unlink(./Application/Runtime/Temp/71df8fced343b2a8ba67c00a47a67b50.php): No such file or directory D:\xampps\htdocs\demo\ThinkPHP\Library\Think\Cache\Driver\File.class.php 第 157 行.
INFO: Run Common\Behavior\SettingBehavior [ RunTime:0.016001s ]
INFO: [ app_begin ] --END-- [ RunTime:0.017001s ]
SQL: SHOW COLUMNS FROM `hs_member` [ RunTime:0.0020s ]
SQL: SELECT * FROM `hs_member` WHERE ( memberid=14 ) LIMIT 1   [ RunTime:0.0000s ]
SQL: SHOW COLUMNS FROM `hs_service` [ RunTime:0.0020s ]
SQL: SELECT * FROM `hs_service`  [ RunTime:0.0010s ]
SQL: SHOW COLUMNS FROM `hs_craftsmanship` [ RunTime:0.0030s ]
SQL: SELECT * FROM `hs_craftsmanship`  [ RunTime:0.0000s ]
INFO: [ view_parse ] --START--
INFO: [ template_filter ] --START--
INFO: Run Behavior\ContentReplaceBehavior [ RunTime:0.000000s ]
INFO: [ template_filter ] --END-- [ RunTime:0.000000s ]
INFO: Run Behavior\ParseTemplateBehavior [ RunTime:0.011001s ]
INFO: [ view_parse ] --END-- [ RunTime:0.011001s ]
INFO: [ view_filter ] --START--
INFO: Run Behavior\WriteHtmlCacheBehavior [ RunTime:0.000000s ]
INFO: [ view_filter ] --END-- [ RunTime:0.000000s ]
INFO: [ app_end ] --START--
INFO: Run Behavior\ShowPageTraceBehavior [ RunTime:0.000000s ]
INFO: [ app_end ] --END-- [ RunTime:0.001000s ]

[ 2015-09-28T21:17:05+08:00 ] 127.0.0.1 /demo/index.php/home/index/index
INFO: [ app_init ] --START--
INFO: Run Behavior\BuildLiteBehavior [ RunTime:0.000000s ]
INFO: [ app_init ] --END-- [ RunTime:0.001000s ]
INFO: [ app_begin ] --START--
INFO: Run Behavior\ReadHtmlCacheBehavior [ RunTime:0.001000s ]
SQL: SHOW COLUMNS FROM `hs_setting` [ RunTime:0.0020s ]
SQL: SELECT `key`,`value` FROM `hs_setting`  [ RunTime:0.0000s ]
NOTIC: [2] unlink(./Application/Runtime/Temp/71df8fced343b2a8ba67c00a47a67b50.php): No such file or directory D:\xampps\htdocs\demo\ThinkPHP\Library\Think\Cache\Driver\File.class.php 第 157 行.
INFO: Run Common\Behavior\SettingBehavior [ RunTime:0.010001s ]
INFO: [ app_begin ] --END-- [ RunTime:0.011001s ]
SQL: SHOW COLUMNS FROM `hs_member` [ RunTime:0.0020s ]
SQL: SELECT * FROM `hs_member` WHERE ( memberid=14 ) LIMIT 1   [ RunTime:0.0000s ]
SQL: SHOW COLUMNS FROM `hs_service` [ RunTime:0.0020s ]
SQL: SELECT * FROM `hs_service`  [ RunTime:0.0000s ]
SQL: SHOW COLUMNS FROM `hs_craftsmanship` [ RunTime:0.0010s ]
SQL: SELECT * FROM `hs_craftsmanship`  [ RunTime:0.0010s ]
INFO: [ view_parse ] --START--
INFO: [ template_filter ] --START--
INFO: Run Behavior\ContentReplaceBehavior [ RunTime:0.001000s ]
INFO: [ template_filter ] --END-- [ RunTime:0.001000s ]
INFO: Run Behavior\ParseTemplateBehavior [ RunTime:0.010001s ]
INFO: [ view_parse ] --END-- [ RunTime:0.010001s ]
INFO: [ view_filter ] --START--
INFO: Run Behavior\WriteHtmlCacheBehavior [ RunTime:0.000000s ]
INFO: [ view_filter ] --END-- [ RunTime:0.000000s ]
INFO: [ app_end ] --START--
INFO: Run Behavior\ShowPageTraceBehavior [ RunTime:0.000000s ]
INFO: [ app_end ] --END-- [ RunTime:0.000000s ]

[ 2015-09-28T21:17:05+08:00 ] 127.0.0.1 /demo/index.php/home/index/index
INFO: [ app_init ] --START--
INFO: Run Behavior\BuildLiteBehavior [ RunTime:0.000000s ]
INFO: [ app_init ] --END-- [ RunTime:0.001001s ]
INFO: [ app_begin ] --START--
INFO: Run Behavior\ReadHtmlCacheBehavior [ RunTime:0.000000s ]
SQL: SHOW COLUMNS FROM `hs_setting` [ RunTime:0.0010s ]
SQL: SELECT `key`,`value` FROM `hs_setting`  [ RunTime:0.0000s ]
NOTIC: [2] unlink(./Application/Runtime/Temp/71df8fced343b2a8ba67c00a47a67b50.php): No such file or directory D:\xampps\htdocs\demo\ThinkPHP\Library\Think\Cache\Driver\File.class.php 第 157 行.
INFO: Run Common\Behavior\SettingBehavior [ RunTime:0.020001s ]
INFO: [ app_begin ] --END-- [ RunTime:0.020001s ]
SQL: SHOW COLUMNS FROM `hs_member` [ RunTime:0.0020s ]
SQL: SELECT * FROM `hs_member` WHERE ( memberid=14 ) LIMIT 1   [ RunTime:0.0010s ]
SQL: SHOW COLUMNS FROM `hs_service` [ RunTime:0.0020s ]
SQL: SELECT * FROM `hs_service`  [ RunTime:0.0010s ]
SQL: SHOW COLUMNS FROM `hs_craftsmanship` [ RunTime:0.0020s ]
SQL: SELECT * FROM `hs_craftsmanship`  [ RunTime:0.0010s ]
INFO: [ view_parse ] --START--
INFO: [ template_filter ] --START--
INFO: Run Behavior\ContentReplaceBehavior [ RunTime:0.000000s ]
INFO: [ template_filter ] --END-- [ RunTime:0.000000s ]
INFO: Run Behavior\ParseTemplateBehavior [ RunTime:0.010001s ]
INFO: [ view_parse ] --END-- [ RunTime:0.010001s ]
INFO: [ view_filter ] --START--
INFO: Run Behavior\WriteHtmlCacheBehavior [ RunTime:0.000000s ]
INFO: [ view_filter ] --END-- [ RunTime:0.000000s ]
INFO: [ app_end ] --START--
INFO: Run Behavior\ShowPageTraceBehavior [ RunTime:0.005000s ]
INFO: [ app_end ] --END-- [ RunTime:0.005000s ]

[ 2015-09-28T21:18:09+08:00 ] 127.0.0.1 /demo/index.php/home/index/index
INFO: [ app_init ] --START--
INFO: Run Behavior\BuildLiteBehavior [ RunTime:0.000000s ]
INFO: [ app_init ] --END-- [ RunTime:0.000000s ]
INFO: [ app_begin ] --START--
INFO: Run Behavior\ReadHtmlCacheBehavior [ RunTime:0.001000s ]
SQL: SHOW COLUMNS FROM `hs_setting` [ RunTime:0.0010s ]
SQL: SELECT `key`,`value` FROM `hs_setting`  [ RunTime:0.0000s ]
NOTIC: [2] unlink(./Application/Runtime/Temp/71df8fced343b2a8ba67c00a47a67b50.php): No such file or directory D:\xampps\htdocs\demo\ThinkPHP\Library\Think\Cache\Driver\File.class.php 第 157 行.
INFO: Run Common\Behavior\SettingBehavior [ RunTime:0.008001s ]
INFO: [ app_begin ] --END-- [ RunTime:0.009001s ]
SQL: SHOW COLUMNS FROM `hs_member` [ RunTime:0.0020s ]
SQL: SELECT * FROM `hs_member` WHERE ( memberid=14 ) LIMIT 1   [ RunTime:0.0000s ]
SQL: SHOW COLUMNS FROM `hs_service` [ RunTime:0.0010s ]
SQL: SELECT * FROM `hs_service`  [ RunTime:0.0010s ]
SQL: SHOW COLUMNS FROM `hs_craftsmanship` [ RunTime:0.0020s ]
SQL: SELECT * FROM `hs_craftsmanship`  [ RunTime:0.0000s ]
INFO: [ view_parse ] --START--
INFO: [ template_filter ] --START--
INFO: Run Behavior\ContentReplaceBehavior [ RunTime:0.001000s ]
INFO: [ template_filter ] --END-- [ RunTime:0.001000s ]
INFO: Run Behavior\ParseTemplateBehavior [ RunTime:0.010001s ]
INFO: [ view_parse ] --END-- [ RunTime:0.010001s ]
INFO: [ view_filter ] --START--
INFO: Run Behavior\WriteHtmlCacheBehavior [ RunTime:0.000000s ]
INFO: [ view_filter ] --END-- [ RunTime:0.000000s ]
INFO: [ app_end ] --START--
INFO: Run Behavior\ShowPageTraceBehavior [ RunTime:0.000000s ]
INFO: [ app_end ] --END-- [ RunTime:0.000000s ]

[ 2015-09-28T21:18:09+08:00 ] 127.0.0.1 /demo/index.php/home/index/index
INFO: [ app_init ] --START--
INFO: Run Behavior\BuildLiteBehavior [ RunTime:0.000000s ]
INFO: [ app_init ] --END-- [ RunTime:0.001001s ]
INFO: [ app_begin ] --START--
INFO: Run Behavior\ReadHtmlCacheBehavior [ RunTime:0.001000s ]
SQL: SHOW COLUMNS FROM `hs_setting` [ RunTime:0.0020s ]
SQL: SELECT `key`,`value` FROM `hs_setting`  [ RunTime:0.0010s ]
NOTIC: [2] unlink(./Application/Runtime/Temp/71df8fced343b2a8ba67c00a47a67b50.php): No such file or directory D:\xampps\htdocs\demo\ThinkPHP\Library\Think\Cache\Driver\File.class.php 第 157 行.
INFO: Run Common\Behavior\SettingBehavior [ RunTime:0.011000s ]
INFO: [ app_begin ] --END-- [ RunTime:0.012000s ]
SQL: SHOW COLUMNS FROM `hs_member` [ RunTime:0.0030s ]
SQL: SELECT * FROM `hs_member` WHERE ( memberid=14 ) LIMIT 1   [ RunTime:0.0010s ]
SQL: SHOW COLUMNS FROM `hs_service` [ RunTime:0.0020s ]
SQL: SELECT * FROM `hs_service`  [ RunTime:0.0010s ]
SQL: SHOW COLUMNS FROM `hs_craftsmanship` [ RunTime:0.0020s ]
SQL: SELECT * FROM `hs_craftsmanship`  [ RunTime:0.0000s ]
INFO: [ view_parse ] --START--
INFO: [ template_filter ] --START--
INFO: Run Behavior\ContentReplaceBehavior [ RunTime:0.000000s ]
INFO: [ template_filter ] --END-- [ RunTime:0.000000s ]
INFO: Run Behavior\ParseTemplateBehavior [ RunTime:0.010000s ]
INFO: [ view_parse ] --END-- [ RunTime:0.011000s ]
INFO: [ view_filter ] --START--
INFO: Run Behavior\WriteHtmlCacheBehavior [ RunTime:0.000000s ]
INFO: [ view_filter ] --END-- [ RunTime:0.000000s ]
INFO: [ app_end ] --START--
INFO: Run Behavior\ShowPageTraceBehavior [ RunTime:0.001000s ]
INFO: [ app_end ] --END-- [ RunTime:0.001000s ]

[ 2015-09-28T21:18:33+08:00 ] 127.0.0.1 /demo/index.php/home/index/index
INFO: [ app_init ] --START--
INFO: Run Behavior\BuildLiteBehavior [ RunTime:0.000000s ]
INFO: [ app_init ] --END-- [ RunTime:0.000000s ]
INFO: [ app_begin ] --START--
INFO: Run Behavior\ReadHtmlCacheBehavior [ RunTime:0.001000s ]
SQL: SHOW COLUMNS FROM `hs_setting` [ RunTime:0.0020s ]
SQL: SELECT `key`,`value` FROM `hs_setting`  [ RunTime:0.0000s ]
NOTIC: [2] unlink(./Application/Runtime/Temp/71df8fced343b2a8ba67c00a47a67b50.php): No such file or directory D:\xampps\htdocs\demo\ThinkPHP\Library\Think\Cache\Driver\File.class.php 第 157 行.
INFO: Run Common\Behavior\SettingBehavior [ RunTime:0.019001s ]
INFO: [ app_begin ] --END-- [ RunTime:0.020001s ]
SQL: SHOW COLUMNS FROM `hs_member` [ RunTime:0.0010s ]
SQL: SELECT * FROM `hs_member` WHERE ( memberid=14 ) LIMIT 1   [ RunTime:0.0010s ]
SQL: SHOW COLUMNS FROM `hs_service` [ RunTime:0.0020s ]
SQL: SELECT * FROM `hs_service`  [ RunTime:0.0000s ]
SQL: SHOW COLUMNS FROM `hs_craftsmanship` [ RunTime:0.0020s ]
SQL: SELECT * FROM `hs_craftsmanship`  [ RunTime:0.0000s ]
INFO: [ view_parse ] --START--
INFO: [ template_filter ] --START--
INFO: Run Behavior\ContentReplaceBehavior [ RunTime:0.001000s ]
INFO: [ template_filter ] --END-- [ RunTime:0.001000s ]
INFO: Run Behavior\ParseTemplateBehavior [ RunTime:0.009000s ]
INFO: [ view_parse ] --END-- [ RunTime:0.009000s ]
INFO: [ view_filter ] --START--
INFO: Run Behavior\WriteHtmlCacheBehavior [ RunTime:0.000000s ]
INFO: [ view_filter ] --END-- [ RunTime:0.000000s ]
INFO: [ app_end ] --START--
INFO: Run Behavior\ShowPageTraceBehavior [ RunTime:0.000000s ]
INFO: [ app_end ] --END-- [ RunTime:0.000000s ]

[ 2015-09-28T21:18:33+08:00 ] 127.0.0.1 /demo/index.php/home/index/index
INFO: [ app_init ] --START--
INFO: Run Behavior\BuildLiteBehavior [ RunTime:0.000000s ]
INFO: [ app_init ] --END-- [ RunTime:0.001000s ]
INFO: [ app_begin ] --START--
INFO: Run Behavior\ReadHtmlCacheBehavior [ RunTime:0.000000s ]
SQL: SHOW COLUMNS FROM `hs_setting` [ RunTime:0.0030s ]
SQL: SELECT `key`,`value` FROM `hs_setting`  [ RunTime:0.0010s ]
NOTIC: [2] unlink(./Application/Runtime/Temp/71df8fced343b2a8ba67c00a47a67b50.php): No such file or directory D:\xampps\htdocs\demo\ThinkPHP\Library\Think\Cache\Driver\File.class.php 第 157 行.
INFO: Run Common\Behavior\SettingBehavior [ RunTime:0.048002s ]
INFO: [ app_begin ] --END-- [ RunTime:0.048002s ]
SQL: SHOW COLUMNS FROM `hs_member` [ RunTime:0.0030s ]
SQL: SELECT * FROM `hs_member` WHERE ( memberid=14 ) LIMIT 1   [ RunTime:0.0010s ]
SQL: SHOW COLUMNS FROM `hs_service` [ RunTime:0.0030s ]
SQL: SELECT * FROM `hs_service`  [ RunTime:0.0010s ]
SQL: SHOW COLUMNS FROM `hs_craftsmanship` [ RunTime:0.0020s ]
SQL: SELECT * FROM `hs_craftsmanship`  [ RunTime:0.0000s ]
INFO: [ view_parse ] --START--
INFO: [ template_filter ] --START--
INFO: Run Behavior\ContentReplaceBehavior [ RunTime:0.001000s ]
INFO: [ template_filter ] --END-- [ RunTime:0.001000s ]
INFO: Run Behavior\ParseTemplateBehavior [ RunTime:0.010001s ]
INFO: [ view_parse ] --END-- [ RunTime:0.010001s ]
INFO: [ view_filter ] --START--
INFO: Run Behavior\WriteHtmlCacheBehavior [ RunTime:0.000000s ]
INFO: [ view_filter ] --END-- [ RunTime:0.000000s ]
INFO: [ app_end ] --START--
INFO: Run Behavior\ShowPageTraceBehavior [ RunTime:0.001000s ]
INFO: [ app_end ] --END-- [ RunTime:0.001000s ]

[ 2015-09-28T21:20:30+08:00 ] 127.0.0.1 /demo/index.php/home/index/index
INFO: [ app_init ] --START--
INFO: Run Behavior\BuildLiteBehavior [ RunTime:0.000000s ]
INFO: [ app_init ] --END-- [ RunTime:0.000000s ]
INFO: [ app_begin ] --START--
INFO: Run Behavior\ReadHtmlCacheBehavior [ RunTime:0.000000s ]
SQL: SHOW COLUMNS FROM `hs_setting` [ RunTime:0.0020s ]
SQL: SELECT `key`,`value` FROM `hs_setting`  [ RunTime:0.0000s ]
NOTIC: [2] unlink(./Application/Runtime/Temp/71df8fced343b2a8ba67c00a47a67b50.php): No such file or directory D:\xampps\htdocs\demo\ThinkPHP\Library\Think\Cache\Driver\File.class.php 第 157 行.
INFO: Run Common\Behavior\SettingBehavior [ RunTime:0.018001s ]
INFO: [ app_begin ] --END-- [ RunTime:0.018001s ]
SQL: SHOW COLUMNS FROM `hs_member` [ RunTime:0.0020s ]
SQL: SELECT * FROM `hs_member` WHERE ( memberid=14 ) LIMIT 1   [ RunTime:0.0010s ]
SQL: SHOW COLUMNS FROM `hs_service` [ RunTime:0.0010s ]
SQL: SELECT * FROM `hs_service`  [ RunTime:0.0010s ]
SQL: SHOW COLUMNS FROM `hs_craftsmanship` [ RunTime:0.0020s ]
SQL: SELECT * FROM `hs_craftsmanship`  [ RunTime:0.0000s ]
INFO: [ view_parse ] --START--
INFO: [ template_filter ] --START--
INFO: Run Behavior\ContentReplaceBehavior [ RunTime:0.001000s ]
INFO: [ template_filter ] --END-- [ RunTime:0.001000s ]
INFO: Run Behavior\ParseTemplateBehavior [ RunTime:0.010001s ]
INFO: [ view_parse ] --END-- [ RunTime:0.010001s ]
INFO: [ view_filter ] --START--
INFO: Run Behavior\WriteHtmlCacheBehavior [ RunTime:0.000000s ]
INFO: [ view_filter ] --END-- [ RunTime:0.000000s ]
INFO: [ app_end ] --START--
INFO: Run Behavior\ShowPageTraceBehavior [ RunTime:0.000000s ]
INFO: [ app_end ] --END-- [ RunTime:0.000000s ]

[ 2015-09-28T21:20:30+08:00 ] 127.0.0.1 /demo/index.php/home/index/index
INFO: [ app_init ] --START--
INFO: Run Behavior\BuildLiteBehavior [ RunTime:0.000000s ]
INFO: [ app_init ] --END-- [ RunTime:0.001000s ]
INFO: [ app_begin ] --START--
INFO: Run Behavior\ReadHtmlCacheBehavior [ RunTime:0.000000s ]
SQL: SHOW COLUMNS FROM `hs_setting` [ RunTime:0.0020s ]
SQL: SELECT `key`,`value` FROM `hs_setting`  [ RunTime:0.0010s ]
NOTIC: [2] unlink(./Application/Runtime/Temp/71df8fced343b2a8ba67c00a47a67b50.php): No such file or directory D:\xampps\htdocs\demo\ThinkPHP\Library\Think\Cache\Driver\File.class.php 第 157 行.
INFO: Run Common\Behavior\SettingBehavior [ RunTime:0.023001s ]
INFO: [ app_begin ] --END-- [ RunTime:0.023001s ]
SQL: SHOW COLUMNS FROM `hs_member` [ RunTime:0.0020s ]
SQL: SELECT * FROM `hs_member` WHERE ( memberid=14 ) LIMIT 1   [ RunTime:0.0070s ]
SQL: SHOW COLUMNS FROM `hs_service` [ RunTime:0.0020s ]
SQL: SELECT * FROM `hs_service`  [ RunTime:0.0010s ]
SQL: SHOW COLUMNS FROM `hs_craftsmanship` [ RunTime:0.0020s ]
SQL: SELECT * FROM `hs_craftsmanship`  [ RunTime:0.0000s ]
INFO: [ view_parse ] --START--
INFO: [ template_filter ] --START--
INFO: Run Behavior\ContentReplaceBehavior [ RunTime:0.000000s ]
INFO: [ template_filter ] --END-- [ RunTime:0.000000s ]
INFO: Run Behavior\ParseTemplateBehavior [ RunTime:0.010000s ]
INFO: [ view_parse ] --END-- [ RunTime:0.010000s ]
INFO: [ view_filter ] --START--
INFO: Run Behavior\WriteHtmlCacheBehavior [ RunTime:0.000000s ]
INFO: [ view_filter ] --END-- [ RunTime:0.000000s ]
INFO: [ app_end ] --START--
INFO: Run Behavior\ShowPageTraceBehavior [ RunTime:0.001000s ]
INFO: [ app_end ] --END-- [ RunTime:0.001000s ]

[ 2015-09-28T21:21:08+08:00 ] 127.0.0.1 /demo/index.php/home/index/index
INFO: [ app_init ] --START--
INFO: Run Behavior\BuildLiteBehavior [ RunTime:0.000000s ]
INFO: [ app_init ] --END-- [ RunTime:0.000000s ]
INFO: [ app_begin ] --START--
INFO: Run Behavior\ReadHtmlCacheBehavior [ RunTime:0.000000s ]
SQL: SHOW COLUMNS FROM `hs_setting` [ RunTime:0.0020s ]
SQL: SELECT `key`,`value` FROM `hs_setting`  [ RunTime:0.0000s ]
NOTIC: [2] unlink(./Application/Runtime/Temp/71df8fced343b2a8ba67c00a47a67b50.php): No such file or directory D:\xampps\htdocs\demo\ThinkPHP\Library\Think\Cache\Driver\File.class.php 第 157 行.
INFO: Run Common\Behavior\SettingBehavior [ RunTime:0.019001s ]
INFO: [ app_begin ] --END-- [ RunTime:0.019001s ]
SQL: SHOW COLUMNS FROM `hs_member` [ RunTime:0.0010s ]
SQL: SELECT * FROM `hs_member` WHERE ( memberid=14 ) LIMIT 1   [ RunTime:0.0010s ]
SQL: SHOW COLUMNS FROM `hs_service` [ RunTime:0.0010s ]
SQL: SELECT * FROM `hs_service`  [ RunTime:0.0010s ]
SQL: SHOW COLUMNS FROM `hs_craftsmanship` [ RunTime:0.0010s ]
SQL: SELECT * FROM `hs_craftsmanship`  [ RunTime:0.0010s ]
INFO: [ view_parse ] --START--
INFO: [ template_filter ] --START--
INFO: Run Behavior\ContentReplaceBehavior [ RunTime:0.000000s ]
INFO: [ template_filter ] --END-- [ RunTime:0.000000s ]
INFO: Run Behavior\ParseTemplateBehavior [ RunTime:0.009001s ]
INFO: [ view_parse ] --END-- [ RunTime:0.009001s ]
INFO: [ view_filter ] --START--
INFO: Run Behavior\WriteHtmlCacheBehavior [ RunTime:0.000000s ]
INFO: [ view_filter ] --END-- [ RunTime:0.000000s ]
INFO: [ app_end ] --START--
INFO: Run Behavior\ShowPageTraceBehavior [ RunTime:0.000000s ]
INFO: [ app_end ] --END-- [ RunTime:0.000000s ]

[ 2015-09-28T21:21:08+08:00 ] 127.0.0.1 /demo/index.php/home/index/index
INFO: [ app_init ] --START--
INFO: Run Behavior\BuildLiteBehavior [ RunTime:0.000000s ]
INFO: [ app_init ] --END-- [ RunTime:0.000000s ]
INFO: [ app_begin ] --START--
INFO: Run Behavior\ReadHtmlCacheBehavior [ RunTime:0.001000s ]
SQL: SHOW COLUMNS FROM `hs_setting` [ RunTime:0.0020s ]
SQL: SELECT `key`,`value` FROM `hs_setting`  [ RunTime:0.0000s ]
NOTIC: [2] unlink(./Application/Runtime/Temp/71df8fced343b2a8ba67c00a47a67b50.php): No such file or directory D:\xampps\htdocs\demo\ThinkPHP\Library\Think\Cache\Driver\File.class.php 第 157 行.
INFO: Run Common\Behavior\SettingBehavior [ RunTime:0.028001s ]
INFO: [ app_begin ] --END-- [ RunTime:0.029001s ]
SQL: SHOW COLUMNS FROM `hs_member` [ RunTime:0.0020s ]
SQL: SELECT * FROM `hs_member` WHERE ( memberid=14 ) LIMIT 1   [ RunTime:0.0010s ]
SQL: SHOW COLUMNS FROM `hs_service` [ RunTime:0.0020s ]
SQL: SELECT * FROM `hs_service`  [ RunTime:0.0010s ]
SQL: SHOW COLUMNS FROM `hs_craftsmanship` [ RunTime:0.0020s ]
SQL: SELECT * FROM `hs_craftsmanship`  [ RunTime:0.0010s ]
INFO: [ view_parse ] --START--
INFO: [ template_filter ] --START--
INFO: Run Behavior\ContentReplaceBehavior [ RunTime:0.001000s ]
INFO: [ template_filter ] --END-- [ RunTime:0.001000s ]
INFO: Run Behavior\ParseTemplateBehavior [ RunTime:0.012001s ]
INFO: [ view_parse ] --END-- [ RunTime:0.012001s ]
INFO: [ view_filter ] --START--
INFO: Run Behavior\WriteHtmlCacheBehavior [ RunTime:0.000000s ]
INFO: [ view_filter ] --END-- [ RunTime:0.000000s ]
INFO: [ app_end ] --START--
INFO: Run Behavior\ShowPageTraceBehavior [ RunTime:0.001000s ]
INFO: [ app_end ] --END-- [ RunTime:0.001000s ]

[ 2015-09-28T21:22:38+08:00 ] 127.0.0.1 /demo/index.php/home/index/index
INFO: [ app_init ] --START--
INFO: Run Behavior\BuildLiteBehavior [ RunTime:0.000000s ]
INFO: [ app_init ] --END-- [ RunTime:0.001000s ]
INFO: [ app_begin ] --START--
INFO: Run Behavior\ReadHtmlCacheBehavior [ RunTime:0.001001s ]
SQL: SHOW COLUMNS FROM `hs_setting` [ RunTime:0.0020s ]
SQL: SELECT `key`,`value` FROM `hs_setting`  [ RunTime:0.0000s ]
NOTIC: [2] unlink(./Application/Runtime/Temp/71df8fced343b2a8ba67c00a47a67b50.php): No such file or directory D:\xampps\htdocs\demo\ThinkPHP\Library\Think\Cache\Driver\File.class.php 第 157 行.
INFO: Run Common\Behavior\SettingBehavior [ RunTime:0.009000s ]
INFO: [ app_begin ] --END-- [ RunTime:0.010001s ]
SQL: SHOW COLUMNS FROM `hs_member` [ RunTime:0.0010s ]
SQL: SELECT * FROM `hs_member` WHERE ( memberid=14 ) LIMIT 1   [ RunTime:0.0010s ]
SQL: SHOW COLUMNS FROM `hs_service` [ RunTime:0.0010s ]
SQL: SELECT * FROM `hs_service`  [ RunTime:0.0000s ]
SQL: SHOW COLUMNS FROM `hs_craftsmanship` [ RunTime:0.0020s ]
SQL: SELECT * FROM `hs_craftsmanship`  [ RunTime:0.0000s ]
INFO: [ view_parse ] --START--
INFO: [ template_filter ] --START--
INFO: Run Behavior\ContentReplaceBehavior [ RunTime:0.000000s ]
INFO: [ template_filter ] --END-- [ RunTime:0.000000s ]
INFO: Run Behavior\ParseTemplateBehavior [ RunTime:0.011001s ]
INFO: [ view_parse ] --END-- [ RunTime:0.011001s ]
INFO: [ view_filter ] --START--
INFO: Run Behavior\WriteHtmlCacheBehavior [ RunTime:0.001000s ]
INFO: [ view_filter ] --END-- [ RunTime:0.001000s ]
INFO: [ app_end ] --START--
INFO: Run Behavior\ShowPageTraceBehavior [ RunTime:0.001000s ]
INFO: [ app_end ] --END-- [ RunTime:0.001000s ]

[ 2015-09-28T21:22:39+08:00 ] 127.0.0.1 /demo/index.php/home/index/index
INFO: [ app_init ] --START--
INFO: Run Behavior\BuildLiteBehavior [ RunTime:0.000000s ]
INFO: [ app_init ] --END-- [ RunTime:0.000000s ]
INFO: [ app_begin ] --START--
INFO: Run Behavior\ReadHtmlCacheBehavior [ RunTime:0.001000s ]
SQL: SHOW COLUMNS FROM `hs_setting` [ RunTime:0.0020s ]
SQL: SELECT `key`,`value` FROM `hs_setting`  [ RunTime:0.0010s ]
NOTIC: [2] unlink(./Application/Runtime/Temp/71df8fced343b2a8ba67c00a47a67b50.php): No such file or directory D:\xampps\htdocs\demo\ThinkPHP\Library\Think\Cache\Driver\File.class.php 第 157 行.
INFO: Run Common\Behavior\SettingBehavior [ RunTime:0.018001s ]
INFO: [ app_begin ] --END-- [ RunTime:0.019001s ]
SQL: SHOW COLUMNS FROM `hs_member` [ RunTime:0.0020s ]
SQL: SELECT * FROM `hs_member` WHERE ( memberid=14 ) LIMIT 1   [ RunTime:0.0010s ]
SQL: SHOW COLUMNS FROM `hs_service` [ RunTime:0.0020s ]
SQL: SELECT * FROM `hs_service`  [ RunTime:0.0010s ]
SQL: SHOW COLUMNS FROM `hs_craftsmanship` [ RunTime:0.0020s ]
SQL: SELECT * FROM `hs_craftsmanship`  [ RunTime:0.0000s ]
INFO: [ view_parse ] --START--
INFO: [ template_filter ] --START--
INFO: Run Behavior\ContentReplaceBehavior [ RunTime:0.000000s ]
INFO: [ template_filter ] --END-- [ RunTime:0.000000s ]
INFO: Run Behavior\ParseTemplateBehavior [ RunTime:0.009000s ]
INFO: [ view_parse ] --END-- [ RunTime:0.009000s ]
INFO: [ view_filter ] --START--
INFO: Run Behavior\WriteHtmlCacheBehavior [ RunTime:0.000000s ]
INFO: [ view_filter ] --END-- [ RunTime:0.000000s ]
INFO: [ app_end ] --START--
INFO: Run Behavior\ShowPageTraceBehavior [ RunTime:0.001000s ]
INFO: [ app_end ] --END-- [ RunTime:0.001000s ]

[ 2015-09-28T21:23:13+08:00 ] 127.0.0.1 /demo/index.php/home/index/index
INFO: [ app_init ] --START--
INFO: Run Behavior\BuildLiteBehavior [ RunTime:0.000000s ]
INFO: [ app_init ] --END-- [ RunTime:0.001000s ]
INFO: [ app_begin ] --START--
INFO: Run Behavior\ReadHtmlCacheBehavior [ RunTime:0.001000s ]
SQL: SHOW COLUMNS FROM `hs_setting` [ RunTime:0.0020s ]
SQL: SELECT `key`,`value` FROM `hs_setting`  [ RunTime:0.0000s ]
NOTIC: [2] unlink(./Application/Runtime/Temp/71df8fced343b2a8ba67c00a47a67b50.php): No such file or directory D:\xampps\htdocs\demo\ThinkPHP\Library\Think\Cache\Driver\File.class.php 第 157 行.
INFO: Run Common\Behavior\SettingBehavior [ RunTime:0.009001s ]
INFO: [ app_begin ] --END-- [ RunTime:0.010001s ]
SQL: SHOW COLUMNS FROM `hs_member` [ RunTime:0.0010s ]
SQL: SELECT * FROM `hs_member` WHERE ( memberid=14 ) LIMIT 1   [ RunTime:0.0000s ]
SQL: SHOW COLUMNS FROM `hs_service` [ RunTime:0.0020s ]
SQL: SELECT * FROM `hs_service`  [ RunTime:0.0000s ]
SQL: SHOW COLUMNS FROM `hs_craftsmanship` [ RunTime:0.0020s ]
SQL: SELECT * FROM `hs_craftsmanship`  [ RunTime:0.0010s ]
INFO: [ view_parse ] --START--
INFO: [ template_filter ] --START--
INFO: Run Behavior\ContentReplaceBehavior [ RunTime:0.000000s ]
INFO: [ template_filter ] --END-- [ RunTime:0.000000s ]
INFO: Run Behavior\ParseTemplateBehavior [ RunTime:0.009001s ]
INFO: [ view_parse ] --END-- [ RunTime:0.009001s ]
INFO: [ view_filter ] --START--
INFO: Run Behavior\WriteHtmlCacheBehavior [ RunTime:0.001000s ]
INFO: [ view_filter ] --END-- [ RunTime:0.001000s ]
INFO: [ app_end ] --START--
INFO: Run Behavior\ShowPageTraceBehavior [ RunTime:0.000000s ]
INFO: [ app_end ] --END-- [ RunTime:0.000000s ]

[ 2015-09-28T21:23:13+08:00 ] 127.0.0.1 /demo/index.php/home/index/index
INFO: [ app_init ] --START--
INFO: Run Behavior\BuildLiteBehavior [ RunTime:0.000000s ]
INFO: [ app_init ] --END-- [ RunTime:0.000000s ]
INFO: [ app_begin ] --START--
INFO: Run Behavior\ReadHtmlCacheBehavior [ RunTime:0.000000s ]
SQL: SHOW COLUMNS FROM `hs_setting` [ RunTime:0.0030s ]
SQL: SELECT `key`,`value` FROM `hs_setting`  [ RunTime:0.0010s ]
NOTIC: [2] unlink(./Application/Runtime/Temp/71df8fced343b2a8ba67c00a47a67b50.php): No such file or directory D:\xampps\htdocs\demo\ThinkPHP\Library\Think\Cache\Driver\File.class.php 第 157 行.
INFO: Run Common\Behavior\SettingBehavior [ RunTime:0.015001s ]
INFO: [ app_begin ] --END-- [ RunTime:0.015001s ]
SQL: SHOW COLUMNS FROM `hs_member` [ RunTime:0.0020s ]
SQL: SELECT * FROM `hs_member` WHERE ( memberid=14 ) LIMIT 1   [ RunTime:0.0010s ]
SQL: SHOW COLUMNS FROM `hs_service` [ RunTime:0.0030s ]
SQL: SELECT * FROM `hs_service`  [ RunTime:0.0000s ]
SQL: SHOW COLUMNS FROM `hs_craftsmanship` [ RunTime:0.0030s ]
SQL: SELECT * FROM `hs_craftsmanship`  [ RunTime:0.0010s ]
INFO: [ view_parse ] --START--
INFO: [ template_filter ] --START--
INFO: Run Behavior\ContentReplaceBehavior [ RunTime:0.000000s ]
INFO: [ template_filter ] --END-- [ RunTime:0.000000s ]
INFO: Run Behavior\ParseTemplateBehavior [ RunTime:0.014000s ]
INFO: [ view_parse ] --END-- [ RunTime:0.015000s ]
INFO: [ view_filter ] --START--
INFO: Run Behavior\WriteHtmlCacheBehavior [ RunTime:0.001000s ]
INFO: [ view_filter ] --END-- [ RunTime:0.001000s ]
INFO: [ app_end ] --START--
INFO: Run Behavior\ShowPageTraceBehavior [ RunTime:0.000000s ]
INFO: [ app_end ] --END-- [ RunTime:0.000000s ]

[ 2015-09-28T21:24:27+08:00 ] 127.0.0.1 /demo/index.php/home/index/index
INFO: [ app_init ] --START--
INFO: Run Behavior\BuildLiteBehavior [ RunTime:0.000000s ]
INFO: [ app_init ] --END-- [ RunTime:0.001000s ]
INFO: [ app_begin ] --START--
INFO: Run Behavior\ReadHtmlCacheBehavior [ RunTime:0.001000s ]
SQL: SHOW COLUMNS FROM `hs_setting` [ RunTime:0.0020s ]
SQL: SELECT `key`,`value` FROM `hs_setting`  [ RunTime:0.0010s ]
NOTIC: [2] unlink(./Application/Runtime/Temp/71df8fced343b2a8ba67c00a47a67b50.php): No such file or directory D:\xampps\htdocs\demo\ThinkPHP\Library\Think\Cache\Driver\File.class.php 第 157 行.
INFO: Run Common\Behavior\SettingBehavior [ RunTime:0.018001s ]
INFO: [ app_begin ] --END-- [ RunTime:0.019001s ]
SQL: SHOW COLUMNS FROM `hs_member` [ RunTime:0.0020s ]
SQL: SELECT * FROM `hs_member` WHERE ( memberid=14 ) LIMIT 1   [ RunTime:0.0000s ]
SQL: SHOW COLUMNS FROM `hs_service` [ RunTime:0.0020s ]
SQL: SELECT * FROM `hs_service`  [ RunTime:0.0000s ]
SQL: SHOW COLUMNS FROM `hs_craftsmanship` [ RunTime:0.0020s ]
SQL: SELECT * FROM `hs_craftsmanship`  [ RunTime:0.0000s ]
INFO: [ view_parse ] --START--
INFO: [ template_filter ] --START--
INFO: Run Behavior\ContentReplaceBehavior [ RunTime:0.000000s ]
INFO: [ template_filter ] --END-- [ RunTime:0.000000s ]
INFO: Run Behavior\ParseTemplateBehavior [ RunTime:0.009001s ]
INFO: [ view_parse ] --END-- [ RunTime:0.009001s ]
INFO: [ view_filter ] --START--
INFO: Run Behavior\WriteHtmlCacheBehavior [ RunTime:0.001000s ]
INFO: [ view_filter ] --END-- [ RunTime:0.001000s ]
INFO: [ app_end ] --START--
INFO: Run Behavior\ShowPageTraceBehavior [ RunTime:0.001000s ]
INFO: [ app_end ] --END-- [ RunTime:0.001000s ]

[ 2015-09-28T21:24:27+08:00 ] 127.0.0.1 /demo/index.php/home/index/index
INFO: [ app_init ] --START--
INFO: Run Behavior\BuildLiteBehavior [ RunTime:0.000000s ]
INFO: [ app_init ] --END-- [ RunTime:0.000000s ]
INFO: [ app_begin ] --START--
INFO: Run Behavior\ReadHtmlCacheBehavior [ RunTime:0.000000s ]
SQL: SHOW COLUMNS FROM `hs_setting` [ RunTime:0.0030s ]
SQL: SELECT `key`,`value` FROM `hs_setting`  [ RunTime:0.0010s ]
NOTIC: [2] unlink(./Application/Runtime/Temp/71df8fced343b2a8ba67c00a47a67b50.php): No such file or directory D:\xampps\htdocs\demo\ThinkPHP\Library\Think\Cache\Driver\File.class.php 第 157 行.
INFO: Run Common\Behavior\SettingBehavior [ RunTime:0.016001s ]
INFO: [ app_begin ] --END-- [ RunTime:0.016001s ]
SQL: SHOW COLUMNS FROM `hs_member` [ RunTime:0.0020s ]
SQL: SELECT * FROM `hs_member` WHERE ( memberid=14 ) LIMIT 1   [ RunTime:0.0010s ]
SQL: SHOW COLUMNS FROM `hs_service` [ RunTime:0.0020s ]
SQL: SELECT * FROM `hs_service`  [ RunTime:0.0010s ]
SQL: SHOW COLUMNS FROM `hs_craftsmanship` [ RunTime:0.0020s ]
SQL: SELECT * FROM `hs_craftsmanship`  [ RunTime:0.0000s ]
INFO: [ view_parse ] --START--
INFO: [ template_filter ] --START--
INFO: Run Behavior\ContentReplaceBehavior [ RunTime:0.001000s ]
INFO: [ template_filter ] --END-- [ RunTime:0.001000s ]
INFO: Run Behavior\ParseTemplateBehavior [ RunTime:0.010001s ]
INFO: [ view_parse ] --END-- [ RunTime:0.010001s ]
INFO: [ view_filter ] --START--
INFO: Run Behavior\WriteHtmlCacheBehavior [ RunTime:0.000000s ]
INFO: [ view_filter ] --END-- [ RunTime:0.001000s ]
INFO: [ app_end ] --START--
INFO: Run Behavior\ShowPageTraceBehavior [ RunTime:0.001000s ]
INFO: [ app_end ] --END-- [ RunTime:0.001000s ]

[ 2015-09-28T21:27:45+08:00 ] 127.0.0.1 /demo/index.php/home/index/index
INFO: [ app_init ] --START--
INFO: Run Behavior\BuildLiteBehavior [ RunTime:0.000000s ]
INFO: [ app_init ] --END-- [ RunTime:0.000000s ]
INFO: [ app_begin ] --START--
INFO: Run Behavior\ReadHtmlCacheBehavior [ RunTime:0.000000s ]
SQL: SHOW COLUMNS FROM `hs_setting` [ RunTime:0.0020s ]
SQL: SELECT `key`,`value` FROM `hs_setting`  [ RunTime:0.0000s ]
NOTIC: [2] unlink(./Application/Runtime/Temp/71df8fced343b2a8ba67c00a47a67b50.php): No such file or directory D:\xampps\htdocs\demo\ThinkPHP\Library\Think\Cache\Driver\File.class.php 第 157 行.
INFO: Run Common\Behavior\SettingBehavior [ RunTime:0.010000s ]
INFO: [ app_begin ] --END-- [ RunTime:0.010000s ]
SQL: SHOW COLUMNS FROM `hs_member` [ RunTime:0.0020s ]
SQL: SELECT * FROM `hs_member` WHERE ( memberid=14 ) LIMIT 1   [ RunTime:0.0000s ]
SQL: SHOW COLUMNS FROM `hs_service` [ RunTime:0.0020s ]
SQL: SELECT * FROM `hs_service`  [ RunTime:0.0000s ]
SQL: SHOW COLUMNS FROM `hs_craftsmanship` [ RunTime:0.0010s ]
SQL: SELECT * FROM `hs_craftsmanship`  [ RunTime:0.0010s ]
INFO: [ view_parse ] --START--
INFO: [ template_filter ] --START--
INFO: Run Behavior\ContentReplaceBehavior [ RunTime:0.000000s ]
INFO: [ template_filter ] --END-- [ RunTime:0.000000s ]
INFO: Run Behavior\ParseTemplateBehavior [ RunTime:0.010000s ]
INFO: [ view_parse ] --END-- [ RunTime:0.010000s ]
INFO: [ view_filter ] --START--
INFO: Run Behavior\WriteHtmlCacheBehavior [ RunTime:0.000000s ]
INFO: [ view_filter ] --END-- [ RunTime:0.000000s ]
INFO: [ app_end ] --START--
INFO: Run Behavior\ShowPageTraceBehavior [ RunTime:0.001000s ]
INFO: [ app_end ] --END-- [ RunTime:0.001000s ]

[ 2015-09-28T21:27:45+08:00 ] 127.0.0.1 /demo/index.php/home/index/index
INFO: [ app_init ] --START--
INFO: Run Behavior\BuildLiteBehavior [ RunTime:0.000000s ]
INFO: [ app_init ] --END-- [ RunTime:0.000000s ]
INFO: [ app_begin ] --START--
INFO: Run Behavior\ReadHtmlCacheBehavior [ RunTime:0.001000s ]
SQL: SHOW COLUMNS FROM `hs_setting` [ RunTime:0.0030s ]
SQL: SELECT `key`,`value` FROM `hs_setting`  [ RunTime:0.0010s ]
NOTIC: [2] unlink(./Application/Runtime/Temp/71df8fced343b2a8ba67c00a47a67b50.php): No such file or directory D:\xampps\htdocs\demo\ThinkPHP\Library\Think\Cache\Driver\File.class.php 第 157 行.
INFO: Run Common\Behavior\SettingBehavior [ RunTime:0.012001s ]
INFO: [ app_begin ] --END-- [ RunTime:0.013001s ]
SQL: SHOW COLUMNS FROM `hs_member` [ RunTime:0.0020s ]
SQL: SELECT * FROM `hs_member` WHERE ( memberid=14 ) LIMIT 1   [ RunTime:0.0000s ]
SQL: SHOW COLUMNS FROM `hs_service` [ RunTime:0.0020s ]
SQL: SELECT * FROM `hs_service`  [ RunTime:0.0000s ]
SQL: SHOW COLUMNS FROM `hs_craftsmanship` [ RunTime:0.0020s ]
SQL: SELECT * FROM `hs_craftsmanship`  [ RunTime:0.0010s ]
INFO: [ view_parse ] --START--
INFO: [ template_filter ] --START--
INFO: Run Behavior\ContentReplaceBehavior [ RunTime:0.001000s ]
INFO: [ template_filter ] --END-- [ RunTime:0.001000s ]
INFO: Run Behavior\ParseTemplateBehavior [ RunTime:0.010000s ]
INFO: [ view_parse ] --END-- [ RunTime:0.011000s ]
INFO: [ view_filter ] --START--
INFO: Run Behavior\WriteHtmlCacheBehavior [ RunTime:0.000000s ]
INFO: [ view_filter ] --END-- [ RunTime:0.000000s ]
INFO: [ app_end ] --START--
INFO: Run Behavior\ShowPageTraceBehavior [ RunTime:0.000000s ]
INFO: [ app_end ] --END-- [ RunTime:0.001000s ]

[ 2015-09-28T21:27:48+08:00 ] 127.0.0.1 /demo/index.php/home/index/index
INFO: [ app_init ] --START--
INFO: Run Behavior\BuildLiteBehavior [ RunTime:0.000000s ]
INFO: [ app_init ] --END-- [ RunTime:0.000000s ]
INFO: [ app_begin ] --START--
INFO: Run Behavior\ReadHtmlCacheBehavior [ RunTime:0.001000s ]
SQL: SHOW COLUMNS FROM `hs_setting` [ RunTime:0.0020s ]
SQL: SELECT `key`,`value` FROM `hs_setting`  [ RunTime:0.0000s ]
NOTIC: [2] unlink(./Application/Runtime/Temp/71df8fced343b2a8ba67c00a47a67b50.php): No such file or directory D:\xampps\htdocs\demo\ThinkPHP\Library\Think\Cache\Driver\File.class.php 第 157 行.
INFO: Run Common\Behavior\SettingBehavior [ RunTime:0.018001s ]
INFO: [ app_begin ] --END-- [ RunTime:0.019001s ]
SQL: SHOW COLUMNS FROM `hs_member` [ RunTime:0.0020s ]
SQL: SELECT * FROM `hs_member` WHERE ( memberid=14 ) LIMIT 1   [ RunTime:0.0010s ]
SQL: SHOW COLUMNS FROM `hs_service` [ RunTime:0.0020s ]
SQL: SELECT * FROM `hs_service`  [ RunTime:0.0000s ]
SQL: SHOW COLUMNS FROM `hs_craftsmanship` [ RunTime:0.0020s ]
SQL: SELECT * FROM `hs_craftsmanship`  [ RunTime:0.0000s ]
INFO: [ view_parse ] --START--
INFO: [ template_filter ] --START--
INFO: Run Behavior\ContentReplaceBehavior [ RunTime:0.001000s ]
INFO: [ template_filter ] --END-- [ RunTime:0.001000s ]
INFO: Run Behavior\ParseTemplateBehavior [ RunTime:0.009000s ]
INFO: [ view_parse ] --END-- [ RunTime:0.010000s ]
INFO: [ view_filter ] --START--
INFO: Run Behavior\WriteHtmlCacheBehavior [ RunTime:0.000000s ]
INFO: [ view_filter ] --END-- [ RunTime:0.000000s ]
INFO: [ app_end ] --START--
INFO: Run Behavior\ShowPageTraceBehavior [ RunTime:0.001000s ]
INFO: [ app_end ] --END-- [ RunTime:0.001000s ]

[ 2015-09-28T21:27:48+08:00 ] 127.0.0.1 /demo/index.php/home/index/index
INFO: [ app_init ] --START--
INFO: Run Behavior\BuildLiteBehavior [ RunTime:0.000000s ]
INFO: [ app_init ] --END-- [ RunTime:0.000000s ]
INFO: [ app_begin ] --START--
INFO: Run Behavior\ReadHtmlCacheBehavior [ RunTime:0.000000s ]
SQL: SHOW COLUMNS FROM `hs_setting` [ RunTime:0.0020s ]
SQL: SELECT `key`,`value` FROM `hs_setting`  [ RunTime:0.0010s ]
NOTIC: [2] unlink(./Application/Runtime/Temp/71df8fced343b2a8ba67c00a47a67b50.php): No such file or directory D:\xampps\htdocs\demo\ThinkPHP\Library\Think\Cache\Driver\File.class.php 第 157 行.
INFO: Run Common\Behavior\SettingBehavior [ RunTime:0.019001s ]
INFO: [ app_begin ] --END-- [ RunTime:0.019001s ]
SQL: SHOW COLUMNS FROM `hs_member` [ RunTime:0.0020s ]
SQL: SELECT * FROM `hs_member` WHERE ( memberid=14 ) LIMIT 1   [ RunTime:0.0000s ]
SQL: SHOW COLUMNS FROM `hs_service` [ RunTime:0.0010s ]
SQL: SELECT * FROM `hs_service`  [ RunTime:0.0010s ]
SQL: SHOW COLUMNS FROM `hs_craftsmanship` [ RunTime:0.0010s ]
SQL: SELECT * FROM `hs_craftsmanship`  [ RunTime:0.0010s ]
INFO: [ view_parse ] --START--
INFO: [ template_filter ] --START--
INFO: Run Behavior\ContentReplaceBehavior [ RunTime:0.000000s ]
INFO: [ template_filter ] --END-- [ RunTime:0.000000s ]
INFO: Run Behavior\ParseTemplateBehavior [ RunTime:0.009000s ]
INFO: [ view_parse ] --END-- [ RunTime:0.009000s ]
INFO: [ view_filter ] --START--
INFO: Run Behavior\WriteHtmlCacheBehavior [ RunTime:0.001000s ]
INFO: [ view_filter ] --END-- [ RunTime:0.001000s ]
INFO: [ app_end ] --START--
INFO: Run Behavior\ShowPageTraceBehavior [ RunTime:0.001001s ]
INFO: [ app_end ] --END-- [ RunTime:0.001001s ]

