[ 2015-09-13T13:53:01+08:00 ] 127.0.0.1 /demo/
INFO: [ app_init ] --START--
INFO: Run Behavior\BuildLiteBehavior [ RunTime:0.000000s ]
INFO: [ app_init ] --END-- [ RunTime:0.001000s ]
INFO: [ app_begin ] --START--
INFO: Run Behavior\ReadHtmlCacheBehavior [ RunTime:0.001000s ]
SQL: SHOW COLUMNS FROM `hs_setting` [ RunTime:0.0020s ]
SQL: SELECT `key`,`value` FROM `hs_setting`  [ RunTime:0.0000s ]
NOTIC: [2] unlink(./Application/Runtime/Temp/71df8fced343b2a8ba67c00a47a67b50.php): No such file or directory D:\xampps\htdocs\demo\ThinkPHP\Library\Think\Cache\Driver\File.class.php 第 157 行.
INFO: Run Common\Behavior\SettingBehavior [ RunTime:0.013001s ]
INFO: [ app_begin ] --END-- [ RunTime:0.014001s ]
SQL: SHOW COLUMNS FROM `hs_service` [ RunTime:0.0010s ]
SQL: SELECT * FROM `hs_service`  [ RunTime:0.0000s ]
SQL: SHOW COLUMNS FROM `hs_craftsmanship` [ RunTime:0.0010s ]
SQL: SELECT * FROM `hs_craftsmanship`  [ RunTime:0.0010s ]
INFO: [ view_parse ] --START--
INFO: [ template_filter ] --START--
INFO: Run Behavior\ContentReplaceBehavior [ RunTime:0.001000s ]
INFO: [ template_filter ] --END-- [ RunTime:0.001000s ]
INFO: Run Behavior\ParseTemplateBehavior [ RunTime:0.013001s ]
INFO: [ view_parse ] --END-- [ RunTime:0.013001s ]
INFO: [ view_filter ] --START--
INFO: Run Behavior\WriteHtmlCacheBehavior [ RunTime:0.001000s ]
INFO: [ view_filter ] --END-- [ RunTime:0.001000s ]
INFO: [ app_end ] --START--
INFO: Run Behavior\ShowPageTraceBehavior [ RunTime:0.001000s ]
INFO: [ app_end ] --END-- [ RunTime:0.002000s ]

[ 2015-09-13T13:53:01+08:00 ] 127.0.0.1 /demo/
INFO: [ app_init ] --START--
INFO: Run Behavior\BuildLiteBehavior [ RunTime:0.000000s ]
INFO: [ app_init ] --END-- [ RunTime:0.001000s ]
INFO: [ app_begin ] --START--
INFO: Run Behavior\ReadHtmlCacheBehavior [ RunTime:0.001000s ]
SQL: SHOW COLUMNS FROM `hs_setting` [ RunTime:0.0020s ]
SQL: SELECT `key`,`value` FROM `hs_setting`  [ RunTime:0.0010s ]
NOTIC: [2] unlink(./Application/Runtime/Temp/71df8fced343b2a8ba67c00a47a67b50.php): No such file or directory D:\xampps\htdocs\demo\ThinkPHP\Library\Think\Cache\Driver\File.class.php 第 157 行.
INFO: Run Common\Behavior\SettingBehavior [ RunTime:0.013001s ]
INFO: [ app_begin ] --END-- [ RunTime:0.014001s ]
SQL: SHOW COLUMNS FROM `hs_service` [ RunTime:0.0020s ]
SQL: SELECT * FROM `hs_service`  [ RunTime:0.0000s ]
SQL: SHOW COLUMNS FROM `hs_craftsmanship` [ RunTime:0.0020s ]
SQL: SELECT * FROM `hs_craftsmanship`  [ RunTime:0.0010s ]
INFO: [ view_parse ] --START--
INFO: [ template_filter ] --START--
INFO: Run Behavior\ContentReplaceBehavior [ RunTime:0.001000s ]
INFO: [ template_filter ] --END-- [ RunTime:0.001000s ]
INFO: Run Behavior\ParseTemplateBehavior [ RunTime:0.012000s ]
INFO: [ view_parse ] --END-- [ RunTime:0.012000s ]
INFO: [ view_filter ] --START--
INFO: Run Behavior\WriteHtmlCacheBehavior [ RunTime:0.001000s ]
INFO: [ view_filter ] --END-- [ RunTime:0.001000s ]
INFO: [ app_end ] --START--
INFO: Run Behavior\ShowPageTraceBehavior [ RunTime:0.001000s ]
INFO: [ app_end ] --END-- [ RunTime:0.001000s ]

[ 2015-09-13T13:53:32+08:00 ] 127.0.0.1 /demo/index.php/home/index/Login
INFO: [ app_init ] --START--
INFO: Run Behavior\BuildLiteBehavior [ RunTime:0.000000s ]
INFO: [ app_init ] --END-- [ RunTime:0.000000s ]
INFO: [ app_begin ] --START--
INFO: Run Behavior\ReadHtmlCacheBehavior [ RunTime:0.000000s ]
SQL: SHOW COLUMNS FROM `hs_setting` [ RunTime:0.0020s ]
SQL: SELECT `key`,`value` FROM `hs_setting`  [ RunTime:0.0000s ]
NOTIC: [2] unlink(./Application/Runtime/Temp/71df8fced343b2a8ba67c00a47a67b50.php): No such file or directory D:\xampps\htdocs\demo\ThinkPHP\Library\Think\Cache\Driver\File.class.php 第 157 行.
INFO: Run Common\Behavior\SettingBehavior [ RunTime:0.009001s ]
INFO: [ app_begin ] --END-- [ RunTime:0.009001s ]
SQL: SHOW COLUMNS FROM `hs_service` [ RunTime:0.0020s ]
SQL: SELECT * FROM `hs_service`  [ RunTime:0.0010s ]
SQL: SHOW COLUMNS FROM `hs_craftsmanship` [ RunTime:0.0020s ]
SQL: SELECT * FROM `hs_craftsmanship`  [ RunTime:0.0000s ]
INFO: [ view_parse ] --START--
INFO: [ template_filter ] --START--
INFO: Run Behavior\ContentReplaceBehavior [ RunTime:0.000000s ]
INFO: [ template_filter ] --END-- [ RunTime:0.001000s ]
INFO: Run Behavior\ParseTemplateBehavior [ RunTime:0.005000s ]
INFO: [ view_parse ] --END-- [ RunTime:0.005000s ]
INFO: [ view_filter ] --START--
INFO: Run Behavior\WriteHtmlCacheBehavior [ RunTime:0.001000s ]
INFO: [ view_filter ] --END-- [ RunTime:0.001000s ]
INFO: [ app_end ] --START--
INFO: Run Behavior\ShowPageTraceBehavior [ RunTime:0.000000s ]
INFO: [ app_end ] --END-- [ RunTime:0.000000s ]

[ 2015-09-13T13:53:41+08:00 ] 127.0.0.1 /demo/index.php/home/index/dologin
INFO: [ app_init ] --START--
INFO: Run Behavior\BuildLiteBehavior [ RunTime:0.000000s ]
INFO: [ app_init ] --END-- [ RunTime:0.000000s ]
INFO: [ app_begin ] --START--
INFO: Run Behavior\ReadHtmlCacheBehavior [ RunTime:0.000000s ]
SQL: SHOW COLUMNS FROM `hs_setting` [ RunTime:0.0020s ]
SQL: SELECT `key`,`value` FROM `hs_setting`  [ RunTime:0.0000s ]
NOTIC: [2] unlink(./Application/Runtime/Temp/71df8fced343b2a8ba67c00a47a67b50.php): No such file or directory D:\xampps\htdocs\demo\ThinkPHP\Library\Think\Cache\Driver\File.class.php 第 157 行.
INFO: Run Common\Behavior\SettingBehavior [ RunTime:0.019001s ]
INFO: [ app_begin ] --END-- [ RunTime:0.019001s ]
SQL: SHOW COLUMNS FROM `hs_service` [ RunTime:0.0020s ]
SQL: SELECT * FROM `hs_service`  [ RunTime:0.0000s ]
SQL: SHOW COLUMNS FROM `hs_craftsmanship` [ RunTime:0.0020s ]
SQL: SELECT * FROM `hs_craftsmanship`  [ RunTime:0.0000s ]
SQL: SHOW COLUMNS FROM `hs_craftsman` [ RunTime:0.0030s ]
SQL: SELECT * FROM `hs_craftsman` WHERE ( username ='pandx' ) LIMIT 1   [ RunTime:0.0010s ]
SQL: UPDATE `hs_craftsman` SET `lastlogintime`='1442123621',`lastloginip`='127.0.0.1' WHERE ( craftsmanid ='2' ) [ RunTime:0.0000s ]
INFO: [ view_parse ] --START--
INFO: [ template_filter ] --START--
INFO: Run Behavior\ContentReplaceBehavior [ RunTime:0.000000s ]
INFO: [ template_filter ] --END-- [ RunTime:0.000000s ]
INFO: Run Behavior\ParseTemplateBehavior [ RunTime:0.004001s ]
INFO: [ view_parse ] --END-- [ RunTime:0.004001s ]
INFO: [ view_filter ] --START--
INFO: Run Behavior\WriteHtmlCacheBehavior [ RunTime:0.000000s ]
INFO: [ view_filter ] --END-- [ RunTime:0.000000s ]
INFO: [ app_end ] --START--
INFO: Run Behavior\ShowPageTraceBehavior [ RunTime:0.000000s ]
INFO: [ app_end ] --END-- [ RunTime:0.000000s ]

[ 2015-09-13T13:53:42+08:00 ] 127.0.0.1 /demo/index.php/home/craftsman/index
INFO: [ app_init ] --START--
INFO: Run Behavior\BuildLiteBehavior [ RunTime:0.000000s ]
INFO: [ app_init ] --END-- [ RunTime:0.000000s ]
INFO: [ app_begin ] --START--
INFO: Run Behavior\ReadHtmlCacheBehavior [ RunTime:0.000000s ]
SQL: SHOW COLUMNS FROM `hs_setting` [ RunTime:0.0020s ]
SQL: SELECT `key`,`value` FROM `hs_setting`  [ RunTime:0.0000s ]
NOTIC: [2] unlink(./Application/Runtime/Temp/71df8fced343b2a8ba67c00a47a67b50.php): No such file or directory D:\xampps\htdocs\demo\ThinkPHP\Library\Think\Cache\Driver\File.class.php 第 157 行.
INFO: Run Common\Behavior\SettingBehavior [ RunTime:0.017001s ]
INFO: [ app_begin ] --END-- [ RunTime:0.017001s ]

[ 2015-09-13T13:55:26+08:00 ] 127.0.0.1 /demo/index.php/home/craftsman/index
INFO: [ app_init ] --START--
INFO: Run Behavior\BuildLiteBehavior [ RunTime:0.000000s ]
INFO: [ app_init ] --END-- [ RunTime:0.001000s ]
INFO: [ app_begin ] --START--
INFO: Run Behavior\ReadHtmlCacheBehavior [ RunTime:0.001000s ]
SQL: SHOW COLUMNS FROM `hs_setting` [ RunTime:0.0020s ]
SQL: SELECT `key`,`value` FROM `hs_setting`  [ RunTime:0.0000s ]
NOTIC: [2] unlink(./Application/Runtime/Temp/71df8fced343b2a8ba67c00a47a67b50.php): No such file or directory D:\xampps\htdocs\demo\ThinkPHP\Library\Think\Cache\Driver\File.class.php 第 157 行.
INFO: Run Common\Behavior\SettingBehavior [ RunTime:0.008000s ]
INFO: [ app_begin ] --END-- [ RunTime:0.009000s ]
SQL: SHOW COLUMNS FROM `hs_craftsman` [ RunTime:0.0020s ]
SQL: SELECT * FROM `hs_craftsman` WHERE ( craftsmanid=2 ) LIMIT 1   [ RunTime:0.0010s ]
SQL: SHOW COLUMNS FROM `hs_order` [ RunTime:0.0030s ]
SQL: SELECT * FROM `hs_order` WHERE `status` < 3  [ RunTime:0.0010s ]
INFO: [ view_parse ] --START--
NOTIC: [2] file_get_contents(./Application/Home/View/Craftsman/description.html): failed to open stream: No such file or directory D:\xampps\htdocs\demo\ThinkPHP\Library\Think\Template.class.php 第 696 行.
INFO: [ template_filter ] --START--
INFO: Run Behavior\ContentReplaceBehavior [ RunTime:0.000000s ]
INFO: [ template_filter ] --END-- [ RunTime:0.000000s ]
INFO: Run Behavior\ParseTemplateBehavior [ RunTime:0.007000s ]
INFO: [ view_parse ] --END-- [ RunTime:0.007000s ]
INFO: [ view_filter ] --START--
INFO: Run Behavior\WriteHtmlCacheBehavior [ RunTime:0.000000s ]
INFO: [ view_filter ] --END-- [ RunTime:0.000000s ]
INFO: [ app_end ] --START--
INFO: Run Behavior\ShowPageTraceBehavior [ RunTime:0.000000s ]
INFO: [ app_end ] --END-- [ RunTime:0.001000s ]

[ 2015-09-13T14:10:22+08:00 ] 127.0.0.1 /demo/index.php/home/craftsman/index
INFO: [ app_init ] --START--
INFO: Run Behavior\BuildLiteBehavior [ RunTime:0.000000s ]
INFO: [ app_init ] --END-- [ RunTime:0.000000s ]
INFO: [ app_begin ] --START--
INFO: Run Behavior\ReadHtmlCacheBehavior [ RunTime:0.000000s ]
SQL: SHOW COLUMNS FROM `hs_setting` [ RunTime:0.0020s ]
SQL: SELECT `key`,`value` FROM `hs_setting`  [ RunTime:0.0000s ]
NOTIC: [2] unlink(./Application/Runtime/Temp/71df8fced343b2a8ba67c00a47a67b50.php): No such file or directory D:\xampps\htdocs\demo\ThinkPHP\Library\Think\Cache\Driver\File.class.php 第 157 行.
INFO: Run Common\Behavior\SettingBehavior [ RunTime:0.019002s ]
INFO: [ app_begin ] --END-- [ RunTime:0.019002s ]
SQL: SHOW COLUMNS FROM `hs_craftsman` [ RunTime:0.0020s ]
SQL: SELECT * FROM `hs_craftsman` WHERE ( craftsmanid=2 ) LIMIT 1   [ RunTime:0.0010s ]
SQL: SHOW COLUMNS FROM `hs_order` [ RunTime:0.0010s ]
SQL: SELECT * FROM `hs_order` WHERE `status` < 3  [ RunTime:0.0000s ]
INFO: [ view_parse ] --START--
NOTIC: [2] file_get_contents(./Application/Home/View/Craftsman/description.html): failed to open stream: No such file or directory D:\xampps\htdocs\demo\ThinkPHP\Library\Think\Template.class.php 第 696 行.
INFO: [ template_filter ] --START--
INFO: Run Behavior\ContentReplaceBehavior [ RunTime:0.000000s ]
INFO: [ template_filter ] --END-- [ RunTime:0.000000s ]
INFO: Run Behavior\ParseTemplateBehavior [ RunTime:0.006000s ]
INFO: [ view_parse ] --END-- [ RunTime:0.006000s ]
INFO: [ view_filter ] --START--
INFO: Run Behavior\WriteHtmlCacheBehavior [ RunTime:0.000000s ]
INFO: [ view_filter ] --END-- [ RunTime:0.000000s ]
INFO: [ app_end ] --START--
INFO: Run Behavior\ShowPageTraceBehavior [ RunTime:0.000000s ]
INFO: [ app_end ] --END-- [ RunTime:0.000000s ]

[ 2015-09-13T14:10:26+08:00 ] 127.0.0.1 /demo/index.php/home/craftsman/modify_tech
INFO: [ app_init ] --START--
INFO: Run Behavior\BuildLiteBehavior [ RunTime:0.000000s ]
INFO: [ app_init ] --END-- [ RunTime:0.000000s ]
INFO: [ app_begin ] --START--
INFO: Run Behavior\ReadHtmlCacheBehavior [ RunTime:0.001000s ]
SQL: SHOW COLUMNS FROM `hs_setting` [ RunTime:0.0020s ]
SQL: SELECT `key`,`value` FROM `hs_setting`  [ RunTime:0.0000s ]
NOTIC: [2] unlink(./Application/Runtime/Temp/71df8fced343b2a8ba67c00a47a67b50.php): No such file or directory D:\xampps\htdocs\demo\ThinkPHP\Library\Think\Cache\Driver\File.class.php 第 157 行.
INFO: Run Common\Behavior\SettingBehavior [ RunTime:0.008001s ]
INFO: [ app_begin ] --END-- [ RunTime:0.009001s ]
SQL: SHOW COLUMNS FROM `hs_craftsman` [ RunTime:0.0010s ]
SQL: SELECT * FROM `hs_craftsman` WHERE ( craftsmanid=2 ) LIMIT 1   [ RunTime:0.0000s ]
SQL: SELECT * FROM `hs_craftsman` WHERE ( craftsmanid=2 ) LIMIT 1   [ RunTime:0.0000s ]
INFO: [ app_end ] --START--
INFO: Run Behavior\ShowPageTraceBehavior [ RunTime:0.001000s ]
INFO: [ app_end ] --END-- [ RunTime:0.001000s ]

[ 2015-09-13T14:43:35+08:00 ] 127.0.0.1 /demo/index.php/home/craftsman/index
INFO: [ app_init ] --START--
INFO: Run Behavior\BuildLiteBehavior [ RunTime:0.000000s ]
INFO: [ app_init ] --END-- [ RunTime:0.000000s ]
INFO: [ app_begin ] --START--
INFO: Run Behavior\ReadHtmlCacheBehavior [ RunTime:0.000000s ]
SQL: SHOW COLUMNS FROM `hs_setting` [ RunTime:0.0010s ]
SQL: SELECT `key`,`value` FROM `hs_setting`  [ RunTime:0.0000s ]
NOTIC: [2] unlink(./Application/Runtime/Temp/71df8fced343b2a8ba67c00a47a67b50.php): No such file or directory D:\xampps\htdocs\demo\ThinkPHP\Library\Think\Cache\Driver\File.class.php 第 157 行.
INFO: Run Common\Behavior\SettingBehavior [ RunTime:0.010001s ]
INFO: [ app_begin ] --END-- [ RunTime:0.011001s ]
SQL: SHOW COLUMNS FROM `hs_craftsman` [ RunTime:0.0020s ]
SQL: SELECT * FROM `hs_craftsman` WHERE ( craftsmanid=2 ) LIMIT 1   [ RunTime:0.0000s ]
SQL: SHOW COLUMNS FROM `hs_order` [ RunTime:0.0020s ]
SQL: SELECT * FROM `hs_order` WHERE `status` < 3  [ RunTime:0.0000s ]
INFO: [ view_parse ] --START--
NOTIC: [2] file_get_contents(./Application/Home/View/Craftsman/description.html): failed to open stream: No such file or directory D:\xampps\htdocs\demo\ThinkPHP\Library\Think\Template.class.php 第 696 行.
INFO: [ template_filter ] --START--
INFO: Run Behavior\ContentReplaceBehavior [ RunTime:0.000000s ]
INFO: [ template_filter ] --END-- [ RunTime:0.000000s ]
INFO: Run Behavior\ParseTemplateBehavior [ RunTime:0.008001s ]
INFO: [ view_parse ] --END-- [ RunTime:0.008001s ]
INFO: [ view_filter ] --START--
INFO: Run Behavior\WriteHtmlCacheBehavior [ RunTime:0.001000s ]
INFO: [ view_filter ] --END-- [ RunTime:0.001000s ]
INFO: [ app_end ] --START--
INFO: Run Behavior\ShowPageTraceBehavior [ RunTime:0.001000s ]
INFO: [ app_end ] --END-- [ RunTime:0.001000s ]

[ 2015-09-13T14:43:36+08:00 ] 127.0.0.1 /demo/index.php/home/craftsman/index
INFO: [ app_init ] --START--
INFO: Run Behavior\BuildLiteBehavior [ RunTime:0.000000s ]
INFO: [ app_init ] --END-- [ RunTime:0.000000s ]
INFO: [ app_begin ] --START--
INFO: Run Behavior\ReadHtmlCacheBehavior [ RunTime:0.000000s ]
SQL: SHOW COLUMNS FROM `hs_setting` [ RunTime:0.0020s ]
SQL: SELECT `key`,`value` FROM `hs_setting`  [ RunTime:0.0010s ]
NOTIC: [2] unlink(./Application/Runtime/Temp/71df8fced343b2a8ba67c00a47a67b50.php): No such file or directory D:\xampps\htdocs\demo\ThinkPHP\Library\Think\Cache\Driver\File.class.php 第 157 行.
INFO: Run Common\Behavior\SettingBehavior [ RunTime:0.011000s ]
INFO: [ app_begin ] --END-- [ RunTime:0.011000s ]
SQL: SHOW COLUMNS FROM `hs_craftsman` [ RunTime:0.0020s ]
SQL: SELECT * FROM `hs_craftsman` WHERE ( craftsmanid=2 ) LIMIT 1   [ RunTime:0.0000s ]
SQL: SHOW COLUMNS FROM `hs_order` [ RunTime:0.0020s ]
SQL: SELECT * FROM `hs_order` WHERE `status` < 3  [ RunTime:0.0000s ]
INFO: [ view_parse ] --START--
NOTIC: [2] file_get_contents(./Application/Home/View/Craftsman/description.html): failed to open stream: No such file or directory D:\xampps\htdocs\demo\ThinkPHP\Library\Think\Template.class.php 第 696 行.
INFO: [ template_filter ] --START--
INFO: Run Behavior\ContentReplaceBehavior [ RunTime:0.000000s ]
INFO: [ template_filter ] --END-- [ RunTime:0.000000s ]
INFO: Run Behavior\ParseTemplateBehavior [ RunTime:0.007000s ]
INFO: [ view_parse ] --END-- [ RunTime:0.007000s ]
INFO: [ view_filter ] --START--
INFO: Run Behavior\WriteHtmlCacheBehavior [ RunTime:0.000000s ]
INFO: [ view_filter ] --END-- [ RunTime:0.001000s ]
INFO: [ app_end ] --START--
INFO: Run Behavior\ShowPageTraceBehavior [ RunTime:0.001000s ]
INFO: [ app_end ] --END-- [ RunTime:0.001000s ]

[ 2015-09-13T14:43:38+08:00 ] 127.0.0.1 /demo/index.php/home/craftsman/modify_tech
INFO: [ app_init ] --START--
INFO: Run Behavior\BuildLiteBehavior [ RunTime:0.000000s ]
INFO: [ app_init ] --END-- [ RunTime:0.000000s ]
INFO: [ app_begin ] --START--
INFO: Run Behavior\ReadHtmlCacheBehavior [ RunTime:0.001000s ]
SQL: SHOW COLUMNS FROM `hs_setting` [ RunTime:0.0020s ]
SQL: SELECT `key`,`value` FROM `hs_setting`  [ RunTime:0.0000s ]
NOTIC: [2] unlink(./Application/Runtime/Temp/71df8fced343b2a8ba67c00a47a67b50.php): No such file or directory D:\xampps\htdocs\demo\ThinkPHP\Library\Think\Cache\Driver\File.class.php 第 157 行.
INFO: Run Common\Behavior\SettingBehavior [ RunTime:0.017001s ]
INFO: [ app_begin ] --END-- [ RunTime:0.018001s ]
SQL: SHOW COLUMNS FROM `hs_craftsman` [ RunTime:0.0020s ]
SQL: SELECT * FROM `hs_craftsman` WHERE ( craftsmanid=2 ) LIMIT 1   [ RunTime:0.0010s ]
SQL: SHOW COLUMNS FROM `hs_craftsmanship` [ RunTime:0.0030s ]
SQL: SELECT * FROM `hs_craftsmanship`  [ RunTime:0.0000s ]
SQL: SELECT * FROM `hs_craftsman` WHERE ( craftsmanid=2 ) LIMIT 1   [ RunTime:0.0010s ]
INFO: [ app_end ] --START--
INFO: Run Behavior\ShowPageTraceBehavior [ RunTime:0.001000s ]
INFO: [ app_end ] --END-- [ RunTime:0.001000s ]

[ 2015-09-13T14:45:26+08:00 ] 127.0.0.1 /demo/index.php/home/craftsman/index
INFO: [ app_init ] --START--
INFO: Run Behavior\BuildLiteBehavior [ RunTime:0.000000s ]
INFO: [ app_init ] --END-- [ RunTime:0.000000s ]
INFO: [ app_begin ] --START--
INFO: Run Behavior\ReadHtmlCacheBehavior [ RunTime:0.001000s ]
SQL: SHOW COLUMNS FROM `hs_setting` [ RunTime:0.0020s ]
SQL: SELECT `key`,`value` FROM `hs_setting`  [ RunTime:0.0000s ]
NOTIC: [2] unlink(./Application/Runtime/Temp/71df8fced343b2a8ba67c00a47a67b50.php): No such file or directory D:\xampps\htdocs\demo\ThinkPHP\Library\Think\Cache\Driver\File.class.php 第 157 行.
INFO: Run Common\Behavior\SettingBehavior [ RunTime:0.010001s ]
INFO: [ app_begin ] --END-- [ RunTime:0.011001s ]
SQL: SHOW COLUMNS FROM `hs_craftsman` [ RunTime:0.0020s ]
SQL: SELECT * FROM `hs_craftsman` WHERE ( craftsmanid=2 ) LIMIT 1   [ RunTime:0.0000s ]
SQL: SHOW COLUMNS FROM `hs_order` [ RunTime:0.0020s ]
SQL: SELECT * FROM `hs_order` WHERE `status` < 3  [ RunTime:0.0000s ]
INFO: [ view_parse ] --START--
NOTIC: [2] file_get_contents(./Application/Home/View/Craftsman/description.html): failed to open stream: No such file or directory D:\xampps\htdocs\demo\ThinkPHP\Library\Think\Template.class.php 第 696 行.
INFO: [ template_filter ] --START--
INFO: Run Behavior\ContentReplaceBehavior [ RunTime:0.000000s ]
INFO: [ template_filter ] --END-- [ RunTime:0.000000s ]
INFO: Run Behavior\ParseTemplateBehavior [ RunTime:0.007001s ]
INFO: [ view_parse ] --END-- [ RunTime:0.007001s ]
INFO: [ view_filter ] --START--
INFO: Run Behavior\WriteHtmlCacheBehavior [ RunTime:0.001000s ]
INFO: [ view_filter ] --END-- [ RunTime:0.001000s ]
INFO: [ app_end ] --START--
INFO: Run Behavior\ShowPageTraceBehavior [ RunTime:0.001000s ]
INFO: [ app_end ] --END-- [ RunTime:0.001000s ]

[ 2015-09-13T14:45:27+08:00 ] 127.0.0.1 /demo/index.php/home/craftsman/index
INFO: [ app_init ] --START--
INFO: Run Behavior\BuildLiteBehavior [ RunTime:0.000000s ]
INFO: [ app_init ] --END-- [ RunTime:0.000000s ]
INFO: [ app_begin ] --START--
INFO: Run Behavior\ReadHtmlCacheBehavior [ RunTime:0.000000s ]
SQL: SHOW COLUMNS FROM `hs_setting` [ RunTime:0.0020s ]
SQL: SELECT `key`,`value` FROM `hs_setting`  [ RunTime:0.0010s ]
NOTIC: [2] unlink(./Application/Runtime/Temp/71df8fced343b2a8ba67c00a47a67b50.php): No such file or directory D:\xampps\htdocs\demo\ThinkPHP\Library\Think\Cache\Driver\File.class.php 第 157 行.
INFO: Run Common\Behavior\SettingBehavior [ RunTime:0.011000s ]
INFO: [ app_begin ] --END-- [ RunTime:0.011000s ]
SQL: SHOW COLUMNS FROM `hs_craftsman` [ RunTime:0.0020s ]
SQL: SELECT * FROM `hs_craftsman` WHERE ( craftsmanid=2 ) LIMIT 1   [ RunTime:0.0000s ]
SQL: SHOW COLUMNS FROM `hs_order` [ RunTime:0.0030s ]
SQL: SELECT * FROM `hs_order` WHERE `status` < 3  [ RunTime:0.0000s ]
INFO: [ view_parse ] --START--
NOTIC: [2] file_get_contents(./Application/Home/View/Craftsman/description.html): failed to open stream: No such file or directory D:\xampps\htdocs\demo\ThinkPHP\Library\Think\Template.class.php 第 696 行.
INFO: [ template_filter ] --START--
INFO: Run Behavior\ContentReplaceBehavior [ RunTime:0.000000s ]
INFO: [ template_filter ] --END-- [ RunTime:0.000000s ]
INFO: Run Behavior\ParseTemplateBehavior [ RunTime:0.007000s ]
INFO: [ view_parse ] --END-- [ RunTime:0.007000s ]
INFO: [ view_filter ] --START--
INFO: Run Behavior\WriteHtmlCacheBehavior [ RunTime:0.000000s ]
INFO: [ view_filter ] --END-- [ RunTime:0.000000s ]
INFO: [ app_end ] --START--
INFO: Run Behavior\ShowPageTraceBehavior [ RunTime:0.000000s ]
INFO: [ app_end ] --END-- [ RunTime:0.000000s ]

[ 2015-09-13T14:45:30+08:00 ] 127.0.0.1 /demo/index.php/home/craftsman/modify_tech
INFO: [ app_init ] --START--
INFO: Run Behavior\BuildLiteBehavior [ RunTime:0.000000s ]
INFO: [ app_init ] --END-- [ RunTime:0.001000s ]
INFO: [ app_begin ] --START--
INFO: Run Behavior\ReadHtmlCacheBehavior [ RunTime:0.000000s ]
SQL: SHOW COLUMNS FROM `hs_setting` [ RunTime:0.0020s ]
SQL: SELECT `key`,`value` FROM `hs_setting`  [ RunTime:0.0010s ]
NOTIC: [2] unlink(./Application/Runtime/Temp/71df8fced343b2a8ba67c00a47a67b50.php): No such file or directory D:\xampps\htdocs\demo\ThinkPHP\Library\Think\Cache\Driver\File.class.php 第 157 行.
INFO: Run Common\Behavior\SettingBehavior [ RunTime:0.020001s ]
INFO: [ app_begin ] --END-- [ RunTime:0.020001s ]
SQL: SHOW COLUMNS FROM `hs_craftsman` [ RunTime:0.0010s ]
SQL: SELECT * FROM `hs_craftsman` WHERE ( craftsmanid=2 ) LIMIT 1   [ RunTime:0.0010s ]
SQL: SHOW COLUMNS FROM `hs_craftsmanship` [ RunTime:0.0020s ]
SQL: SELECT * FROM `hs_craftsmanship`  [ RunTime:0.0000s ]
SQL: SELECT * FROM `hs_craftsman` WHERE ( craftsmanid=2 ) LIMIT 1   [ RunTime:0.0010s ]
INFO: [ view_parse ] --START--
NOTIC: [2] file_get_contents(./Application/Home/View/Craftsman/description.html): failed to open stream: No such file or directory D:\xampps\htdocs\demo\ThinkPHP\Library\Think\Template.class.php 第 696 行.
INFO: [ template_filter ] --START--
INFO: Run Behavior\ContentReplaceBehavior [ RunTime:0.000000s ]
INFO: [ template_filter ] --END-- [ RunTime:0.000000s ]
INFO: Run Behavior\ParseTemplateBehavior [ RunTime:0.006001s ]
INFO: [ view_parse ] --END-- [ RunTime:0.006001s ]
INFO: [ view_filter ] --START--
INFO: Run Behavior\WriteHtmlCacheBehavior [ RunTime:0.000000s ]
INFO: [ view_filter ] --END-- [ RunTime:0.000000s ]
INFO: [ app_end ] --START--
INFO: Run Behavior\ShowPageTraceBehavior [ RunTime:0.000000s ]
INFO: [ app_end ] --END-- [ RunTime:0.000000s ]

[ 2015-09-13T14:47:13+08:00 ] 127.0.0.1 /demo/index.php/home/craftsman/index
INFO: [ app_init ] --START--
INFO: Run Behavior\BuildLiteBehavior [ RunTime:0.000000s ]
INFO: [ app_init ] --END-- [ RunTime:0.000000s ]
INFO: [ app_begin ] --START--
INFO: Run Behavior\ReadHtmlCacheBehavior [ RunTime:0.001000s ]
SQL: SHOW COLUMNS FROM `hs_setting` [ RunTime:0.0010s ]
SQL: SELECT `key`,`value` FROM `hs_setting`  [ RunTime:0.0010s ]
NOTIC: [2] unlink(./Application/Runtime/Temp/71df8fced343b2a8ba67c00a47a67b50.php): No such file or directory D:\xampps\htdocs\demo\ThinkPHP\Library\Think\Cache\Driver\File.class.php 第 157 行.
INFO: Run Common\Behavior\SettingBehavior [ RunTime:0.021001s ]
INFO: [ app_begin ] --END-- [ RunTime:0.022001s ]
SQL: SHOW COLUMNS FROM `hs_craftsman` [ RunTime:0.0020s ]
SQL: SELECT * FROM `hs_craftsman` WHERE ( craftsmanid=2 ) LIMIT 1   [ RunTime:0.0000s ]
SQL: SHOW COLUMNS FROM `hs_order` [ RunTime:0.0020s ]
SQL: SELECT * FROM `hs_order` WHERE `status` < 3  [ RunTime:0.0000s ]
INFO: [ view_parse ] --START--
NOTIC: [2] file_get_contents(./Application/Home/View/Craftsman/description.html): failed to open stream: No such file or directory D:\xampps\htdocs\demo\ThinkPHP\Library\Think\Template.class.php 第 696 行.
INFO: [ template_filter ] --START--
INFO: Run Behavior\ContentReplaceBehavior [ RunTime:0.000000s ]
INFO: [ template_filter ] --END-- [ RunTime:0.000000s ]
INFO: Run Behavior\ParseTemplateBehavior [ RunTime:0.007000s ]
INFO: [ view_parse ] --END-- [ RunTime:0.007000s ]
INFO: [ view_filter ] --START--
INFO: Run Behavior\WriteHtmlCacheBehavior [ RunTime:0.000000s ]
INFO: [ view_filter ] --END-- [ RunTime:0.000000s ]
INFO: [ app_end ] --START--
INFO: Run Behavior\ShowPageTraceBehavior [ RunTime:0.001000s ]
INFO: [ app_end ] --END-- [ RunTime:0.001000s ]

[ 2015-09-13T14:47:15+08:00 ] 127.0.0.1 /demo/index.php/home/craftsman/index
INFO: [ app_init ] --START--
INFO: Run Behavior\BuildLiteBehavior [ RunTime:0.000000s ]
INFO: [ app_init ] --END-- [ RunTime:0.000000s ]
INFO: [ app_begin ] --START--
INFO: Run Behavior\ReadHtmlCacheBehavior [ RunTime:0.000000s ]
SQL: SHOW COLUMNS FROM `hs_setting` [ RunTime:0.0010s ]
SQL: SELECT `key`,`value` FROM `hs_setting`  [ RunTime:0.0010s ]
NOTIC: [2] unlink(./Application/Runtime/Temp/71df8fced343b2a8ba67c00a47a67b50.php): No such file or directory D:\xampps\htdocs\demo\ThinkPHP\Library\Think\Cache\Driver\File.class.php 第 157 行.
INFO: Run Common\Behavior\SettingBehavior [ RunTime:0.011001s ]
INFO: [ app_begin ] --END-- [ RunTime:0.011001s ]
SQL: SHOW COLUMNS FROM `hs_craftsman` [ RunTime:0.0020s ]
SQL: SELECT * FROM `hs_craftsman` WHERE ( craftsmanid=2 ) LIMIT 1   [ RunTime:0.0010s ]
SQL: SHOW COLUMNS FROM `hs_order` [ RunTime:0.0010s ]
SQL: SELECT * FROM `hs_order` WHERE `status` < 3  [ RunTime:0.0010s ]
INFO: [ view_parse ] --START--
NOTIC: [2] file_get_contents(./Application/Home/View/Craftsman/description.html): failed to open stream: No such file or directory D:\xampps\htdocs\demo\ThinkPHP\Library\Think\Template.class.php 第 696 行.
INFO: [ template_filter ] --START--
INFO: Run Behavior\ContentReplaceBehavior [ RunTime:0.000000s ]
INFO: [ template_filter ] --END-- [ RunTime:0.000000s ]
INFO: Run Behavior\ParseTemplateBehavior [ RunTime:0.007001s ]
INFO: [ view_parse ] --END-- [ RunTime:0.007001s ]
INFO: [ view_filter ] --START--
INFO: Run Behavior\WriteHtmlCacheBehavior [ RunTime:0.000000s ]
INFO: [ view_filter ] --END-- [ RunTime:0.000000s ]
INFO: [ app_end ] --START--
INFO: Run Behavior\ShowPageTraceBehavior [ RunTime:0.001000s ]
INFO: [ app_end ] --END-- [ RunTime:0.001000s ]

[ 2015-09-13T14:47:37+08:00 ] 127.0.0.1 /demo/index.php/home/craftsman/modify_tech
INFO: [ app_init ] --START--
INFO: Run Behavior\BuildLiteBehavior [ RunTime:0.000000s ]
INFO: [ app_init ] --END-- [ RunTime:0.000000s ]
INFO: [ app_begin ] --START--
INFO: Run Behavior\ReadHtmlCacheBehavior [ RunTime:0.001000s ]
SQL: SHOW COLUMNS FROM `hs_setting` [ RunTime:0.0010s ]
SQL: SELECT `key`,`value` FROM `hs_setting`  [ RunTime:0.0000s ]
NOTIC: [2] unlink(./Application/Runtime/Temp/71df8fced343b2a8ba67c00a47a67b50.php): No such file or directory D:\xampps\htdocs\demo\ThinkPHP\Library\Think\Cache\Driver\File.class.php 第 157 行.
INFO: Run Common\Behavior\SettingBehavior [ RunTime:0.010001s ]
INFO: [ app_begin ] --END-- [ RunTime:0.011001s ]
SQL: SHOW COLUMNS FROM `hs_craftsman` [ RunTime:0.0020s ]
SQL: SELECT * FROM `hs_craftsman` WHERE ( craftsmanid=2 ) LIMIT 1   [ RunTime:0.0010s ]
SQL: SHOW COLUMNS FROM `hs_craftsmanship` [ RunTime:0.0020s ]
SQL: SELECT * FROM `hs_craftsmanship`  [ RunTime:0.0000s ]
SQL: SELECT * FROM `hs_craftsman` WHERE ( craftsmanid=2 ) LIMIT 1   [ RunTime:0.0000s ]
INFO: [ view_parse ] --START--
NOTIC: [2] file_get_contents(./Application/Home/View/Craftsman/description.html): failed to open stream: No such file or directory D:\xampps\htdocs\demo\ThinkPHP\Library\Think\Template.class.php 第 696 行.
INFO: [ template_filter ] --START--
INFO: Run Behavior\ContentReplaceBehavior [ RunTime:0.000000s ]
INFO: [ template_filter ] --END-- [ RunTime:0.000000s ]
INFO: Run Behavior\ParseTemplateBehavior [ RunTime:0.006001s ]
INFO: [ view_parse ] --END-- [ RunTime:0.006001s ]
INFO: [ view_filter ] --START--
INFO: Run Behavior\WriteHtmlCacheBehavior [ RunTime:0.000000s ]
INFO: [ view_filter ] --END-- [ RunTime:0.000000s ]
INFO: [ app_end ] --START--
INFO: Run Behavior\ShowPageTraceBehavior [ RunTime:0.001000s ]
INFO: [ app_end ] --END-- [ RunTime:0.001000s ]

[ 2015-09-13T15:22:11+08:00 ] 127.0.0.1 /demo/index.php/home/craftsman/index
INFO: [ app_init ] --START--
INFO: Run Behavior\BuildLiteBehavior [ RunTime:0.000000s ]
INFO: [ app_init ] --END-- [ RunTime:0.000000s ]
INFO: [ app_begin ] --START--
INFO: Run Behavior\ReadHtmlCacheBehavior [ RunTime:0.001000s ]
SQL: SHOW COLUMNS FROM `hs_setting` [ RunTime:0.0020s ]
SQL: SELECT `key`,`value` FROM `hs_setting`  [ RunTime:0.0000s ]
NOTIC: [2] unlink(./Application/Runtime/Temp/71df8fced343b2a8ba67c00a47a67b50.php): No such file or directory D:\xampps\htdocs\demo\ThinkPHP\Library\Think\Cache\Driver\File.class.php 第 157 行.
INFO: Run Common\Behavior\SettingBehavior [ RunTime:0.019001s ]
INFO: [ app_begin ] --END-- [ RunTime:0.020001s ]
SQL: SHOW COLUMNS FROM `hs_craftsman` [ RunTime:0.0020s ]
SQL: SELECT * FROM `hs_craftsman` WHERE ( craftsmanid=2 ) LIMIT 1   [ RunTime:0.0000s ]
SQL: SHOW COLUMNS FROM `hs_order` [ RunTime:0.0020s ]
SQL: SELECT * FROM `hs_order` WHERE `status` < 3  [ RunTime:0.0000s ]
INFO: [ view_parse ] --START--
NOTIC: [2] file_get_contents(./Application/Home/View/Craftsman/description.html): failed to open stream: No such file or directory D:\xampps\htdocs\demo\ThinkPHP\Library\Think\Template.class.php 第 696 行.
INFO: [ template_filter ] --START--
INFO: Run Behavior\ContentReplaceBehavior [ RunTime:0.000000s ]
INFO: [ template_filter ] --END-- [ RunTime:0.000000s ]
INFO: Run Behavior\ParseTemplateBehavior [ RunTime:0.007000s ]
INFO: [ view_parse ] --END-- [ RunTime:0.007000s ]
INFO: [ view_filter ] --START--
INFO: Run Behavior\WriteHtmlCacheBehavior [ RunTime:0.001000s ]
INFO: [ view_filter ] --END-- [ RunTime:0.001000s ]
INFO: [ app_end ] --START--
INFO: Run Behavior\ShowPageTraceBehavior [ RunTime:0.001000s ]
INFO: [ app_end ] --END-- [ RunTime:0.001000s ]

[ 2015-09-13T15:22:17+08:00 ] 127.0.0.1 /demo/index.php/home/craftsman/modify_tech
INFO: [ app_init ] --START--
INFO: Run Behavior\BuildLiteBehavior [ RunTime:0.000000s ]
INFO: [ app_init ] --END-- [ RunTime:0.001000s ]
INFO: [ app_begin ] --START--
INFO: Run Behavior\ReadHtmlCacheBehavior [ RunTime:0.000000s ]
SQL: SHOW COLUMNS FROM `hs_setting` [ RunTime:0.0020s ]
SQL: SELECT `key`,`value` FROM `hs_setting`  [ RunTime:0.0010s ]
NOTIC: [2] unlink(./Application/Runtime/Temp/71df8fced343b2a8ba67c00a47a67b50.php): No such file or directory D:\xampps\htdocs\demo\ThinkPHP\Library\Think\Cache\Driver\File.class.php 第 157 行.
INFO: Run Common\Behavior\SettingBehavior [ RunTime:0.011001s ]
INFO: [ app_begin ] --END-- [ RunTime:0.011001s ]
SQL: SHOW COLUMNS FROM `hs_craftsman` [ RunTime:0.0020s ]
SQL: SELECT * FROM `hs_craftsman` WHERE ( craftsmanid=2 ) LIMIT 1   [ RunTime:0.0000s ]
SQL: SHOW COLUMNS FROM `hs_craftsmanship` [ RunTime:0.0030s ]
SQL: SELECT * FROM `hs_craftsmanship`  [ RunTime:0.0000s ]
SQL: SELECT * FROM `hs_craftsman` WHERE ( craftsmanid=2 ) LIMIT 1   [ RunTime:0.0000s ]
INFO: [ view_parse ] --START--
NOTIC: [2] file_get_contents(./Application/Home/View/Craftsman/description.html): failed to open stream: No such file or directory D:\xampps\htdocs\demo\ThinkPHP\Library\Think\Template.class.php 第 696 行.
INFO: [ template_filter ] --START--
INFO: Run Behavior\ContentReplaceBehavior [ RunTime:0.000000s ]
INFO: [ template_filter ] --END-- [ RunTime:0.000000s ]
INFO: Run Behavior\ParseTemplateBehavior [ RunTime:0.007000s ]
INFO: [ view_parse ] --END-- [ RunTime:0.007000s ]
INFO: [ view_filter ] --START--
INFO: Run Behavior\WriteHtmlCacheBehavior [ RunTime:0.000000s ]
INFO: [ view_filter ] --END-- [ RunTime:0.000000s ]
INFO: [ app_end ] --START--
INFO: Run Behavior\ShowPageTraceBehavior [ RunTime:0.000000s ]
INFO: [ app_end ] --END-- [ RunTime:0.000000s ]

[ 2015-09-13T15:23:43+08:00 ] 127.0.0.1 /demo/index.php/home/craftsman/index
INFO: [ app_init ] --START--
INFO: Run Behavior\BuildLiteBehavior [ RunTime:0.000000s ]
INFO: [ app_init ] --END-- [ RunTime:0.000000s ]
INFO: [ app_begin ] --START--
INFO: Run Behavior\ReadHtmlCacheBehavior [ RunTime:0.001000s ]
SQL: SHOW COLUMNS FROM `hs_setting` [ RunTime:0.0010s ]
SQL: SELECT `key`,`value` FROM `hs_setting`  [ RunTime:0.0000s ]
NOTIC: [2] unlink(./Application/Runtime/Temp/71df8fced343b2a8ba67c00a47a67b50.php): No such file or directory D:\xampps\htdocs\demo\ThinkPHP\Library\Think\Cache\Driver\File.class.php 第 157 行.
INFO: Run Common\Behavior\SettingBehavior [ RunTime:0.011001s ]
INFO: [ app_begin ] --END-- [ RunTime:0.012001s ]
SQL: SHOW COLUMNS FROM `hs_craftsman` [ RunTime:0.0020s ]
SQL: SELECT * FROM `hs_craftsman` WHERE ( craftsmanid=2 ) LIMIT 1   [ RunTime:0.0010s ]
SQL: SHOW COLUMNS FROM `hs_order` [ RunTime:0.0010s ]
SQL: SELECT * FROM `hs_order` WHERE `status` < 3  [ RunTime:0.0000s ]
INFO: [ view_parse ] --START--
NOTIC: [2] file_get_contents(./Application/Home/View/Craftsman/description.html): failed to open stream: No such file or directory D:\xampps\htdocs\demo\ThinkPHP\Library\Think\Template.class.php 第 696 行.
INFO: [ template_filter ] --START--
INFO: Run Behavior\ContentReplaceBehavior [ RunTime:0.000000s ]
INFO: [ template_filter ] --END-- [ RunTime:0.000000s ]
INFO: Run Behavior\ParseTemplateBehavior [ RunTime:0.006000s ]
INFO: [ view_parse ] --END-- [ RunTime:0.006000s ]
INFO: [ view_filter ] --START--
INFO: Run Behavior\WriteHtmlCacheBehavior [ RunTime:0.001000s ]
INFO: [ view_filter ] --END-- [ RunTime:0.001000s ]
INFO: [ app_end ] --START--
INFO: Run Behavior\ShowPageTraceBehavior [ RunTime:0.001000s ]
INFO: [ app_end ] --END-- [ RunTime:0.001000s ]

[ 2015-09-13T15:23:45+08:00 ] 127.0.0.1 /demo/index.php/home/craftsman/modify_tech
INFO: [ app_init ] --START--
INFO: Run Behavior\BuildLiteBehavior [ RunTime:0.000000s ]
INFO: [ app_init ] --END-- [ RunTime:0.000000s ]
INFO: [ app_begin ] --START--
INFO: Run Behavior\ReadHtmlCacheBehavior [ RunTime:0.000000s ]
SQL: SHOW COLUMNS FROM `hs_setting` [ RunTime:0.0020s ]
SQL: SELECT `key`,`value` FROM `hs_setting`  [ RunTime:0.0000s ]
NOTIC: [2] unlink(./Application/Runtime/Temp/71df8fced343b2a8ba67c00a47a67b50.php): No such file or directory D:\xampps\htdocs\demo\ThinkPHP\Library\Think\Cache\Driver\File.class.php 第 157 行.
INFO: Run Common\Behavior\SettingBehavior [ RunTime:0.011001s ]
INFO: [ app_begin ] --END-- [ RunTime:0.011001s ]
SQL: SHOW COLUMNS FROM `hs_craftsman` [ RunTime:0.0020s ]
SQL: SELECT * FROM `hs_craftsman` WHERE ( craftsmanid=2 ) LIMIT 1   [ RunTime:0.0000s ]
SQL: SHOW COLUMNS FROM `hs_craftsmanship` [ RunTime:0.0020s ]
SQL: SELECT * FROM `hs_craftsmanship`  [ RunTime:0.0000s ]
SQL: SELECT * FROM `hs_craftsman` WHERE ( craftsmanid=2 ) LIMIT 1   [ RunTime:0.0000s ]
INFO: [ view_parse ] --START--
NOTIC: [2] file_get_contents(./Application/Home/View/Craftsman/description.html): failed to open stream: No such file or directory D:\xampps\htdocs\demo\ThinkPHP\Library\Think\Template.class.php 第 696 行.
INFO: [ template_filter ] --START--
INFO: Run Behavior\ContentReplaceBehavior [ RunTime:0.001000s ]
INFO: [ template_filter ] --END-- [ RunTime:0.001000s ]
INFO: Run Behavior\ParseTemplateBehavior [ RunTime:0.007001s ]
INFO: [ view_parse ] --END-- [ RunTime:0.007001s ]
INFO: [ view_filter ] --START--
INFO: Run Behavior\WriteHtmlCacheBehavior [ RunTime:0.000000s ]
INFO: [ view_filter ] --END-- [ RunTime:0.000000s ]
INFO: [ app_end ] --START--
INFO: Run Behavior\ShowPageTraceBehavior [ RunTime:0.000000s ]
INFO: [ app_end ] --END-- [ RunTime:0.000000s ]

[ 2015-09-13T15:24:16+08:00 ] 127.0.0.1 /demo/index.php/home/craftsman/index
INFO: [ app_init ] --START--
INFO: Run Behavior\BuildLiteBehavior [ RunTime:0.000000s ]
INFO: [ app_init ] --END-- [ RunTime:0.001000s ]
INFO: [ app_begin ] --START--
INFO: Run Behavior\ReadHtmlCacheBehavior [ RunTime:0.000000s ]
SQL: SHOW COLUMNS FROM `hs_setting` [ RunTime:0.0020s ]
SQL: SELECT `key`,`value` FROM `hs_setting`  [ RunTime:0.0040s ]
NOTIC: [2] unlink(./Application/Runtime/Temp/71df8fced343b2a8ba67c00a47a67b50.php): No such file or directory D:\xampps\htdocs\demo\ThinkPHP\Library\Think\Cache\Driver\File.class.php 第 157 行.
INFO: Run Common\Behavior\SettingBehavior [ RunTime:0.023001s ]
INFO: [ app_begin ] --END-- [ RunTime:0.024001s ]
SQL: SHOW COLUMNS FROM `hs_craftsman` [ RunTime:0.0020s ]
SQL: SELECT * FROM `hs_craftsman` WHERE ( craftsmanid=2 ) LIMIT 1   [ RunTime:0.0010s ]
SQL: SHOW COLUMNS FROM `hs_order` [ RunTime:0.0030s ]
SQL: SELECT * FROM `hs_order` WHERE `status` < 3  [ RunTime:0.0010s ]
INFO: [ view_parse ] --START--
NOTIC: [2] file_get_contents(./Application/Home/View/Craftsman/description.html): failed to open stream: No such file or directory D:\xampps\htdocs\demo\ThinkPHP\Library\Think\Template.class.php 第 696 行.
INFO: [ template_filter ] --START--
INFO: Run Behavior\ContentReplaceBehavior [ RunTime:0.000000s ]
INFO: [ template_filter ] --END-- [ RunTime:0.000000s ]
INFO: Run Behavior\ParseTemplateBehavior [ RunTime:0.007000s ]
INFO: [ view_parse ] --END-- [ RunTime:0.007000s ]
INFO: [ view_filter ] --START--
INFO: Run Behavior\WriteHtmlCacheBehavior [ RunTime:0.001000s ]
INFO: [ view_filter ] --END-- [ RunTime:0.001000s ]
INFO: [ app_end ] --START--
INFO: Run Behavior\ShowPageTraceBehavior [ RunTime:0.000000s ]
INFO: [ app_end ] --END-- [ RunTime:0.000000s ]

[ 2015-09-13T15:24:19+08:00 ] 127.0.0.1 /demo/index.php/home/craftsman/modify_tech
INFO: [ app_init ] --START--
INFO: Run Behavior\BuildLiteBehavior [ RunTime:0.000000s ]
INFO: [ app_init ] --END-- [ RunTime:0.000000s ]
INFO: [ app_begin ] --START--
INFO: Run Behavior\ReadHtmlCacheBehavior [ RunTime:0.001000s ]
SQL: SHOW COLUMNS FROM `hs_setting` [ RunTime:0.0020s ]
SQL: SELECT `key`,`value` FROM `hs_setting`  [ RunTime:0.0000s ]
NOTIC: [2] unlink(./Application/Runtime/Temp/71df8fced343b2a8ba67c00a47a67b50.php): No such file or directory D:\xampps\htdocs\demo\ThinkPHP\Library\Think\Cache\Driver\File.class.php 第 157 行.
INFO: Run Common\Behavior\SettingBehavior [ RunTime:0.020001s ]
INFO: [ app_begin ] --END-- [ RunTime:0.021001s ]
SQL: SHOW COLUMNS FROM `hs_craftsman` [ RunTime:0.0020s ]
SQL: SELECT * FROM `hs_craftsman` WHERE ( craftsmanid=2 ) LIMIT 1   [ RunTime:0.0000s ]
SQL: SHOW COLUMNS FROM `hs_craftsmanship` [ RunTime:0.0010s ]
SQL: SELECT * FROM `hs_craftsmanship`  [ RunTime:0.0000s ]
SQL: SELECT * FROM `hs_craftsman` WHERE ( craftsmanid=2 ) LIMIT 1   [ RunTime:0.0000s ]
INFO: [ view_parse ] --START--
NOTIC: [2] file_get_contents(./Application/Home/View/Craftsman/description.html): failed to open stream: No such file or directory D:\xampps\htdocs\demo\ThinkPHP\Library\Think\Template.class.php 第 696 行.
INFO: [ template_filter ] --START--
INFO: Run Behavior\ContentReplaceBehavior [ RunTime:0.000000s ]
INFO: [ template_filter ] --END-- [ RunTime:0.000000s ]
INFO: Run Behavior\ParseTemplateBehavior [ RunTime:0.008000s ]
INFO: [ view_parse ] --END-- [ RunTime:0.008000s ]
INFO: [ view_filter ] --START--
INFO: Run Behavior\WriteHtmlCacheBehavior [ RunTime:0.000000s ]
INFO: [ view_filter ] --END-- [ RunTime:0.000000s ]
INFO: [ app_end ] --START--
INFO: Run Behavior\ShowPageTraceBehavior [ RunTime:0.000000s ]
INFO: [ app_end ] --END-- [ RunTime:0.000000s ]

[ 2015-09-13T15:50:26+08:00 ] 127.0.0.1 /demo/index.php/home/craftsman/index
INFO: [ app_init ] --START--
INFO: Run Behavior\BuildLiteBehavior [ RunTime:0.000000s ]
INFO: [ app_init ] --END-- [ RunTime:0.000000s ]
INFO: [ app_begin ] --START--
INFO: Run Behavior\ReadHtmlCacheBehavior [ RunTime:0.001000s ]
SQL: SHOW COLUMNS FROM `hs_setting` [ RunTime:0.0020s ]
SQL: SELECT `key`,`value` FROM `hs_setting`  [ RunTime:0.0010s ]
NOTIC: [2] unlink(./Application/Runtime/Temp/71df8fced343b2a8ba67c00a47a67b50.php): No such file or directory D:\xampps\htdocs\demo\ThinkPHP\Library\Think\Cache\Driver\File.class.php 第 157 行.
INFO: Run Common\Behavior\SettingBehavior [ RunTime:0.010001s ]
INFO: [ app_begin ] --END-- [ RunTime:0.011001s ]
SQL: SHOW COLUMNS FROM `hs_craftsman` [ RunTime:0.0020s ]
SQL: SELECT * FROM `hs_craftsman` WHERE ( craftsmanid=2 ) LIMIT 1   [ RunTime:0.0000s ]
SQL: SHOW COLUMNS FROM `hs_order` [ RunTime:0.0020s ]
SQL: SELECT * FROM `hs_order` WHERE `status` < 3  [ RunTime:0.0000s ]
INFO: [ view_parse ] --START--
NOTIC: [2] file_get_contents(./Application/Home/View/Craftsman/description.html): failed to open stream: No such file or directory D:\xampps\htdocs\demo\ThinkPHP\Library\Think\Template.class.php 第 696 行.
INFO: [ template_filter ] --START--
INFO: Run Behavior\ContentReplaceBehavior [ RunTime:0.000000s ]
INFO: [ template_filter ] --END-- [ RunTime:0.000000s ]
INFO: Run Behavior\ParseTemplateBehavior [ RunTime:0.006001s ]
INFO: [ view_parse ] --END-- [ RunTime:0.006001s ]
INFO: [ view_filter ] --START--
INFO: Run Behavior\WriteHtmlCacheBehavior [ RunTime:0.000000s ]
INFO: [ view_filter ] --END-- [ RunTime:0.000000s ]
INFO: [ app_end ] --START--
INFO: Run Behavior\ShowPageTraceBehavior [ RunTime:0.000000s ]
INFO: [ app_end ] --END-- [ RunTime:0.000000s ]

[ 2015-09-13T15:50:28+08:00 ] 127.0.0.1 /demo/index.php/home/craftsman/modify_tech
INFO: [ app_init ] --START--
INFO: Run Behavior\BuildLiteBehavior [ RunTime:0.000000s ]
INFO: [ app_init ] --END-- [ RunTime:0.000000s ]
INFO: [ app_begin ] --START--
INFO: Run Behavior\ReadHtmlCacheBehavior [ RunTime:0.001000s ]
SQL: SHOW COLUMNS FROM `hs_setting` [ RunTime:0.0020s ]
SQL: SELECT `key`,`value` FROM `hs_setting`  [ RunTime:0.0000s ]
NOTIC: [2] unlink(./Application/Runtime/Temp/71df8fced343b2a8ba67c00a47a67b50.php): No such file or directory D:\xampps\htdocs\demo\ThinkPHP\Library\Think\Cache\Driver\File.class.php 第 157 行.
INFO: Run Common\Behavior\SettingBehavior [ RunTime:0.019001s ]
INFO: [ app_begin ] --END-- [ RunTime:0.020001s ]
SQL: SHOW COLUMNS FROM `hs_craftsman` [ RunTime:0.0020s ]
SQL: SELECT * FROM `hs_craftsman` WHERE ( craftsmanid=2 ) LIMIT 1   [ RunTime:0.0000s ]
SQL: SHOW COLUMNS FROM `hs_craftsmanship` [ RunTime:0.0010s ]
SQL: SELECT * FROM `hs_craftsmanship`  [ RunTime:0.0010s ]
SQL: SELECT * FROM `hs_craftsman` WHERE ( craftsmanid=2 ) LIMIT 1   [ RunTime:0.0000s ]
INFO: [ view_parse ] --START--
NOTIC: [2] file_get_contents(./Application/Home/View/Craftsman/description.html): failed to open stream: No such file or directory D:\xampps\htdocs\demo\ThinkPHP\Library\Think\Template.class.php 第 696 行.
INFO: [ template_filter ] --START--
INFO: Run Behavior\ContentReplaceBehavior [ RunTime:0.000000s ]
INFO: [ template_filter ] --END-- [ RunTime:0.000000s ]
INFO: Run Behavior\ParseTemplateBehavior [ RunTime:0.007000s ]
INFO: [ view_parse ] --END-- [ RunTime:0.007000s ]
INFO: [ view_filter ] --START--
INFO: Run Behavior\WriteHtmlCacheBehavior [ RunTime:0.000000s ]
INFO: [ view_filter ] --END-- [ RunTime:0.000000s ]
INFO: [ app_end ] --START--
INFO: Run Behavior\ShowPageTraceBehavior [ RunTime:0.001000s ]
INFO: [ app_end ] --END-- [ RunTime:0.001000s ]

[ 2015-09-13T15:55:20+08:00 ] 127.0.0.1 /demo/index.php/home/craftsman/index
INFO: [ app_init ] --START--
INFO: Run Behavior\BuildLiteBehavior [ RunTime:0.000000s ]
INFO: [ app_init ] --END-- [ RunTime:0.000000s ]
INFO: [ app_begin ] --START--
INFO: Run Behavior\ReadHtmlCacheBehavior [ RunTime:0.000000s ]
SQL: SHOW COLUMNS FROM `hs_setting` [ RunTime:0.0020s ]
SQL: SELECT `key`,`value` FROM `hs_setting`  [ RunTime:0.0000s ]
NOTIC: [2] unlink(./Application/Runtime/Temp/71df8fced343b2a8ba67c00a47a67b50.php): No such file or directory D:\xampps\htdocs\demo\ThinkPHP\Library\Think\Cache\Driver\File.class.php 第 157 行.
INFO: Run Common\Behavior\SettingBehavior [ RunTime:0.020001s ]
INFO: [ app_begin ] --END-- [ RunTime:0.020001s ]
SQL: SHOW COLUMNS FROM `hs_craftsman` [ RunTime:0.0010s ]
SQL: SELECT * FROM `hs_craftsman` WHERE ( craftsmanid=2 ) LIMIT 1   [ RunTime:0.0000s ]
SQL: SHOW COLUMNS FROM `hs_order` [ RunTime:0.0020s ]
SQL: SELECT * FROM `hs_order` WHERE `status` < 3  [ RunTime:0.0000s ]
INFO: [ view_parse ] --START--
NOTIC: [2] file_get_contents(./Application/Home/View/Craftsman/description.html): failed to open stream: No such file or directory D:\xampps\htdocs\demo\ThinkPHP\Library\Think\Template.class.php 第 696 行.
INFO: [ template_filter ] --START--
INFO: Run Behavior\ContentReplaceBehavior [ RunTime:0.000000s ]
INFO: [ template_filter ] --END-- [ RunTime:0.000000s ]
INFO: Run Behavior\ParseTemplateBehavior [ RunTime:0.007000s ]
INFO: [ view_parse ] --END-- [ RunTime:0.007000s ]
INFO: [ view_filter ] --START--
INFO: Run Behavior\WriteHtmlCacheBehavior [ RunTime:0.001000s ]
INFO: [ view_filter ] --END-- [ RunTime:0.001000s ]
INFO: [ app_end ] --START--
INFO: Run Behavior\ShowPageTraceBehavior [ RunTime:0.001001s ]
INFO: [ app_end ] --END-- [ RunTime:0.001001s ]

[ 2015-09-13T15:55:22+08:00 ] 127.0.0.1 /demo/index.php/home/craftsman/modify_tech
INFO: [ app_init ] --START--
INFO: Run Behavior\BuildLiteBehavior [ RunTime:0.000000s ]
INFO: [ app_init ] --END-- [ RunTime:0.000000s ]
INFO: [ app_begin ] --START--
INFO: Run Behavior\ReadHtmlCacheBehavior [ RunTime:0.000000s ]
SQL: SHOW COLUMNS FROM `hs_setting` [ RunTime:0.0020s ]
SQL: SELECT `key`,`value` FROM `hs_setting`  [ RunTime:0.0000s ]
NOTIC: [2] unlink(./Application/Runtime/Temp/71df8fced343b2a8ba67c00a47a67b50.php): No such file or directory D:\xampps\htdocs\demo\ThinkPHP\Library\Think\Cache\Driver\File.class.php 第 157 行.
INFO: Run Common\Behavior\SettingBehavior [ RunTime:0.009000s ]
INFO: [ app_begin ] --END-- [ RunTime:0.009000s ]
SQL: SHOW COLUMNS FROM `hs_craftsman` [ RunTime:0.0020s ]
SQL: SELECT * FROM `hs_craftsman` WHERE ( craftsmanid=2 ) LIMIT 1   [ RunTime:0.0000s ]
SQL: SHOW COLUMNS FROM `hs_craftsmanship` [ RunTime:0.0010s ]
SQL: SELECT * FROM `hs_craftsmanship`  [ RunTime:0.0000s ]
SQL: SELECT * FROM `hs_craftsman` WHERE ( craftsmanid=2 ) LIMIT 1   [ RunTime:0.0000s ]
INFO: [ view_parse ] --START--
NOTIC: [2] file_get_contents(./Application/Home/View/Craftsman/description.html): failed to open stream: No such file or directory D:\xampps\htdocs\demo\ThinkPHP\Library\Think\Template.class.php 第 696 行.
INFO: [ template_filter ] --START--
INFO: Run Behavior\ContentReplaceBehavior [ RunTime:0.000000s ]
INFO: [ template_filter ] --END-- [ RunTime:0.000000s ]
INFO: Run Behavior\ParseTemplateBehavior [ RunTime:0.006001s ]
INFO: [ view_parse ] --END-- [ RunTime:0.006001s ]
INFO: [ view_filter ] --START--
INFO: Run Behavior\WriteHtmlCacheBehavior [ RunTime:0.001000s ]
INFO: [ view_filter ] --END-- [ RunTime:0.001000s ]
INFO: [ app_end ] --START--
INFO: Run Behavior\ShowPageTraceBehavior [ RunTime:0.001000s ]
INFO: [ app_end ] --END-- [ RunTime:0.001000s ]

[ 2015-09-13T15:55:46+08:00 ] 127.0.0.1 /demo/index.php/home/craftsman/index
INFO: [ app_init ] --START--
INFO: Run Behavior\BuildLiteBehavior [ RunTime:0.000000s ]
INFO: [ app_init ] --END-- [ RunTime:0.000000s ]
INFO: [ app_begin ] --START--
INFO: Run Behavior\ReadHtmlCacheBehavior [ RunTime:0.000000s ]
SQL: SHOW COLUMNS FROM `hs_setting` [ RunTime:0.0020s ]
SQL: SELECT `key`,`value` FROM `hs_setting`  [ RunTime:0.0000s ]
NOTIC: [2] unlink(./Application/Runtime/Temp/71df8fced343b2a8ba67c00a47a67b50.php): No such file or directory D:\xampps\htdocs\demo\ThinkPHP\Library\Think\Cache\Driver\File.class.php 第 157 行.
INFO: Run Common\Behavior\SettingBehavior [ RunTime:0.008000s ]
INFO: [ app_begin ] --END-- [ RunTime:0.008000s ]
SQL: SHOW COLUMNS FROM `hs_craftsman` [ RunTime:0.0020s ]
SQL: SELECT * FROM `hs_craftsman` WHERE ( craftsmanid=2 ) LIMIT 1   [ RunTime:0.0000s ]
SQL: SHOW COLUMNS FROM `hs_order` [ RunTime:0.0020s ]
SQL: SELECT * FROM `hs_order` WHERE `status` < 3  [ RunTime:0.0000s ]
INFO: [ view_parse ] --START--
NOTIC: [2] file_get_contents(./Application/Home/View/Craftsman/description.html): failed to open stream: No such file or directory D:\xampps\htdocs\demo\ThinkPHP\Library\Think\Template.class.php 第 696 行.
INFO: [ template_filter ] --START--
INFO: Run Behavior\ContentReplaceBehavior [ RunTime:0.000000s ]
INFO: [ template_filter ] --END-- [ RunTime:0.000000s ]
INFO: Run Behavior\ParseTemplateBehavior [ RunTime:0.006001s ]
INFO: [ view_parse ] --END-- [ RunTime:0.006001s ]
INFO: [ view_filter ] --START--
INFO: Run Behavior\WriteHtmlCacheBehavior [ RunTime:0.000000s ]
INFO: [ view_filter ] --END-- [ RunTime:0.000000s ]
INFO: [ app_end ] --START--
INFO: Run Behavior\ShowPageTraceBehavior [ RunTime:0.000000s ]
INFO: [ app_end ] --END-- [ RunTime:0.000000s ]

[ 2015-09-13T15:55:48+08:00 ] 127.0.0.1 /demo/index.php/home/craftsman/modify_tech
INFO: [ app_init ] --START--
INFO: Run Behavior\BuildLiteBehavior [ RunTime:0.000000s ]
INFO: [ app_init ] --END-- [ RunTime:0.000000s ]
INFO: [ app_begin ] --START--
INFO: Run Behavior\ReadHtmlCacheBehavior [ RunTime:0.000000s ]
SQL: SHOW COLUMNS FROM `hs_setting` [ RunTime:0.0020s ]
SQL: SELECT `key`,`value` FROM `hs_setting`  [ RunTime:0.0000s ]
NOTIC: [2] unlink(./Application/Runtime/Temp/71df8fced343b2a8ba67c00a47a67b50.php): No such file or directory D:\xampps\htdocs\demo\ThinkPHP\Library\Think\Cache\Driver\File.class.php 第 157 行.
INFO: Run Common\Behavior\SettingBehavior [ RunTime:0.019001s ]
INFO: [ app_begin ] --END-- [ RunTime:0.019001s ]
SQL: SHOW COLUMNS FROM `hs_craftsman` [ RunTime:0.0010s ]
SQL: SELECT * FROM `hs_craftsman` WHERE ( craftsmanid=2 ) LIMIT 1   [ RunTime:0.0000s ]
SQL: SHOW COLUMNS FROM `hs_craftsmanship` [ RunTime:0.0020s ]
SQL: SELECT * FROM `hs_craftsmanship`  [ RunTime:0.0000s ]
SQL: SELECT * FROM `hs_craftsman` WHERE ( craftsmanid=2 ) LIMIT 1   [ RunTime:0.0000s ]
INFO: [ view_parse ] --START--
NOTIC: [2] file_get_contents(./Application/Home/View/Craftsman/description.html): failed to open stream: No such file or directory D:\xampps\htdocs\demo\ThinkPHP\Library\Think\Template.class.php 第 696 行.
INFO: [ template_filter ] --START--
INFO: Run Behavior\ContentReplaceBehavior [ RunTime:0.000000s ]
INFO: [ template_filter ] --END-- [ RunTime:0.000000s ]
INFO: Run Behavior\ParseTemplateBehavior [ RunTime:0.007000s ]
INFO: [ view_parse ] --END-- [ RunTime:0.007000s ]
INFO: [ view_filter ] --START--
INFO: Run Behavior\WriteHtmlCacheBehavior [ RunTime:0.000000s ]
INFO: [ view_filter ] --END-- [ RunTime:0.000000s ]
INFO: [ app_end ] --START--
INFO: Run Behavior\ShowPageTraceBehavior [ RunTime:0.001000s ]
INFO: [ app_end ] --END-- [ RunTime:0.001000s ]

[ 2015-09-13T15:57:11+08:00 ] 127.0.0.1 /demo/index.php/home/craftsman/index
INFO: [ app_init ] --START--
INFO: Run Behavior\BuildLiteBehavior [ RunTime:0.000000s ]
INFO: [ app_init ] --END-- [ RunTime:0.001000s ]
INFO: [ app_begin ] --START--
INFO: Run Behavior\ReadHtmlCacheBehavior [ RunTime:0.000000s ]
SQL: SHOW COLUMNS FROM `hs_setting` [ RunTime:0.0010s ]
SQL: SELECT `key`,`value` FROM `hs_setting`  [ RunTime:0.0000s ]
NOTIC: [2] unlink(./Application/Runtime/Temp/71df8fced343b2a8ba67c00a47a67b50.php): No such file or directory D:\xampps\htdocs\demo\ThinkPHP\Library\Think\Cache\Driver\File.class.php 第 157 行.
INFO: Run Common\Behavior\SettingBehavior [ RunTime:0.011000s ]
INFO: [ app_begin ] --END-- [ RunTime:0.011000s ]
SQL: SHOW COLUMNS FROM `hs_craftsman` [ RunTime:0.0020s ]
SQL: SELECT * FROM `hs_craftsman` WHERE ( craftsmanid=2 ) LIMIT 1   [ RunTime:0.0010s ]
SQL: SHOW COLUMNS FROM `hs_order` [ RunTime:0.0020s ]
SQL: SELECT * FROM `hs_order` WHERE `status` < 3  [ RunTime:0.0010s ]
INFO: [ view_parse ] --START--
NOTIC: [2] file_get_contents(./Application/Home/View/Craftsman/description.html): failed to open stream: No such file or directory D:\xampps\htdocs\demo\ThinkPHP\Library\Think\Template.class.php 第 696 行.
INFO: [ template_filter ] --START--
INFO: Run Behavior\ContentReplaceBehavior [ RunTime:0.001000s ]
INFO: [ template_filter ] --END-- [ RunTime:0.001000s ]
INFO: Run Behavior\ParseTemplateBehavior [ RunTime:0.007000s ]
INFO: [ view_parse ] --END-- [ RunTime:0.007000s ]
INFO: [ view_filter ] --START--
INFO: Run Behavior\WriteHtmlCacheBehavior [ RunTime:0.000000s ]
INFO: [ view_filter ] --END-- [ RunTime:0.000000s ]
INFO: [ app_end ] --START--
INFO: Run Behavior\ShowPageTraceBehavior [ RunTime:0.001000s ]
INFO: [ app_end ] --END-- [ RunTime:0.001000s ]

[ 2015-09-13T15:57:13+08:00 ] 127.0.0.1 /demo/index.php/home/craftsman/modify_tech
INFO: [ app_init ] --START--
INFO: Run Behavior\BuildLiteBehavior [ RunTime:0.000000s ]
INFO: [ app_init ] --END-- [ RunTime:0.001000s ]
INFO: [ app_begin ] --START--
INFO: Run Behavior\ReadHtmlCacheBehavior [ RunTime:0.000000s ]
SQL: SHOW COLUMNS FROM `hs_setting` [ RunTime:0.0020s ]
SQL: SELECT `key`,`value` FROM `hs_setting`  [ RunTime:0.0000s ]
NOTIC: [2] unlink(./Application/Runtime/Temp/71df8fced343b2a8ba67c00a47a67b50.php): No such file or directory D:\xampps\htdocs\demo\ThinkPHP\Library\Think\Cache\Driver\File.class.php 第 157 行.
INFO: Run Common\Behavior\SettingBehavior [ RunTime:0.019001s ]
INFO: [ app_begin ] --END-- [ RunTime:0.020001s ]
SQL: SHOW COLUMNS FROM `hs_craftsman` [ RunTime:0.0020s ]
SQL: SELECT * FROM `hs_craftsman` WHERE ( craftsmanid=2 ) LIMIT 1   [ RunTime:0.0000s ]
SQL: SHOW COLUMNS FROM `hs_craftsmanship` [ RunTime:0.0010s ]
SQL: SELECT * FROM `hs_craftsmanship`  [ RunTime:0.0010s ]
SQL: SELECT * FROM `hs_craftsman` WHERE ( craftsmanid=2 ) LIMIT 1   [ RunTime:0.0000s ]
INFO: [ view_parse ] --START--
NOTIC: [2] file_get_contents(./Application/Home/View/Craftsman/description.html): failed to open stream: No such file or directory D:\xampps\htdocs\demo\ThinkPHP\Library\Think\Template.class.php 第 696 行.
INFO: [ template_filter ] --START--
INFO: Run Behavior\ContentReplaceBehavior [ RunTime:0.001000s ]
INFO: [ template_filter ] --END-- [ RunTime:0.001000s ]
INFO: Run Behavior\ParseTemplateBehavior [ RunTime:0.007000s ]
INFO: [ view_parse ] --END-- [ RunTime:0.007000s ]
INFO: [ view_filter ] --START--
INFO: Run Behavior\WriteHtmlCacheBehavior [ RunTime:0.000000s ]
INFO: [ view_filter ] --END-- [ RunTime:0.000000s ]
INFO: [ app_end ] --START--
INFO: Run Behavior\ShowPageTraceBehavior [ RunTime:0.000000s ]
INFO: [ app_end ] --END-- [ RunTime:0.000000s ]

[ 2015-09-13T15:57:34+08:00 ] 127.0.0.1 /demo/index.php/home/craftsman/index
INFO: [ app_init ] --START--
INFO: Run Behavior\BuildLiteBehavior [ RunTime:0.000000s ]
INFO: [ app_init ] --END-- [ RunTime:0.000000s ]
INFO: [ app_begin ] --START--
INFO: Run Behavior\ReadHtmlCacheBehavior [ RunTime:0.000000s ]
SQL: SHOW COLUMNS FROM `hs_setting` [ RunTime:0.0020s ]
SQL: SELECT `key`,`value` FROM `hs_setting`  [ RunTime:0.0000s ]
NOTIC: [2] unlink(./Application/Runtime/Temp/71df8fced343b2a8ba67c00a47a67b50.php): No such file or directory D:\xampps\htdocs\demo\ThinkPHP\Library\Think\Cache\Driver\File.class.php 第 157 行.
INFO: Run Common\Behavior\SettingBehavior [ RunTime:0.010000s ]
INFO: [ app_begin ] --END-- [ RunTime:0.010000s ]
SQL: SHOW COLUMNS FROM `hs_craftsman` [ RunTime:0.0020s ]
SQL: SELECT * FROM `hs_craftsman` WHERE ( craftsmanid=2 ) LIMIT 1   [ RunTime:0.0000s ]
SQL: SHOW COLUMNS FROM `hs_order` [ RunTime:0.0020s ]
SQL: SELECT * FROM `hs_order` WHERE `status` < 3  [ RunTime:0.0010s ]
INFO: [ view_parse ] --START--
NOTIC: [2] file_get_contents(./Application/Home/View/Craftsman/description.html): failed to open stream: No such file or directory D:\xampps\htdocs\demo\ThinkPHP\Library\Think\Template.class.php 第 696 行.
INFO: [ template_filter ] --START--
INFO: Run Behavior\ContentReplaceBehavior [ RunTime:0.000000s ]
INFO: [ template_filter ] --END-- [ RunTime:0.000000s ]
INFO: Run Behavior\ParseTemplateBehavior [ RunTime:0.007000s ]
INFO: [ view_parse ] --END-- [ RunTime:0.007000s ]
INFO: [ view_filter ] --START--
INFO: Run Behavior\WriteHtmlCacheBehavior [ RunTime:0.000000s ]
INFO: [ view_filter ] --END-- [ RunTime:0.000000s ]
INFO: [ app_end ] --START--
INFO: Run Behavior\ShowPageTraceBehavior [ RunTime:0.001000s ]
INFO: [ app_end ] --END-- [ RunTime:0.001000s ]

[ 2015-09-13T15:57:36+08:00 ] 127.0.0.1 /demo/index.php/home/craftsman/modify_tech
INFO: [ app_init ] --START--
INFO: Run Behavior\BuildLiteBehavior [ RunTime:0.000000s ]
INFO: [ app_init ] --END-- [ RunTime:0.000000s ]
INFO: [ app_begin ] --START--
INFO: Run Behavior\ReadHtmlCacheBehavior [ RunTime:0.001000s ]
SQL: SHOW COLUMNS FROM `hs_setting` [ RunTime:0.0010s ]
SQL: SELECT `key`,`value` FROM `hs_setting`  [ RunTime:0.0000s ]
NOTIC: [2] unlink(./Application/Runtime/Temp/71df8fced343b2a8ba67c00a47a67b50.php): No such file or directory D:\xampps\htdocs\demo\ThinkPHP\Library\Think\Cache\Driver\File.class.php 第 157 行.
INFO: Run Common\Behavior\SettingBehavior [ RunTime:0.009000s ]
INFO: [ app_begin ] --END-- [ RunTime:0.010000s ]
SQL: SHOW COLUMNS FROM `hs_craftsman` [ RunTime:0.0020s ]
SQL: SELECT * FROM `hs_craftsman` WHERE ( craftsmanid=2 ) LIMIT 1   [ RunTime:0.0000s ]
SQL: SHOW COLUMNS FROM `hs_craftsmanship` [ RunTime:0.0010s ]
SQL: SELECT * FROM `hs_craftsmanship`  [ RunTime:0.0000s ]
SQL: SELECT * FROM `hs_craftsman` WHERE ( craftsmanid=2 ) LIMIT 1   [ RunTime:0.0010s ]
INFO: [ view_parse ] --START--
NOTIC: [2] file_get_contents(./Application/Home/View/Craftsman/description.html): failed to open stream: No such file or directory D:\xampps\htdocs\demo\ThinkPHP\Library\Think\Template.class.php 第 696 行.
INFO: [ template_filter ] --START--
INFO: Run Behavior\ContentReplaceBehavior [ RunTime:0.000000s ]
INFO: [ template_filter ] --END-- [ RunTime:0.000000s ]
INFO: Run Behavior\ParseTemplateBehavior [ RunTime:0.006000s ]
INFO: [ view_parse ] --END-- [ RunTime:0.006000s ]
INFO: [ view_filter ] --START--
INFO: Run Behavior\WriteHtmlCacheBehavior [ RunTime:0.001000s ]
INFO: [ view_filter ] --END-- [ RunTime:0.001000s ]
INFO: [ app_end ] --START--
INFO: Run Behavior\ShowPageTraceBehavior [ RunTime:0.001000s ]
INFO: [ app_end ] --END-- [ RunTime:0.001000s ]

[ 2015-09-13T15:58:23+08:00 ] 127.0.0.1 /demo/index.php/home/craftsman/index
INFO: [ app_init ] --START--
INFO: Run Behavior\BuildLiteBehavior [ RunTime:0.000000s ]
INFO: [ app_init ] --END-- [ RunTime:0.000000s ]
INFO: [ app_begin ] --START--
INFO: Run Behavior\ReadHtmlCacheBehavior [ RunTime:0.001000s ]
SQL: SHOW COLUMNS FROM `hs_setting` [ RunTime:0.0020s ]
SQL: SELECT `key`,`value` FROM `hs_setting`  [ RunTime:0.0000s ]
NOTIC: [2] unlink(./Application/Runtime/Temp/71df8fced343b2a8ba67c00a47a67b50.php): No such file or directory D:\xampps\htdocs\demo\ThinkPHP\Library\Think\Cache\Driver\File.class.php 第 157 行.
INFO: Run Common\Behavior\SettingBehavior [ RunTime:0.018001s ]
INFO: [ app_begin ] --END-- [ RunTime:0.019001s ]
SQL: SHOW COLUMNS FROM `hs_craftsman` [ RunTime:0.0020s ]
SQL: SELECT * FROM `hs_craftsman` WHERE ( craftsmanid=2 ) LIMIT 1   [ RunTime:0.0000s ]
SQL: SHOW COLUMNS FROM `hs_order` [ RunTime:0.0020s ]
SQL: SELECT * FROM `hs_order` WHERE `status` < 3  [ RunTime:0.0000s ]
INFO: [ view_parse ] --START--
NOTIC: [2] file_get_contents(./Application/Home/View/Craftsman/description.html): failed to open stream: No such file or directory D:\xampps\htdocs\demo\ThinkPHP\Library\Think\Template.class.php 第 696 行.
INFO: [ template_filter ] --START--
INFO: Run Behavior\ContentReplaceBehavior [ RunTime:0.000000s ]
INFO: [ template_filter ] --END-- [ RunTime:0.000000s ]
INFO: Run Behavior\ParseTemplateBehavior [ RunTime:0.007001s ]
INFO: [ view_parse ] --END-- [ RunTime:0.007001s ]
INFO: [ view_filter ] --START--
INFO: Run Behavior\WriteHtmlCacheBehavior [ RunTime:0.000000s ]
INFO: [ view_filter ] --END-- [ RunTime:0.000000s ]
INFO: [ app_end ] --START--
INFO: Run Behavior\ShowPageTraceBehavior [ RunTime:0.001000s ]
INFO: [ app_end ] --END-- [ RunTime:0.001000s ]

[ 2015-09-13T15:58:35+08:00 ] 127.0.0.1 /demo/index.php/home/craftsman/modify_tech
INFO: [ app_init ] --START--
INFO: Run Behavior\BuildLiteBehavior [ RunTime:0.000000s ]
INFO: [ app_init ] --END-- [ RunTime:0.000000s ]
INFO: [ app_begin ] --START--
INFO: Run Behavior\ReadHtmlCacheBehavior [ RunTime:0.001000s ]
SQL: SHOW COLUMNS FROM `hs_setting` [ RunTime:0.0020s ]
SQL: SELECT `key`,`value` FROM `hs_setting`  [ RunTime:0.0000s ]
NOTIC: [2] unlink(./Application/Runtime/Temp/71df8fced343b2a8ba67c00a47a67b50.php): No such file or directory D:\xampps\htdocs\demo\ThinkPHP\Library\Think\Cache\Driver\File.class.php 第 157 行.
INFO: Run Common\Behavior\SettingBehavior [ RunTime:0.018001s ]
INFO: [ app_begin ] --END-- [ RunTime:0.019001s ]
SQL: SHOW COLUMNS FROM `hs_craftsman` [ RunTime:0.0020s ]
SQL: SELECT * FROM `hs_craftsman` WHERE ( craftsmanid=2 ) LIMIT 1   [ RunTime:0.0010s ]
SQL: SHOW COLUMNS FROM `hs_craftsmanship` [ RunTime:0.0010s ]
SQL: SELECT * FROM `hs_craftsmanship`  [ RunTime:0.0010s ]
SQL: SELECT * FROM `hs_craftsman` WHERE ( craftsmanid=2 ) LIMIT 1   [ RunTime:0.0000s ]
INFO: [ view_parse ] --START--
NOTIC: [2] file_get_contents(./Application/Home/View/Craftsman/description.html): failed to open stream: No such file or directory D:\xampps\htdocs\demo\ThinkPHP\Library\Think\Template.class.php 第 696 行.
INFO: [ template_filter ] --START--
INFO: Run Behavior\ContentReplaceBehavior [ RunTime:0.000000s ]
INFO: [ template_filter ] --END-- [ RunTime:0.000000s ]
INFO: Run Behavior\ParseTemplateBehavior [ RunTime:0.007001s ]
INFO: [ view_parse ] --END-- [ RunTime:0.007001s ]
INFO: [ view_filter ] --START--
INFO: Run Behavior\WriteHtmlCacheBehavior [ RunTime:0.000000s ]
INFO: [ view_filter ] --END-- [ RunTime:0.000000s ]
INFO: [ app_end ] --START--
INFO: Run Behavior\ShowPageTraceBehavior [ RunTime:0.001000s ]
INFO: [ app_end ] --END-- [ RunTime:0.001000s ]

[ 2015-09-13T15:59:04+08:00 ] 127.0.0.1 /demo/
INFO: [ app_init ] --START--
INFO: Run Behavior\BuildLiteBehavior [ RunTime:0.000000s ]
INFO: [ app_init ] --END-- [ RunTime:0.001000s ]
INFO: [ app_begin ] --START--
INFO: Run Behavior\ReadHtmlCacheBehavior [ RunTime:0.001000s ]
SQL: SHOW COLUMNS FROM `hs_setting` [ RunTime:0.0020s ]
SQL: SELECT `key`,`value` FROM `hs_setting`  [ RunTime:0.0000s ]
NOTIC: [2] unlink(./Application/Runtime/Temp/71df8fced343b2a8ba67c00a47a67b50.php): No such file or directory D:\xampps\htdocs\demo\ThinkPHP\Library\Think\Cache\Driver\File.class.php 第 157 行.
INFO: Run Common\Behavior\SettingBehavior [ RunTime:0.009000s ]
INFO: [ app_begin ] --END-- [ RunTime:0.010000s ]
SQL: SHOW COLUMNS FROM `hs_service` [ RunTime:0.0020s ]
SQL: SELECT * FROM `hs_service`  [ RunTime:0.0010s ]
SQL: SHOW COLUMNS FROM `hs_craftsmanship` [ RunTime:0.0010s ]
SQL: SELECT * FROM `hs_craftsmanship`  [ RunTime:0.0010s ]
INFO: [ view_parse ] --START--
INFO: [ template_filter ] --START--
INFO: Run Behavior\ContentReplaceBehavior [ RunTime:0.000000s ]
INFO: [ template_filter ] --END-- [ RunTime:0.000000s ]
INFO: Run Behavior\ParseTemplateBehavior [ RunTime:0.010000s ]
INFO: [ view_parse ] --END-- [ RunTime:0.010000s ]
INFO: [ view_filter ] --START--
INFO: Run Behavior\WriteHtmlCacheBehavior [ RunTime:0.000000s ]
INFO: [ view_filter ] --END-- [ RunTime:0.000000s ]
INFO: [ app_end ] --START--
INFO: Run Behavior\ShowPageTraceBehavior [ RunTime:0.000000s ]
INFO: [ app_end ] --END-- [ RunTime:0.000000s ]

[ 2015-09-13T15:59:05+08:00 ] 127.0.0.1 /demo/
INFO: [ app_init ] --START--
INFO: Run Behavior\BuildLiteBehavior [ RunTime:0.000000s ]
INFO: [ app_init ] --END-- [ RunTime:0.001000s ]
INFO: [ app_begin ] --START--
INFO: Run Behavior\ReadHtmlCacheBehavior [ RunTime:0.001000s ]
SQL: SHOW COLUMNS FROM `hs_setting` [ RunTime:0.0020s ]
SQL: SELECT `key`,`value` FROM `hs_setting`  [ RunTime:0.0010s ]
NOTIC: [2] unlink(./Application/Runtime/Temp/71df8fced343b2a8ba67c00a47a67b50.php): No such file or directory D:\xampps\htdocs\demo\ThinkPHP\Library\Think\Cache\Driver\File.class.php 第 157 行.
INFO: Run Common\Behavior\SettingBehavior [ RunTime:0.011001s ]
INFO: [ app_begin ] --END-- [ RunTime:0.012001s ]
SQL: SHOW COLUMNS FROM `hs_service` [ RunTime:0.0020s ]
SQL: SELECT * FROM `hs_service`  [ RunTime:0.0000s ]
SQL: SHOW COLUMNS FROM `hs_craftsmanship` [ RunTime:0.0020s ]
SQL: SELECT * FROM `hs_craftsmanship`  [ RunTime:0.0010s ]
INFO: [ view_parse ] --START--
INFO: [ template_filter ] --START--
INFO: Run Behavior\ContentReplaceBehavior [ RunTime:0.000000s ]
INFO: [ template_filter ] --END-- [ RunTime:0.000000s ]
INFO: Run Behavior\ParseTemplateBehavior [ RunTime:0.011001s ]
INFO: [ view_parse ] --END-- [ RunTime:0.011001s ]
INFO: [ view_filter ] --START--
INFO: Run Behavior\WriteHtmlCacheBehavior [ RunTime:0.000000s ]
INFO: [ view_filter ] --END-- [ RunTime:0.000000s ]
INFO: [ app_end ] --START--
INFO: Run Behavior\ShowPageTraceBehavior [ RunTime:0.001000s ]
INFO: [ app_end ] --END-- [ RunTime:0.001000s ]

[ 2015-09-13T15:59:07+08:00 ] 127.0.0.1 /demo/index.php/home/index/Login
INFO: [ app_init ] --START--
INFO: Run Behavior\BuildLiteBehavior [ RunTime:0.000000s ]
INFO: [ app_init ] --END-- [ RunTime:0.000000s ]
INFO: [ app_begin ] --START--
INFO: Run Behavior\ReadHtmlCacheBehavior [ RunTime:0.001000s ]
SQL: SHOW COLUMNS FROM `hs_setting` [ RunTime:0.0020s ]
SQL: SELECT `key`,`value` FROM `hs_setting`  [ RunTime:0.0000s ]
NOTIC: [2] unlink(./Application/Runtime/Temp/71df8fced343b2a8ba67c00a47a67b50.php): No such file or directory D:\xampps\htdocs\demo\ThinkPHP\Library\Think\Cache\Driver\File.class.php 第 157 行.
INFO: Run Common\Behavior\SettingBehavior [ RunTime:0.010001s ]
INFO: [ app_begin ] --END-- [ RunTime:0.011001s ]
SQL: SHOW COLUMNS FROM `hs_service` [ RunTime:0.0020s ]
SQL: SELECT * FROM `hs_service`  [ RunTime:0.0000s ]
SQL: SHOW COLUMNS FROM `hs_craftsmanship` [ RunTime:0.0020s ]
SQL: SELECT * FROM `hs_craftsmanship`  [ RunTime:0.0000s ]
INFO: [ view_parse ] --START--
INFO: [ template_filter ] --START--
INFO: Run Behavior\ContentReplaceBehavior [ RunTime:0.000000s ]
INFO: [ template_filter ] --END-- [ RunTime:0.000000s ]
INFO: Run Behavior\ParseTemplateBehavior [ RunTime:0.005001s ]
INFO: [ view_parse ] --END-- [ RunTime:0.005001s ]
INFO: [ view_filter ] --START--
INFO: Run Behavior\WriteHtmlCacheBehavior [ RunTime:0.000000s ]
INFO: [ view_filter ] --END-- [ RunTime:0.000000s ]
INFO: [ app_end ] --START--
INFO: Run Behavior\ShowPageTraceBehavior [ RunTime:0.001000s ]
INFO: [ app_end ] --END-- [ RunTime:0.001000s ]

[ 2015-09-13T15:59:33+08:00 ] 127.0.0.1 /demo/index.php/home/index/dologin
INFO: [ app_init ] --START--
INFO: Run Behavior\BuildLiteBehavior [ RunTime:0.000000s ]
INFO: [ app_init ] --END-- [ RunTime:0.001000s ]
INFO: [ app_begin ] --START--
INFO: Run Behavior\ReadHtmlCacheBehavior [ RunTime:0.000000s ]
SQL: SHOW COLUMNS FROM `hs_setting` [ RunTime:0.0020s ]
SQL: SELECT `key`,`value` FROM `hs_setting`  [ RunTime:0.0000s ]
NOTIC: [2] unlink(./Application/Runtime/Temp/71df8fced343b2a8ba67c00a47a67b50.php): No such file or directory D:\xampps\htdocs\demo\ThinkPHP\Library\Think\Cache\Driver\File.class.php 第 157 行.
INFO: Run Common\Behavior\SettingBehavior [ RunTime:0.010001s ]
INFO: [ app_begin ] --END-- [ RunTime:0.011001s ]
SQL: SHOW COLUMNS FROM `hs_service` [ RunTime:0.0020s ]
SQL: SELECT * FROM `hs_service`  [ RunTime:0.0000s ]
SQL: SHOW COLUMNS FROM `hs_craftsmanship` [ RunTime:0.0010s ]
SQL: SELECT * FROM `hs_craftsmanship`  [ RunTime:0.0000s ]
SQL: SHOW COLUMNS FROM `hs_member` [ RunTime:0.0010s ]
SQL: SELECT * FROM `hs_member` WHERE ( username ='helen' ) LIMIT 1   [ RunTime:0.0010s ]
SQL: UPDATE `hs_member` SET `lastlogintime`='1442131173',`lastloginip`='127.0.0.1' WHERE ( memberid ='5' ) [ RunTime:0.0000s ]
INFO: [ view_parse ] --START--
INFO: [ template_filter ] --START--
INFO: Run Behavior\ContentReplaceBehavior [ RunTime:0.000000s ]
INFO: [ template_filter ] --END-- [ RunTime:0.001000s ]
INFO: Run Behavior\ParseTemplateBehavior [ RunTime:0.004000s ]
INFO: [ view_parse ] --END-- [ RunTime:0.004000s ]
INFO: [ view_filter ] --START--
INFO: Run Behavior\WriteHtmlCacheBehavior [ RunTime:0.001000s ]
INFO: [ view_filter ] --END-- [ RunTime:0.001000s ]
INFO: [ app_end ] --START--
INFO: Run Behavior\ShowPageTraceBehavior [ RunTime:0.000000s ]
INFO: [ app_end ] --END-- [ RunTime:0.000000s ]

[ 2015-09-13T15:59:34+08:00 ] 127.0.0.1 /demo/index.php/home/index/index
INFO: [ app_init ] --START--
INFO: Run Behavior\BuildLiteBehavior [ RunTime:0.000000s ]
INFO: [ app_init ] --END-- [ RunTime:0.000000s ]
INFO: [ app_begin ] --START--
INFO: Run Behavior\ReadHtmlCacheBehavior [ RunTime:0.001000s ]
SQL: SHOW COLUMNS FROM `hs_setting` [ RunTime:0.0020s ]
SQL: SELECT `key`,`value` FROM `hs_setting`  [ RunTime:0.0000s ]
NOTIC: [2] unlink(./Application/Runtime/Temp/71df8fced343b2a8ba67c00a47a67b50.php): No such file or directory D:\xampps\htdocs\demo\ThinkPHP\Library\Think\Cache\Driver\File.class.php 第 157 行.
INFO: Run Common\Behavior\SettingBehavior [ RunTime:0.019001s ]
INFO: [ app_begin ] --END-- [ RunTime:0.020001s ]
SQL: SHOW COLUMNS FROM `hs_member` [ RunTime:0.0010s ]
SQL: SELECT * FROM `hs_member` WHERE ( memberid=5 ) LIMIT 1   [ RunTime:0.0000s ]
SQL: SHOW COLUMNS FROM `hs_journeyman` [ RunTime:0.0020s ]
SQL: SELECT `journeymanid` FROM `hs_journeyman` WHERE ( memberid=5 ) LIMIT 1   [ RunTime:0.0000s ]
SQL: SHOW COLUMNS FROM `hs_service` [ RunTime:0.0010s ]
SQL: SELECT * FROM `hs_service`  [ RunTime:0.0010s ]
SQL: SHOW COLUMNS FROM `hs_craftsmanship` [ RunTime:0.0020s ]
SQL: SELECT * FROM `hs_craftsmanship`  [ RunTime:0.0000s ]
INFO: [ view_parse ] --START--
INFO: [ template_filter ] --START--
INFO: Run Behavior\ContentReplaceBehavior [ RunTime:0.001000s ]
INFO: [ template_filter ] --END-- [ RunTime:0.001000s ]
INFO: Run Behavior\ParseTemplateBehavior [ RunTime:0.010001s ]
INFO: [ view_parse ] --END-- [ RunTime:0.010001s ]
INFO: [ view_filter ] --START--
INFO: Run Behavior\WriteHtmlCacheBehavior [ RunTime:0.001000s ]
INFO: [ view_filter ] --END-- [ RunTime:0.001000s ]
INFO: [ app_end ] --START--
INFO: Run Behavior\ShowPageTraceBehavior [ RunTime:0.001000s ]
INFO: [ app_end ] --END-- [ RunTime:0.001000s ]

[ 2015-09-13T15:59:34+08:00 ] 127.0.0.1 /demo/index.php/home/index/index
INFO: [ app_init ] --START--
INFO: Run Behavior\BuildLiteBehavior [ RunTime:0.000000s ]
INFO: [ app_init ] --END-- [ RunTime:0.001000s ]
INFO: [ app_begin ] --START--
INFO: Run Behavior\ReadHtmlCacheBehavior [ RunTime:0.000000s ]
SQL: SHOW COLUMNS FROM `hs_setting` [ RunTime:0.0010s ]
SQL: SELECT `key`,`value` FROM `hs_setting`  [ RunTime:0.0000s ]
NOTIC: [2] unlink(./Application/Runtime/Temp/71df8fced343b2a8ba67c00a47a67b50.php): No such file or directory D:\xampps\htdocs\demo\ThinkPHP\Library\Think\Cache\Driver\File.class.php 第 157 行.
INFO: Run Common\Behavior\SettingBehavior [ RunTime:0.010000s ]
INFO: [ app_begin ] --END-- [ RunTime:0.010000s ]
SQL: SHOW COLUMNS FROM `hs_member` [ RunTime:0.0010s ]
SQL: SELECT * FROM `hs_member` WHERE ( memberid=5 ) LIMIT 1   [ RunTime:0.0000s ]
SQL: SHOW COLUMNS FROM `hs_journeyman` [ RunTime:0.0020s ]
SQL: SELECT `journeymanid` FROM `hs_journeyman` WHERE ( memberid=5 ) LIMIT 1   [ RunTime:0.0000s ]
SQL: SHOW COLUMNS FROM `hs_service` [ RunTime:0.0020s ]
SQL: SELECT * FROM `hs_service`  [ RunTime:0.0000s ]
SQL: SHOW COLUMNS FROM `hs_craftsmanship` [ RunTime:0.0020s ]
SQL: SELECT * FROM `hs_craftsmanship`  [ RunTime:0.0010s ]
INFO: [ view_parse ] --START--
INFO: [ template_filter ] --START--
INFO: Run Behavior\ContentReplaceBehavior [ RunTime:0.000000s ]
INFO: [ template_filter ] --END-- [ RunTime:0.000000s ]
INFO: Run Behavior\ParseTemplateBehavior [ RunTime:0.010001s ]
INFO: [ view_parse ] --END-- [ RunTime:0.010001s ]
INFO: [ view_filter ] --START--
INFO: Run Behavior\WriteHtmlCacheBehavior [ RunTime:0.000000s ]
INFO: [ view_filter ] --END-- [ RunTime:0.000000s ]
INFO: [ app_end ] --START--
INFO: Run Behavior\ShowPageTraceBehavior [ RunTime:0.000000s ]
INFO: [ app_end ] --END-- [ RunTime:0.000000s ]

[ 2015-09-13T16:00:20+08:00 ] 127.0.0.1 /demo/index.php/home/index/index
INFO: [ app_init ] --START--
INFO: Run Behavior\BuildLiteBehavior [ RunTime:0.000000s ]
INFO: [ app_init ] --END-- [ RunTime:0.000000s ]
INFO: [ app_begin ] --START--
INFO: Run Behavior\ReadHtmlCacheBehavior [ RunTime:0.000000s ]
SQL: SHOW COLUMNS FROM `hs_setting` [ RunTime:0.0020s ]
SQL: SELECT `key`,`value` FROM `hs_setting`  [ RunTime:0.0000s ]
NOTIC: [2] unlink(./Application/Runtime/Temp/71df8fced343b2a8ba67c00a47a67b50.php): No such file or directory D:\xampps\htdocs\demo\ThinkPHP\Library\Think\Cache\Driver\File.class.php 第 157 行.
INFO: Run Common\Behavior\SettingBehavior [ RunTime:0.009000s ]
INFO: [ app_begin ] --END-- [ RunTime:0.009000s ]
SQL: SHOW COLUMNS FROM `hs_member` [ RunTime:0.0010s ]
SQL: SELECT * FROM `hs_member` WHERE ( memberid=5 ) LIMIT 1   [ RunTime:0.0010s ]
SQL: SHOW COLUMNS FROM `hs_journeyman` [ RunTime:0.0010s ]
SQL: SELECT `journeymanid` FROM `hs_journeyman` WHERE ( memberid=5 ) LIMIT 1   [ RunTime:0.0000s ]
SQL: SHOW COLUMNS FROM `hs_service` [ RunTime:0.0020s ]
SQL: SELECT * FROM `hs_service`  [ RunTime:0.0000s ]
SQL: SHOW COLUMNS FROM `hs_craftsmanship` [ RunTime:0.0020s ]
SQL: SELECT * FROM `hs_craftsmanship`  [ RunTime:0.0000s ]
INFO: [ view_parse ] --START--
INFO: [ template_filter ] --START--
INFO: Run Behavior\ContentReplaceBehavior [ RunTime:0.000000s ]
INFO: [ template_filter ] --END-- [ RunTime:0.000000s ]
INFO: Run Behavior\ParseTemplateBehavior [ RunTime:0.010000s ]
INFO: [ view_parse ] --END-- [ RunTime:0.010000s ]
INFO: [ view_filter ] --START--
INFO: Run Behavior\WriteHtmlCacheBehavior [ RunTime:0.001000s ]
INFO: [ view_filter ] --END-- [ RunTime:0.001000s ]
INFO: [ app_end ] --START--
INFO: Run Behavior\ShowPageTraceBehavior [ RunTime:0.001000s ]
INFO: [ app_end ] --END-- [ RunTime:0.001000s ]

[ 2015-09-13T16:00:20+08:00 ] 127.0.0.1 /demo/index.php/home/index/index
INFO: [ app_init ] --START--
INFO: Run Behavior\BuildLiteBehavior [ RunTime:0.000000s ]
INFO: [ app_init ] --END-- [ RunTime:0.001000s ]
INFO: [ app_begin ] --START--
INFO: Run Behavior\ReadHtmlCacheBehavior [ RunTime:0.001000s ]
SQL: SHOW COLUMNS FROM `hs_setting` [ RunTime:0.0010s ]
SQL: SELECT `key`,`value` FROM `hs_setting`  [ RunTime:0.0000s ]
NOTIC: [2] unlink(./Application/Runtime/Temp/71df8fced343b2a8ba67c00a47a67b50.php): No such file or directory D:\xampps\htdocs\demo\ThinkPHP\Library\Think\Cache\Driver\File.class.php 第 157 行.
INFO: Run Common\Behavior\SettingBehavior [ RunTime:0.010001s ]
INFO: [ app_begin ] --END-- [ RunTime:0.011001s ]
SQL: SHOW COLUMNS FROM `hs_member` [ RunTime:0.0020s ]
SQL: SELECT * FROM `hs_member` WHERE ( memberid=5 ) LIMIT 1   [ RunTime:0.0010s ]
SQL: SHOW COLUMNS FROM `hs_journeyman` [ RunTime:0.0020s ]
SQL: SELECT `journeymanid` FROM `hs_journeyman` WHERE ( memberid=5 ) LIMIT 1   [ RunTime:0.0010s ]
SQL: SHOW COLUMNS FROM `hs_service` [ RunTime:0.0020s ]
SQL: SELECT * FROM `hs_service`  [ RunTime:0.0000s ]
SQL: SHOW COLUMNS FROM `hs_craftsmanship` [ RunTime:0.0010s ]
SQL: SELECT * FROM `hs_craftsmanship`  [ RunTime:0.0000s ]
INFO: [ view_parse ] --START--
INFO: [ template_filter ] --START--
INFO: Run Behavior\ContentReplaceBehavior [ RunTime:0.000000s ]
INFO: [ template_filter ] --END-- [ RunTime:0.000000s ]
INFO: Run Behavior\ParseTemplateBehavior [ RunTime:0.011000s ]
INFO: [ view_parse ] --END-- [ RunTime:0.011000s ]
INFO: [ view_filter ] --START--
INFO: Run Behavior\WriteHtmlCacheBehavior [ RunTime:0.001000s ]
INFO: [ view_filter ] --END-- [ RunTime:0.001000s ]
INFO: [ app_end ] --START--
INFO: Run Behavior\ShowPageTraceBehavior [ RunTime:0.001000s ]
INFO: [ app_end ] --END-- [ RunTime:0.001000s ]

[ 2015-09-13T16:00:32+08:00 ] 127.0.0.1 /demo/index.php/home/craftsman/index
INFO: [ app_init ] --START--
INFO: Run Behavior\BuildLiteBehavior [ RunTime:0.000000s ]
INFO: [ app_init ] --END-- [ RunTime:0.000000s ]
INFO: [ app_begin ] --START--
INFO: Run Behavior\ReadHtmlCacheBehavior [ RunTime:0.001000s ]
SQL: SHOW COLUMNS FROM `hs_setting` [ RunTime:0.0020s ]
SQL: SELECT `key`,`value` FROM `hs_setting`  [ RunTime:0.0010s ]
NOTIC: [2] unlink(./Application/Runtime/Temp/71df8fced343b2a8ba67c00a47a67b50.php): No such file or directory D:\xampps\htdocs\demo\ThinkPHP\Library\Think\Cache\Driver\File.class.php 第 157 行.
INFO: Run Common\Behavior\SettingBehavior [ RunTime:0.011001s ]
INFO: [ app_begin ] --END-- [ RunTime:0.012001s ]
SQL: SHOW COLUMNS FROM `hs_craftsman` [ RunTime:0.0020s ]
SQL: SELECT * FROM `hs_craftsman` WHERE ( craftsmanid=2 ) LIMIT 1   [ RunTime:0.0000s ]
SQL: SHOW COLUMNS FROM `hs_order` [ RunTime:0.0020s ]
SQL: SELECT * FROM `hs_order` WHERE `status` < 3  [ RunTime:0.0000s ]
INFO: [ view_parse ] --START--
NOTIC: [2] file_get_contents(./Application/Home/View/Craftsman/description.html): failed to open stream: No such file or directory D:\xampps\htdocs\demo\ThinkPHP\Library\Think\Template.class.php 第 696 行.
INFO: [ template_filter ] --START--
INFO: Run Behavior\ContentReplaceBehavior [ RunTime:0.000000s ]
INFO: [ template_filter ] --END-- [ RunTime:0.000000s ]
INFO: Run Behavior\ParseTemplateBehavior [ RunTime:0.007001s ]
INFO: [ view_parse ] --END-- [ RunTime:0.007001s ]
INFO: [ view_filter ] --START--
INFO: Run Behavior\WriteHtmlCacheBehavior [ RunTime:0.000000s ]
INFO: [ view_filter ] --END-- [ RunTime:0.000000s ]
INFO: [ app_end ] --START--
INFO: Run Behavior\ShowPageTraceBehavior [ RunTime:0.001000s ]
INFO: [ app_end ] --END-- [ RunTime:0.001000s ]

[ 2015-09-13T20:42:41+08:00 ] 127.0.0.1 /demo/index.php/home/craftsman/modify_tech
INFO: [ app_init ] --START--
INFO: Run Behavior\BuildLiteBehavior [ RunTime:0.000000s ]
INFO: [ app_init ] --END-- [ RunTime:0.000000s ]
INFO: [ app_begin ] --START--
INFO: Run Behavior\ReadHtmlCacheBehavior [ RunTime:0.001000s ]
SQL: SHOW COLUMNS FROM `hs_setting` [ RunTime:0.0020s ]
SQL: SELECT `key`,`value` FROM `hs_setting`  [ RunTime:0.0000s ]
NOTIC: [2] unlink(./Application/Runtime/Temp/71df8fced343b2a8ba67c00a47a67b50.php): No such file or directory D:\xampps\htdocs\demo\ThinkPHP\Library\Think\Cache\Driver\File.class.php 第 157 行.
INFO: Run Common\Behavior\SettingBehavior [ RunTime:0.010001s ]
INFO: [ app_begin ] --END-- [ RunTime:0.011001s ]
SQL: SHOW COLUMNS FROM `hs_craftsman` [ RunTime:0.0020s ]
SQL: SELECT * FROM `hs_craftsman` WHERE ( craftsmanid=2 ) LIMIT 1   [ RunTime:0.0010s ]
SQL: SHOW COLUMNS FROM `hs_craftsmanship` [ RunTime:0.0020s ]
SQL: SELECT * FROM `hs_craftsmanship`  [ RunTime:0.0000s ]
SQL: SELECT * FROM `hs_craftsman` WHERE ( craftsmanid=2 ) LIMIT 1   [ RunTime:0.0000s ]
INFO: [ view_parse ] --START--
NOTIC: [2] file_get_contents(./Application/Home/View/Craftsman/description.html): failed to open stream: No such file or directory D:\xampps\htdocs\demo\ThinkPHP\Library\Think\Template.class.php 第 696 行.
INFO: [ template_filter ] --START--
INFO: Run Behavior\ContentReplaceBehavior [ RunTime:0.000000s ]
INFO: [ template_filter ] --END-- [ RunTime:0.000000s ]
INFO: Run Behavior\ParseTemplateBehavior [ RunTime:0.006001s ]
INFO: [ view_parse ] --END-- [ RunTime:0.006001s ]
INFO: [ view_filter ] --START--
INFO: Run Behavior\WriteHtmlCacheBehavior [ RunTime:0.001000s ]
INFO: [ view_filter ] --END-- [ RunTime:0.001000s ]
INFO: [ app_end ] --START--
INFO: Run Behavior\ShowPageTraceBehavior [ RunTime:0.001000s ]
INFO: [ app_end ] --END-- [ RunTime:0.001000s ]

[ 2015-09-13T21:04:36+08:00 ] 127.0.0.1 /demo/index.php/home/craftsman/addtech
INFO: [ app_init ] --START--
INFO: Run Behavior\BuildLiteBehavior [ RunTime:0.000000s ]
INFO: [ app_init ] --END-- [ RunTime:0.001000s ]
INFO: [ app_begin ] --START--
INFO: Run Behavior\ReadHtmlCacheBehavior [ RunTime:0.000000s ]
SQL: SHOW COLUMNS FROM `hs_setting` [ RunTime:0.0020s ]
SQL: SELECT `key`,`value` FROM `hs_setting`  [ RunTime:0.0000s ]
NOTIC: [2] unlink(./Application/Runtime/Temp/71df8fced343b2a8ba67c00a47a67b50.php): No such file or directory D:\xampps\htdocs\demo\ThinkPHP\Library\Think\Cache\Driver\File.class.php 第 157 行.
INFO: Run Common\Behavior\SettingBehavior [ RunTime:0.011000s ]
INFO: [ app_begin ] --END-- [ RunTime:0.011000s ]
SQL: SHOW COLUMNS FROM `hs_craftsman` [ RunTime:0.0030s ]
SQL: SELECT * FROM `hs_craftsman` WHERE ( craftsmanid=2 ) LIMIT 1   [ RunTime:0.0000s ]
INFO: [ app_end ] --START--
INFO: Run Behavior\ShowPageTraceBehavior [ RunTime:0.001000s ]
INFO: [ app_end ] --END-- [ RunTime:0.001000s ]

