[ 2015-10-18T16:11:18+08:00 ] 127.0.0.1 /demo/
INFO: [ app_init ] --START--
INFO: Run Behavior\BuildLiteBehavior [ RunTime:0.000000s ]
INFO: [ app_init ] --END-- [ RunTime:0.001000s ]
INFO: [ app_begin ] --START--
INFO: Run Behavior\ReadHtmlCacheBehavior [ RunTime:0.000000s ]
SQL: SHOW COLUMNS FROM `hs_setting` [ RunTime:0.0030s ]
SQL: SELECT `key`,`value` FROM `hs_setting`  [ RunTime:0.0000s ]
NOTIC: [2] unlink(./Application/Runtime/Temp/71df8fced343b2a8ba67c00a47a67b50.php): No such file or directory D:\xampps\htdocs\demo\ThinkPHP\Library\Think\Cache\Driver\File.class.php 第 157 行.
INFO: Run Common\Behavior\SettingBehavior [ RunTime:0.030002s ]
INFO: [ app_begin ] --END-- [ RunTime:0.030002s ]
SQL: SHOW COLUMNS FROM `hs_service` [ RunTime:0.0030s ]
SQL: SELECT * FROM `hs_service`  [ RunTime:0.0000s ]
INFO: [ view_parse ] --START--
INFO: [ template_filter ] --START--
INFO: Run Behavior\ContentReplaceBehavior [ RunTime:0.001000s ]
INFO: [ template_filter ] --END-- [ RunTime:0.001000s ]
NOTIC: [8] Undefined variable: data D:\xampps\htdocs\demo\Application\Runtime\Cache\Home\2a94b8bda04ff446dcedd42276fc99ee.php 第 140 行.
NOTIC: [8] Undefined variable: data D:\xampps\htdocs\demo\Application\Runtime\Cache\Home\2a94b8bda04ff446dcedd42276fc99ee.php 第 148 行.
NOTIC: [8] Undefined variable: data D:\xampps\htdocs\demo\Application\Runtime\Cache\Home\2a94b8bda04ff446dcedd42276fc99ee.php 第 164 行.
NOTIC: [8] Undefined variable: data D:\xampps\htdocs\demo\Application\Runtime\Cache\Home\2a94b8bda04ff446dcedd42276fc99ee.php 第 553 行.
NOTIC: [8] Undefined variable: data D:\xampps\htdocs\demo\Application\Runtime\Cache\Home\2a94b8bda04ff446dcedd42276fc99ee.php 第 553 行.
NOTIC: [8] Undefined variable: data D:\xampps\htdocs\demo\Application\Runtime\Cache\Home\2a94b8bda04ff446dcedd42276fc99ee.php 第 553 行.
INFO: Run Behavior\ParseTemplateBehavior [ RunTime:0.016001s ]
INFO: [ view_parse ] --END-- [ RunTime:0.016001s ]
INFO: [ view_filter ] --START--
INFO: Run Behavior\WriteHtmlCacheBehavior [ RunTime:0.000000s ]
INFO: [ view_filter ] --END-- [ RunTime:0.000000s ]
INFO: [ app_end ] --START--
INFO: Run Behavior\ShowPageTraceBehavior [ RunTime:0.001000s ]
INFO: [ app_end ] --END-- [ RunTime:0.001000s ]

[ 2015-10-18T16:11:50+08:00 ] 127.0.0.1 /demo/index.php/home/index/Login
INFO: [ app_init ] --START--
INFO: Run Behavior\BuildLiteBehavior [ RunTime:0.000000s ]
INFO: [ app_init ] --END-- [ RunTime:0.000000s ]
INFO: [ app_begin ] --START--
INFO: Run Behavior\ReadHtmlCacheBehavior [ RunTime:0.001000s ]
SQL: SHOW COLUMNS FROM `hs_setting` [ RunTime:0.0020s ]
SQL: SELECT `key`,`value` FROM `hs_setting`  [ RunTime:0.0000s ]
NOTIC: [2] unlink(./Application/Runtime/Temp/71df8fced343b2a8ba67c00a47a67b50.php): No such file or directory D:\xampps\htdocs\demo\ThinkPHP\Library\Think\Cache\Driver\File.class.php 第 157 行.
INFO: Run Common\Behavior\SettingBehavior [ RunTime:0.012000s ]
INFO: [ app_begin ] --END-- [ RunTime:0.013000s ]
INFO: [ view_parse ] --START--
INFO: [ template_filter ] --START--
INFO: Run Behavior\ContentReplaceBehavior [ RunTime:0.000000s ]
INFO: [ template_filter ] --END-- [ RunTime:0.000000s ]
INFO: Run Behavior\ParseTemplateBehavior [ RunTime:0.006001s ]
INFO: [ view_parse ] --END-- [ RunTime:0.006001s ]
INFO: [ view_filter ] --START--
INFO: Run Behavior\WriteHtmlCacheBehavior [ RunTime:0.001000s ]
INFO: [ view_filter ] --END-- [ RunTime:0.001000s ]
INFO: [ app_end ] --START--
INFO: Run Behavior\ShowPageTraceBehavior [ RunTime:0.001000s ]
INFO: [ app_end ] --END-- [ RunTime:0.001000s ]

[ 2015-10-18T16:11:52+08:00 ] 127.0.0.1 /demo/index.php/home/index/dologin
INFO: [ app_init ] --START--
INFO: Run Behavior\BuildLiteBehavior [ RunTime:0.000000s ]
INFO: [ app_init ] --END-- [ RunTime:0.001000s ]
INFO: [ app_begin ] --START--
INFO: Run Behavior\ReadHtmlCacheBehavior [ RunTime:0.001000s ]
SQL: SHOW COLUMNS FROM `hs_setting` [ RunTime:0.0000s ]
SQL: SELECT `key`,`value` FROM `hs_setting`  [ RunTime:0.0000s ]
NOTIC: [2] unlink(./Application/Runtime/Temp/71df8fced343b2a8ba67c00a47a67b50.php): No such file or directory D:\xampps\htdocs\demo\ThinkPHP\Library\Think\Cache\Driver\File.class.php 第 157 行.
INFO: Run Common\Behavior\SettingBehavior [ RunTime:0.009000s ]
INFO: [ app_begin ] --END-- [ RunTime:0.010000s ]
SQL: SHOW COLUMNS FROM `hs_member` [ RunTime:0.0000s ]
SQL: SELECT * FROM `hs_member` WHERE `username` = 'pandongxia' LIMIT 1   [ RunTime:0.0000s ]
SQL: UPDATE `hs_member` SET `lastlogintime`='1445155912',`lastloginip`='127.0.0.1' WHERE ( memberid ='1' ) [ RunTime:0.0000s ]

[ 2015-10-18T16:11:54+08:00 ] 127.0.0.1 /demo/index.php/home/Member/index
INFO: [ app_init ] --START--
INFO: Run Behavior\BuildLiteBehavior [ RunTime:0.000000s ]
INFO: [ app_init ] --END-- [ RunTime:0.000000s ]
INFO: [ app_begin ] --START--
INFO: Run Behavior\ReadHtmlCacheBehavior [ RunTime:0.000000s ]
SQL: SHOW COLUMNS FROM `hs_setting` [ RunTime:0.0020s ]
SQL: SELECT `key`,`value` FROM `hs_setting`  [ RunTime:0.0010s ]
NOTIC: [2] unlink(./Application/Runtime/Temp/71df8fced343b2a8ba67c00a47a67b50.php): No such file or directory D:\xampps\htdocs\demo\ThinkPHP\Library\Think\Cache\Driver\File.class.php 第 157 行.
INFO: Run Common\Behavior\SettingBehavior [ RunTime:0.036602s ]
INFO: [ app_begin ] --END-- [ RunTime:0.036602s ]
SQL: SHOW COLUMNS FROM `hs_order` [ RunTime:0.0020s ]
SQL: SELECT * FROM `hs_order` WHERE `memberid` = 1 AND `status` < 3  [ RunTime:0.0000s ]
SQL: SELECT * FROM `hs_order` WHERE `memberid` = 1 AND `status` = 3  [ RunTime:0.0010s ]
INFO: [ view_parse ] --START--
INFO: [ template_filter ] --START--
INFO: Run Behavior\ContentReplaceBehavior [ RunTime:0.000000s ]
INFO: [ template_filter ] --END-- [ RunTime:0.000000s ]
NOTIC: [8] Undefined index: iscommented D:\xampps\htdocs\demo\Application\Runtime\Cache\Home\fdc24d97de08be5342dd939702a23904.php 第 117 行.
NOTIC: [8] Undefined index: iscommented D:\xampps\htdocs\demo\Application\Runtime\Cache\Home\fdc24d97de08be5342dd939702a23904.php 第 117 行.
INFO: Run Behavior\ParseTemplateBehavior [ RunTime:0.010001s ]
INFO: [ view_parse ] --END-- [ RunTime:0.010001s ]
INFO: [ view_filter ] --START--
INFO: Run Behavior\WriteHtmlCacheBehavior [ RunTime:0.001000s ]
INFO: [ view_filter ] --END-- [ RunTime:0.001000s ]
INFO: [ app_end ] --START--
INFO: Run Behavior\ShowPageTraceBehavior [ RunTime:0.002000s ]
INFO: [ app_end ] --END-- [ RunTime:0.002000s ]

[ 2015-10-18T16:12:06+08:00 ] 127.0.0.1 /demo/index.php/home/index/index
INFO: [ app_init ] --START--
INFO: Run Behavior\BuildLiteBehavior [ RunTime:0.000000s ]
INFO: [ app_init ] --END-- [ RunTime:0.000000s ]
INFO: [ app_begin ] --START--
INFO: Run Behavior\ReadHtmlCacheBehavior [ RunTime:0.001000s ]
SQL: SHOW COLUMNS FROM `hs_setting` [ RunTime:0.0020s ]
SQL: SELECT `key`,`value` FROM `hs_setting`  [ RunTime:0.0000s ]
NOTIC: [2] unlink(./Application/Runtime/Temp/71df8fced343b2a8ba67c00a47a67b50.php): No such file or directory D:\xampps\htdocs\demo\ThinkPHP\Library\Think\Cache\Driver\File.class.php 第 157 行.
INFO: Run Common\Behavior\SettingBehavior [ RunTime:0.022002s ]
INFO: [ app_begin ] --END-- [ RunTime:0.024002s ]
SQL: SHOW COLUMNS FROM `hs_service` [ RunTime:0.0020s ]
SQL: SELECT * FROM `hs_service`  [ RunTime:0.0000s ]
SQL: SHOW COLUMNS FROM `hs_order_address` [ RunTime:0.0020s ]
SQL: SELECT * FROM `hs_order_address` WHERE `memberid` = 1 LIMIT 1   [ RunTime:0.0000s ]
INFO: [ view_parse ] --START--
INFO: [ template_filter ] --START--
INFO: Run Behavior\ContentReplaceBehavior [ RunTime:0.001000s ]
INFO: [ template_filter ] --END-- [ RunTime:0.001000s ]
INFO: Run Behavior\ParseTemplateBehavior [ RunTime:0.013001s ]
INFO: [ view_parse ] --END-- [ RunTime:0.013001s ]
INFO: [ view_filter ] --START--
INFO: Run Behavior\WriteHtmlCacheBehavior [ RunTime:0.001000s ]
INFO: [ view_filter ] --END-- [ RunTime:0.001000s ]
INFO: [ app_end ] --START--
INFO: Run Behavior\ShowPageTraceBehavior [ RunTime:0.001000s ]
INFO: [ app_end ] --END-- [ RunTime:0.001000s ]

