[ 2015-10-06T21:41:39+08:00 ] 127.0.0.1 /demo/
INFO: [ app_init ] --START--
INFO: Run Behavior\BuildLiteBehavior [ RunTime:0.000000s ]
INFO: [ app_init ] --END-- [ RunTime:0.000000s ]
INFO: [ app_begin ] --START--
INFO: Run Behavior\ReadHtmlCacheBehavior [ RunTime:0.001000s ]
SQL: SHOW COLUMNS FROM `hs_setting` [ RunTime:0.0040s ]
SQL: SELECT `key`,`value` FROM `hs_setting`  [ RunTime:0.0000s ]
NOTIC: [2] unlink(./Application/Runtime/Temp/71df8fced343b2a8ba67c00a47a67b50.php): No such file or directory D:\xampps\htdocs\demo\ThinkPHP\Library\Think\Cache\Driver\File.class.php 第 157 行.
INFO: Run Common\Behavior\SettingBehavior [ RunTime:0.026002s ]
INFO: [ app_begin ] --END-- [ RunTime:0.027002s ]
SQL: SHOW COLUMNS FROM `hs_service` [ RunTime:0.0030s ]
SQL: SELECT * FROM `hs_service`  [ RunTime:0.0000s ]
SQL: SHOW COLUMNS FROM `hs_craftsmanship` [ RunTime:0.0020s ]
SQL: SELECT * FROM `hs_craftsmanship`  [ RunTime:0.0000s ]
SQL: SHOW COLUMNS FROM `hs_order_address` [ RunTime:0.0020s ]
SQL: SELECT * FROM `hs_order_address` WHERE `memberid` = null LIMIT 1   [ RunTime:0.0000s ]
INFO: [ view_parse ] --START--
INFO: [ template_filter ] --START--
INFO: Run Behavior\ContentReplaceBehavior [ RunTime:0.000000s ]
INFO: [ template_filter ] --END-- [ RunTime:0.000000s ]
INFO: Run Behavior\ParseTemplateBehavior [ RunTime:0.012001s ]
INFO: [ view_parse ] --END-- [ RunTime:0.012001s ]
INFO: [ view_filter ] --START--
INFO: Run Behavior\WriteHtmlCacheBehavior [ RunTime:0.001000s ]
INFO: [ view_filter ] --END-- [ RunTime:0.001000s ]
INFO: [ app_end ] --START--
INFO: Run Behavior\ShowPageTraceBehavior [ RunTime:0.001000s ]
INFO: [ app_end ] --END-- [ RunTime:0.001000s ]

[ 2015-10-06T21:41:42+08:00 ] 127.0.0.1 /demo/index.php/home/index/Login
INFO: [ app_init ] --START--
INFO: Run Behavior\BuildLiteBehavior [ RunTime:0.000000s ]
INFO: [ app_init ] --END-- [ RunTime:0.000000s ]
INFO: [ app_begin ] --START--
INFO: Run Behavior\ReadHtmlCacheBehavior [ RunTime:0.001000s ]
SQL: SHOW COLUMNS FROM `hs_setting` [ RunTime:0.0030s ]
SQL: SELECT `key`,`value` FROM `hs_setting`  [ RunTime:0.0000s ]
NOTIC: [2] unlink(./Application/Runtime/Temp/71df8fced343b2a8ba67c00a47a67b50.php): No such file or directory D:\xampps\htdocs\demo\ThinkPHP\Library\Think\Cache\Driver\File.class.php 第 157 行.
INFO: Run Common\Behavior\SettingBehavior [ RunTime:0.019001s ]
INFO: [ app_begin ] --END-- [ RunTime:0.020001s ]
SQL: SHOW COLUMNS FROM `hs_service` [ RunTime:0.0020s ]
SQL: SELECT * FROM `hs_service`  [ RunTime:0.0000s ]
SQL: SHOW COLUMNS FROM `hs_craftsmanship` [ RunTime:0.0010s ]
SQL: SELECT * FROM `hs_craftsmanship`  [ RunTime:0.0010s ]
INFO: [ view_parse ] --START--
INFO: [ template_filter ] --START--
INFO: Run Behavior\ContentReplaceBehavior [ RunTime:0.000000s ]
INFO: [ template_filter ] --END-- [ RunTime:0.000000s ]
INFO: Run Behavior\ParseTemplateBehavior [ RunTime:0.004000s ]
INFO: [ view_parse ] --END-- [ RunTime:0.004000s ]
INFO: [ view_filter ] --START--
INFO: Run Behavior\WriteHtmlCacheBehavior [ RunTime:0.000000s ]
INFO: [ view_filter ] --END-- [ RunTime:0.000000s ]
INFO: [ app_end ] --START--
INFO: Run Behavior\ShowPageTraceBehavior [ RunTime:0.000000s ]
INFO: [ app_end ] --END-- [ RunTime:0.000000s ]

[ 2015-10-06T21:55:15+08:00 ] 127.0.0.1 /demo/
INFO: [ app_init ] --START--
INFO: Run Behavior\BuildLiteBehavior [ RunTime:0.000000s ]
INFO: [ app_init ] --END-- [ RunTime:0.000000s ]
INFO: [ app_begin ] --START--
INFO: Run Behavior\ReadHtmlCacheBehavior [ RunTime:0.000000s ]
SQL: SHOW COLUMNS FROM `hs_setting` [ RunTime:0.0020s ]
SQL: SELECT `key`,`value` FROM `hs_setting`  [ RunTime:0.0000s ]
NOTIC: [2] unlink(./Application/Runtime/Temp/71df8fced343b2a8ba67c00a47a67b50.php): No such file or directory D:\xampps\htdocs\demo\ThinkPHP\Library\Think\Cache\Driver\File.class.php 第 157 行.
INFO: Run Common\Behavior\SettingBehavior [ RunTime:0.009000s ]
INFO: [ app_begin ] --END-- [ RunTime:0.009000s ]
SQL: SHOW COLUMNS FROM `hs_service` [ RunTime:0.0020s ]
SQL: SELECT * FROM `hs_service`  [ RunTime:0.0010s ]
SQL: SHOW COLUMNS FROM `hs_craftsmanship` [ RunTime:0.0020s ]
SQL: SELECT * FROM `hs_craftsmanship`  [ RunTime:0.0000s ]
SQL: SHOW COLUMNS FROM `hs_order_address` [ RunTime:0.0010s ]
SQL: SELECT * FROM `hs_order_address` WHERE `memberid` = null LIMIT 1   [ RunTime:0.0000s ]
INFO: [ view_parse ] --START--
INFO: [ template_filter ] --START--
INFO: Run Behavior\ContentReplaceBehavior [ RunTime:0.000000s ]
INFO: [ template_filter ] --END-- [ RunTime:0.000000s ]
INFO: Run Behavior\ParseTemplateBehavior [ RunTime:0.009000s ]
INFO: [ view_parse ] --END-- [ RunTime:0.009000s ]
INFO: [ view_filter ] --START--
INFO: Run Behavior\WriteHtmlCacheBehavior [ RunTime:0.000000s ]
INFO: [ view_filter ] --END-- [ RunTime:0.000000s ]
INFO: [ app_end ] --START--
INFO: Run Behavior\ShowPageTraceBehavior [ RunTime:0.000000s ]
INFO: [ app_end ] --END-- [ RunTime:0.000000s ]

[ 2015-10-06T21:56:10+08:00 ] 127.0.0.1 /demo/index.php/home/index/Login
INFO: [ app_init ] --START--
INFO: Run Behavior\BuildLiteBehavior [ RunTime:0.000000s ]
INFO: [ app_init ] --END-- [ RunTime:0.000000s ]
INFO: [ app_begin ] --START--
INFO: Run Behavior\ReadHtmlCacheBehavior [ RunTime:0.000000s ]
SQL: SHOW COLUMNS FROM `hs_setting` [ RunTime:0.0000s ]
SQL: SELECT `key`,`value` FROM `hs_setting`  [ RunTime:0.0000s ]
NOTIC: [2] unlink(./Application/Runtime/Temp/71df8fced343b2a8ba67c00a47a67b50.php): No such file or directory D:\xampps\htdocs\demo\ThinkPHP\Library\Think\Cache\Driver\File.class.php 第 157 行.
INFO: Run Common\Behavior\SettingBehavior [ RunTime:0.000000s ]
INFO: [ app_begin ] --END-- [ RunTime:0.000000s ]
SQL: SHOW COLUMNS FROM `hs_service` [ RunTime:0.0000s ]
SQL: SELECT * FROM `hs_service`  [ RunTime:0.0000s ]
SQL: SHOW COLUMNS FROM `hs_craftsmanship` [ RunTime:0.0166s ]
SQL: SELECT * FROM `hs_craftsmanship`  [ RunTime:0.0000s ]
INFO: [ view_parse ] --START--
INFO: [ template_filter ] --START--
INFO: Run Behavior\ContentReplaceBehavior [ RunTime:0.000000s ]
INFO: [ template_filter ] --END-- [ RunTime:0.000000s ]
INFO: Run Behavior\ParseTemplateBehavior [ RunTime:0.005000s ]
INFO: [ view_parse ] --END-- [ RunTime:0.005000s ]
INFO: [ view_filter ] --START--
INFO: Run Behavior\WriteHtmlCacheBehavior [ RunTime:0.000000s ]
INFO: [ view_filter ] --END-- [ RunTime:0.000000s ]
INFO: [ app_end ] --START--
INFO: Run Behavior\ShowPageTraceBehavior [ RunTime:0.000000s ]
INFO: [ app_end ] --END-- [ RunTime:0.000000s ]

[ 2015-10-06T21:56:21+08:00 ] 127.0.0.1 /demo/index.php/home/index/dologin
INFO: [ app_init ] --START--
INFO: Run Behavior\BuildLiteBehavior [ RunTime:0.000000s ]
INFO: [ app_init ] --END-- [ RunTime:0.000000s ]
INFO: [ app_begin ] --START--
INFO: Run Behavior\ReadHtmlCacheBehavior [ RunTime:0.000000s ]
SQL: SHOW COLUMNS FROM `hs_setting` [ RunTime:0.0020s ]
SQL: SELECT `key`,`value` FROM `hs_setting`  [ RunTime:0.0000s ]
NOTIC: [2] unlink(./Application/Runtime/Temp/71df8fced343b2a8ba67c00a47a67b50.php): No such file or directory D:\xampps\htdocs\demo\ThinkPHP\Library\Think\Cache\Driver\File.class.php 第 157 行.
INFO: Run Common\Behavior\SettingBehavior [ RunTime:0.018600s ]
INFO: [ app_begin ] --END-- [ RunTime:0.018600s ]
SQL: SHOW COLUMNS FROM `hs_service` [ RunTime:0.0010s ]
SQL: SELECT * FROM `hs_service`  [ RunTime:0.0000s ]
SQL: SHOW COLUMNS FROM `hs_craftsmanship` [ RunTime:0.0020s ]
SQL: SELECT * FROM `hs_craftsmanship`  [ RunTime:0.0000s ]
SQL: SHOW COLUMNS FROM `hs_member` [ RunTime:0.0030s ]
SQL: SELECT * FROM `hs_member` WHERE `username` = 'helenservice' LIMIT 1   [ RunTime:0.0010s ]
SQL: UPDATE `hs_member` SET `lastlogintime`='1444139781',`lastloginip`='127.0.0.1' WHERE ( memberid ='14' ) [ RunTime:0.0000s ]

[ 2015-10-06T21:56:24+08:00 ] 127.0.0.1 /demo/index.php/home/Member/index
INFO: [ app_init ] --START--
INFO: Run Behavior\BuildLiteBehavior [ RunTime:0.000000s ]
INFO: [ app_init ] --END-- [ RunTime:0.000000s ]
INFO: [ app_begin ] --START--
INFO: Run Behavior\ReadHtmlCacheBehavior [ RunTime:0.001000s ]
SQL: SHOW COLUMNS FROM `hs_setting` [ RunTime:0.0020s ]
SQL: SELECT `key`,`value` FROM `hs_setting`  [ RunTime:0.0000s ]
NOTIC: [2] unlink(./Application/Runtime/Temp/71df8fced343b2a8ba67c00a47a67b50.php): No such file or directory D:\xampps\htdocs\demo\ThinkPHP\Library\Think\Cache\Driver\File.class.php 第 157 行.
INFO: Run Common\Behavior\SettingBehavior [ RunTime:0.009001s ]
INFO: [ app_begin ] --END-- [ RunTime:0.010001s ]
SQL: SHOW COLUMNS FROM `hs_member` [ RunTime:0.0010s ]
SQL: SELECT * FROM `hs_member` WHERE ( memberid=14 ) LIMIT 1   [ RunTime:0.0000s ]
SQL: SHOW COLUMNS FROM `hs_order` [ RunTime:0.0040s ]
SQL: SELECT * FROM `hs_order` WHERE `memberid` = 14 AND `status` < 3  [ RunTime:0.0010s ]
INFO: [ view_parse ] --START--
INFO: [ template_filter ] --START--
INFO: Run Behavior\ContentReplaceBehavior [ RunTime:0.000000s ]
INFO: [ template_filter ] --END-- [ RunTime:0.000000s ]
INFO: Run Behavior\ParseTemplateBehavior [ RunTime:0.005001s ]
INFO: [ view_parse ] --END-- [ RunTime:0.005001s ]
INFO: [ view_filter ] --START--
INFO: Run Behavior\WriteHtmlCacheBehavior [ RunTime:0.000000s ]
INFO: [ view_filter ] --END-- [ RunTime:0.001000s ]
INFO: [ app_end ] --START--
INFO: Run Behavior\ShowPageTraceBehavior [ RunTime:0.000000s ]
INFO: [ app_end ] --END-- [ RunTime:0.000000s ]

[ 2015-10-06T21:56:44+08:00 ] 127.0.0.1 /demo/index.php/home/index/index
INFO: [ app_init ] --START--
INFO: Run Behavior\BuildLiteBehavior [ RunTime:0.000000s ]
INFO: [ app_init ] --END-- [ RunTime:0.000000s ]
INFO: [ app_begin ] --START--
INFO: Run Behavior\ReadHtmlCacheBehavior [ RunTime:0.000000s ]
SQL: SHOW COLUMNS FROM `hs_setting` [ RunTime:0.0000s ]
SQL: SELECT `key`,`value` FROM `hs_setting`  [ RunTime:0.0000s ]
NOTIC: [2] unlink(./Application/Runtime/Temp/71df8fced343b2a8ba67c00a47a67b50.php): No such file or directory D:\xampps\htdocs\demo\ThinkPHP\Library\Think\Cache\Driver\File.class.php 第 157 行.
INFO: Run Common\Behavior\SettingBehavior [ RunTime:0.000000s ]
INFO: [ app_begin ] --END-- [ RunTime:0.000000s ]
SQL: SHOW COLUMNS FROM `hs_member` [ RunTime:0.0020s ]
SQL: SELECT * FROM `hs_member` WHERE ( memberid=14 ) LIMIT 1   [ RunTime:0.0010s ]
SQL: SHOW COLUMNS FROM `hs_service` [ RunTime:0.0020s ]
SQL: SELECT * FROM `hs_service`  [ RunTime:0.0000s ]
SQL: SHOW COLUMNS FROM `hs_craftsmanship` [ RunTime:0.0020s ]
SQL: SELECT * FROM `hs_craftsmanship`  [ RunTime:0.0000s ]
SQL: SHOW COLUMNS FROM `hs_order_address` [ RunTime:0.0010s ]
SQL: SELECT * FROM `hs_order_address` WHERE `memberid` = 14 LIMIT 1   [ RunTime:0.0010s ]
INFO: [ view_parse ] --START--
INFO: [ template_filter ] --START--
INFO: Run Behavior\ContentReplaceBehavior [ RunTime:0.000000s ]
INFO: [ template_filter ] --END-- [ RunTime:0.000000s ]
INFO: Run Behavior\ParseTemplateBehavior [ RunTime:0.010001s ]
INFO: [ view_parse ] --END-- [ RunTime:0.010001s ]
INFO: [ view_filter ] --START--
INFO: Run Behavior\WriteHtmlCacheBehavior [ RunTime:0.000000s ]
INFO: [ view_filter ] --END-- [ RunTime:0.000000s ]
INFO: [ app_end ] --START--
INFO: Run Behavior\ShowPageTraceBehavior [ RunTime:0.000000s ]
INFO: [ app_end ] --END-- [ RunTime:0.001000s ]

[ 2015-10-06T22:13:07+08:00 ] 127.0.0.1 /demo/index.php/home/member/logout
INFO: [ app_init ] --START--
INFO: Run Behavior\BuildLiteBehavior [ RunTime:0.000000s ]
INFO: [ app_init ] --END-- [ RunTime:0.000000s ]
INFO: [ app_begin ] --START--
INFO: Run Behavior\ReadHtmlCacheBehavior [ RunTime:0.000000s ]
SQL: SHOW COLUMNS FROM `hs_setting` [ RunTime:0.0020s ]
SQL: SELECT `key`,`value` FROM `hs_setting`  [ RunTime:0.0010s ]
NOTIC: [2] unlink(./Application/Runtime/Temp/71df8fced343b2a8ba67c00a47a67b50.php): No such file or directory D:\xampps\htdocs\demo\ThinkPHP\Library\Think\Cache\Driver\File.class.php 第 157 行.
INFO: Run Common\Behavior\SettingBehavior [ RunTime:0.018600s ]
INFO: [ app_begin ] --END-- [ RunTime:0.018600s ]
SQL: SHOW COLUMNS FROM `hs_member` [ RunTime:0.0020s ]
SQL: SELECT * FROM `hs_member` WHERE ( memberid=14 ) LIMIT 1   [ RunTime:0.0000s ]
SQL: SHOW COLUMNS FROM `hs_test` [ RunTime:0.0050s ]
SQL: DELETE FROM `hs_test` WHERE `ip` = '127.0.0.1' [ RunTime:0.0000s ]

[ 2015-10-06T22:13:07+08:00 ] 127.0.0.1 /demo/index.php/Index/index
INFO: [ app_init ] --START--
INFO: Run Behavior\BuildLiteBehavior [ RunTime:0.000000s ]
INFO: [ app_init ] --END-- [ RunTime:0.000000s ]
INFO: [ app_begin ] --START--
INFO: Run Behavior\ReadHtmlCacheBehavior [ RunTime:0.001000s ]
SQL: SHOW COLUMNS FROM `hs_setting` [ RunTime:0.0020s ]
SQL: SELECT `key`,`value` FROM `hs_setting`  [ RunTime:0.0000s ]
NOTIC: [2] unlink(./Application/Runtime/Temp/71df8fced343b2a8ba67c00a47a67b50.php): No such file or directory D:\xampps\htdocs\demo\ThinkPHP\Library\Think\Cache\Driver\File.class.php 第 157 行.
INFO: Run Common\Behavior\SettingBehavior [ RunTime:0.008000s ]
INFO: [ app_begin ] --END-- [ RunTime:0.009000s ]
SQL: SHOW COLUMNS FROM `hs_service` [ RunTime:0.0020s ]
SQL: SELECT * FROM `hs_service`  [ RunTime:0.0000s ]
SQL: SHOW COLUMNS FROM `hs_craftsmanship` [ RunTime:0.0010s ]
SQL: SELECT * FROM `hs_craftsmanship`  [ RunTime:0.0000s ]
SQL: SHOW COLUMNS FROM `hs_order_address` [ RunTime:0.0010s ]
SQL: SELECT * FROM `hs_order_address` WHERE `memberid` = null LIMIT 1   [ RunTime:0.0010s ]
INFO: [ view_parse ] --START--
INFO: [ template_filter ] --START--
INFO: Run Behavior\ContentReplaceBehavior [ RunTime:0.000000s ]
INFO: [ template_filter ] --END-- [ RunTime:0.001000s ]
INFO: Run Behavior\ParseTemplateBehavior [ RunTime:0.009001s ]
INFO: [ view_parse ] --END-- [ RunTime:0.009001s ]
INFO: [ view_filter ] --START--
INFO: Run Behavior\WriteHtmlCacheBehavior [ RunTime:0.000000s ]
INFO: [ view_filter ] --END-- [ RunTime:0.000000s ]
INFO: [ app_end ] --START--
INFO: Run Behavior\ShowPageTraceBehavior [ RunTime:0.000000s ]
INFO: [ app_end ] --END-- [ RunTime:0.000000s ]

[ 2015-10-06T22:13:10+08:00 ] 127.0.0.1 /demo/index.php/home/index/Login
INFO: [ app_init ] --START--
INFO: Run Behavior\BuildLiteBehavior [ RunTime:0.000000s ]
INFO: [ app_init ] --END-- [ RunTime:0.000000s ]
INFO: [ app_begin ] --START--
INFO: Run Behavior\ReadHtmlCacheBehavior [ RunTime:0.000000s ]
SQL: SHOW COLUMNS FROM `hs_setting` [ RunTime:0.0030s ]
SQL: SELECT `key`,`value` FROM `hs_setting`  [ RunTime:0.0000s ]
NOTIC: [2] unlink(./Application/Runtime/Temp/71df8fced343b2a8ba67c00a47a67b50.php): No such file or directory D:\xampps\htdocs\demo\ThinkPHP\Library\Think\Cache\Driver\File.class.php 第 157 行.
INFO: Run Common\Behavior\SettingBehavior [ RunTime:0.018601s ]
INFO: [ app_begin ] --END-- [ RunTime:0.018601s ]
SQL: SHOW COLUMNS FROM `hs_service` [ RunTime:0.0020s ]
SQL: SELECT * FROM `hs_service`  [ RunTime:0.0010s ]
SQL: SHOW COLUMNS FROM `hs_craftsmanship` [ RunTime:0.0020s ]
SQL: SELECT * FROM `hs_craftsmanship`  [ RunTime:0.0000s ]
INFO: [ view_parse ] --START--
INFO: [ template_filter ] --START--
INFO: Run Behavior\ContentReplaceBehavior [ RunTime:0.000000s ]
INFO: [ template_filter ] --END-- [ RunTime:0.000000s ]
INFO: Run Behavior\ParseTemplateBehavior [ RunTime:0.004000s ]
INFO: [ view_parse ] --END-- [ RunTime:0.004000s ]
INFO: [ view_filter ] --START--
INFO: Run Behavior\WriteHtmlCacheBehavior [ RunTime:0.000000s ]
INFO: [ view_filter ] --END-- [ RunTime:0.000000s ]
INFO: [ app_end ] --START--
INFO: Run Behavior\ShowPageTraceBehavior [ RunTime:0.000000s ]
INFO: [ app_end ] --END-- [ RunTime:0.000000s ]

[ 2015-10-06T22:13:14+08:00 ] 127.0.0.1 /demo/index.php/home/index/dologin
INFO: [ app_init ] --START--
INFO: Run Behavior\BuildLiteBehavior [ RunTime:0.000000s ]
INFO: [ app_init ] --END-- [ RunTime:0.000000s ]
INFO: [ app_begin ] --START--
INFO: Run Behavior\ReadHtmlCacheBehavior [ RunTime:0.000000s ]
SQL: SHOW COLUMNS FROM `hs_setting` [ RunTime:0.0020s ]
SQL: SELECT `key`,`value` FROM `hs_setting`  [ RunTime:0.0010s ]
NOTIC: [2] unlink(./Application/Runtime/Temp/71df8fced343b2a8ba67c00a47a67b50.php): No such file or directory D:\xampps\htdocs\demo\ThinkPHP\Library\Think\Cache\Driver\File.class.php 第 157 行.
INFO: Run Common\Behavior\SettingBehavior [ RunTime:0.010001s ]
INFO: [ app_begin ] --END-- [ RunTime:0.010001s ]
SQL: SHOW COLUMNS FROM `hs_service` [ RunTime:0.0020s ]
SQL: SELECT * FROM `hs_service`  [ RunTime:0.0010s ]
SQL: SHOW COLUMNS FROM `hs_craftsmanship` [ RunTime:0.0030s ]
SQL: SELECT * FROM `hs_craftsmanship`  [ RunTime:0.0000s ]
SQL: SHOW COLUMNS FROM `hs_craftsman` [ RunTime:0.0040s ]
SQL: SELECT * FROM `hs_craftsman` WHERE `username` = 'pandongxia' LIMIT 1   [ RunTime:0.0000s ]
NOTIC: [8] Undefined index: memberid D:\xampps\htdocs\demo\Application\Home\Controller\IndexController.class.php 第 237 行.
SQL: UPDATE `hs_craftsman` SET `lastlogintime`='1444140794',`lastloginip`='127.0.0.1' WHERE ( craftsmanid ='6' ) [ RunTime:0.0010s ]

[ 2015-10-06T22:13:17+08:00 ] 127.0.0.1 /demo/index.php/home/Craftsman/index
INFO: [ app_init ] --START--
INFO: Run Behavior\BuildLiteBehavior [ RunTime:0.000000s ]
INFO: [ app_init ] --END-- [ RunTime:0.000000s ]
INFO: [ app_begin ] --START--
INFO: Run Behavior\ReadHtmlCacheBehavior [ RunTime:0.000000s ]
SQL: SHOW COLUMNS FROM `hs_setting` [ RunTime:0.0030s ]
SQL: SELECT `key`,`value` FROM `hs_setting`  [ RunTime:0.0000s ]
NOTIC: [2] unlink(./Application/Runtime/Temp/71df8fced343b2a8ba67c00a47a67b50.php): No such file or directory D:\xampps\htdocs\demo\ThinkPHP\Library\Think\Cache\Driver\File.class.php 第 157 行.
INFO: Run Common\Behavior\SettingBehavior [ RunTime:0.033601s ]
INFO: [ app_begin ] --END-- [ RunTime:0.033601s ]
SQL: SHOW COLUMNS FROM `hs_craftsman` [ RunTime:0.0020s ]
SQL: SELECT * FROM `hs_craftsman` WHERE ( craftsmanid=6 ) LIMIT 1   [ RunTime:0.0000s ]
SQL: SHOW COLUMNS FROM `hs_order` [ RunTime:0.0020s ]
SQL: SELECT * FROM `hs_order` WHERE `craftsmanid` = 6 AND `status` < 3  [ RunTime:0.0010s ]
INFO: [ view_parse ] --START--
NOTIC: [2] file_get_contents(./Application/Home/View/Craftsman/description.html): failed to open stream: No such file or directory D:\xampps\htdocs\demo\ThinkPHP\Library\Think\Template.class.php 第 696 行.
INFO: [ template_filter ] --START--
INFO: Run Behavior\ContentReplaceBehavior [ RunTime:0.000000s ]
INFO: [ template_filter ] --END-- [ RunTime:0.000000s ]
INFO: Run Behavior\ParseTemplateBehavior [ RunTime:0.006001s ]
INFO: [ view_parse ] --END-- [ RunTime:0.006001s ]
INFO: [ view_filter ] --START--
INFO: Run Behavior\WriteHtmlCacheBehavior [ RunTime:0.000000s ]
INFO: [ view_filter ] --END-- [ RunTime:0.000000s ]
INFO: [ app_end ] --START--
INFO: Run Behavior\ShowPageTraceBehavior [ RunTime:0.000000s ]
INFO: [ app_end ] --END-- [ RunTime:0.000000s ]

[ 2015-10-06T22:16:12+08:00 ] 127.0.0.1 /demo/index.php/home/Craftsman/index
INFO: [ app_init ] --START--
INFO: Run Behavior\BuildLiteBehavior [ RunTime:0.000000s ]
INFO: [ app_init ] --END-- [ RunTime:0.000000s ]
INFO: [ app_begin ] --START--
INFO: Run Behavior\ReadHtmlCacheBehavior [ RunTime:0.000000s ]
SQL: SHOW COLUMNS FROM `hs_setting` [ RunTime:0.0020s ]
SQL: SELECT `key`,`value` FROM `hs_setting`  [ RunTime:0.0000s ]
NOTIC: [2] unlink(./Application/Runtime/Temp/71df8fced343b2a8ba67c00a47a67b50.php): No such file or directory D:\xampps\htdocs\demo\ThinkPHP\Library\Think\Cache\Driver\File.class.php 第 157 行.
INFO: Run Common\Behavior\SettingBehavior [ RunTime:0.019001s ]
INFO: [ app_begin ] --END-- [ RunTime:0.019001s ]
SQL: SHOW COLUMNS FROM `hs_craftsman` [ RunTime:0.0010s ]
SQL: SELECT * FROM `hs_craftsman` WHERE ( craftsmanid=6 ) LIMIT 1   [ RunTime:0.0000s ]
SQL: SHOW COLUMNS FROM `hs_order` [ RunTime:0.0010s ]
SQL: SELECT * FROM `hs_order` WHERE `craftsmanid` = 6 AND `status` < 3  [ RunTime:0.0000s ]
INFO: [ view_parse ] --START--
NOTIC: [2] file_get_contents(./Application/Home/View/Craftsman/description.html): failed to open stream: No such file or directory D:\xampps\htdocs\demo\ThinkPHP\Library\Think\Template.class.php 第 696 行.
INFO: [ template_filter ] --START--
INFO: Run Behavior\ContentReplaceBehavior [ RunTime:0.000000s ]
INFO: [ template_filter ] --END-- [ RunTime:0.000000s ]
INFO: Run Behavior\ParseTemplateBehavior [ RunTime:0.007001s ]
INFO: [ view_parse ] --END-- [ RunTime:0.007001s ]
INFO: [ view_filter ] --START--
INFO: Run Behavior\WriteHtmlCacheBehavior [ RunTime:0.000000s ]
INFO: [ view_filter ] --END-- [ RunTime:0.000000s ]
INFO: [ app_end ] --START--
INFO: Run Behavior\ShowPageTraceBehavior [ RunTime:0.001000s ]
INFO: [ app_end ] --END-- [ RunTime:0.001000s ]

[ 2015-10-06T22:16:55+08:00 ] 127.0.0.1 /demo/index.php/home/Craftsman/index
INFO: [ app_init ] --START--
INFO: Run Behavior\BuildLiteBehavior [ RunTime:0.000000s ]
INFO: [ app_init ] --END-- [ RunTime:0.000000s ]
INFO: [ app_begin ] --START--
INFO: Run Behavior\ReadHtmlCacheBehavior [ RunTime:0.001000s ]
SQL: SHOW COLUMNS FROM `hs_setting` [ RunTime:0.0020s ]
SQL: SELECT `key`,`value` FROM `hs_setting`  [ RunTime:0.0000s ]
NOTIC: [2] unlink(./Application/Runtime/Temp/71df8fced343b2a8ba67c00a47a67b50.php): No such file or directory D:\xampps\htdocs\demo\ThinkPHP\Library\Think\Cache\Driver\File.class.php 第 157 行.
INFO: Run Common\Behavior\SettingBehavior [ RunTime:0.010001s ]
INFO: [ app_begin ] --END-- [ RunTime:0.011001s ]
SQL: SHOW COLUMNS FROM `hs_craftsman` [ RunTime:0.0010s ]
SQL: SELECT * FROM `hs_craftsman` WHERE ( craftsmanid=6 ) LIMIT 1   [ RunTime:0.0000s ]
SQL: SHOW COLUMNS FROM `hs_order` [ RunTime:0.0020s ]
SQL: SELECT * FROM `hs_order` WHERE `craftsmanid` = 6 AND `status` < 3  [ RunTime:0.0000s ]
INFO: [ view_parse ] --START--
NOTIC: [2] file_get_contents(./Application/Home/View/Craftsman/description.html): failed to open stream: No such file or directory D:\xampps\htdocs\demo\ThinkPHP\Library\Think\Template.class.php 第 696 行.
INFO: [ template_filter ] --START--
INFO: Run Behavior\ContentReplaceBehavior [ RunTime:0.000000s ]
INFO: [ template_filter ] --END-- [ RunTime:0.000000s ]
INFO: Run Behavior\ParseTemplateBehavior [ RunTime:0.007000s ]
INFO: [ view_parse ] --END-- [ RunTime:0.007000s ]
INFO: [ view_filter ] --START--
INFO: Run Behavior\WriteHtmlCacheBehavior [ RunTime:0.000000s ]
INFO: [ view_filter ] --END-- [ RunTime:0.000000s ]
INFO: [ app_end ] --START--
INFO: Run Behavior\ShowPageTraceBehavior [ RunTime:0.001001s ]
INFO: [ app_end ] --END-- [ RunTime:0.001001s ]

[ 2015-10-06T22:17:43+08:00 ] 127.0.0.1 /demo/index.php/home/Craftsman/index
INFO: [ app_init ] --START--
INFO: Run Behavior\BuildLiteBehavior [ RunTime:0.000000s ]
INFO: [ app_init ] --END-- [ RunTime:0.001000s ]
INFO: [ app_begin ] --START--
INFO: Run Behavior\ReadHtmlCacheBehavior [ RunTime:0.000000s ]
SQL: SHOW COLUMNS FROM `hs_setting` [ RunTime:0.0020s ]
SQL: SELECT `key`,`value` FROM `hs_setting`  [ RunTime:0.0010s ]
NOTIC: [2] unlink(./Application/Runtime/Temp/71df8fced343b2a8ba67c00a47a67b50.php): No such file or directory D:\xampps\htdocs\demo\ThinkPHP\Library\Think\Cache\Driver\File.class.php 第 157 行.
INFO: Run Common\Behavior\SettingBehavior [ RunTime:0.010001s ]
INFO: [ app_begin ] --END-- [ RunTime:0.010001s ]
SQL: SHOW COLUMNS FROM `hs_craftsman` [ RunTime:0.0020s ]
SQL: SELECT * FROM `hs_craftsman` WHERE ( craftsmanid=6 ) LIMIT 1   [ RunTime:0.0000s ]
SQL: SHOW COLUMNS FROM `hs_order` [ RunTime:0.0020s ]
SQL: SELECT * FROM `hs_order` WHERE `craftsmanid` = 6 AND `status` < 3  [ RunTime:0.0010s ]
INFO: [ view_parse ] --START--
NOTIC: [2] file_get_contents(./Application/Home/View/Craftsman/description.html): failed to open stream: No such file or directory D:\xampps\htdocs\demo\ThinkPHP\Library\Think\Template.class.php 第 696 行.
INFO: [ template_filter ] --START--
INFO: Run Behavior\ContentReplaceBehavior [ RunTime:0.000000s ]
INFO: [ template_filter ] --END-- [ RunTime:0.000000s ]
INFO: Run Behavior\ParseTemplateBehavior [ RunTime:0.006000s ]
INFO: [ view_parse ] --END-- [ RunTime:0.006000s ]
INFO: [ view_filter ] --START--
INFO: Run Behavior\WriteHtmlCacheBehavior [ RunTime:0.000000s ]
INFO: [ view_filter ] --END-- [ RunTime:0.000000s ]
INFO: [ app_end ] --START--
INFO: Run Behavior\ShowPageTraceBehavior [ RunTime:0.000000s ]
INFO: [ app_end ] --END-- [ RunTime:0.000000s ]

[ 2015-10-06T22:18:01+08:00 ] 127.0.0.1 /demo/index.php/home/Craftsman/index
INFO: [ app_init ] --START--
INFO: Run Behavior\BuildLiteBehavior [ RunTime:0.000000s ]
INFO: [ app_init ] --END-- [ RunTime:0.000000s ]
INFO: [ app_begin ] --START--
INFO: Run Behavior\ReadHtmlCacheBehavior [ RunTime:0.000000s ]
SQL: SHOW COLUMNS FROM `hs_setting` [ RunTime:0.0020s ]
SQL: SELECT `key`,`value` FROM `hs_setting`  [ RunTime:0.0000s ]
NOTIC: [2] unlink(./Application/Runtime/Temp/71df8fced343b2a8ba67c00a47a67b50.php): No such file or directory D:\xampps\htdocs\demo\ThinkPHP\Library\Think\Cache\Driver\File.class.php 第 157 行.
INFO: Run Common\Behavior\SettingBehavior [ RunTime:0.020001s ]
INFO: [ app_begin ] --END-- [ RunTime:0.020001s ]
SQL: SHOW COLUMNS FROM `hs_craftsman` [ RunTime:0.0020s ]
SQL: SELECT * FROM `hs_craftsman` WHERE ( craftsmanid=6 ) LIMIT 1   [ RunTime:0.0000s ]
SQL: SHOW COLUMNS FROM `hs_order` [ RunTime:0.0010s ]
SQL: SELECT * FROM `hs_order` WHERE `craftsmanid` = 6 AND `status` < 3  [ RunTime:0.0000s ]
INFO: [ view_parse ] --START--
NOTIC: [2] file_get_contents(./Application/Home/View/Craftsman/description.html): failed to open stream: No such file or directory D:\xampps\htdocs\demo\ThinkPHP\Library\Think\Template.class.php 第 696 行.
INFO: [ template_filter ] --START--
INFO: Run Behavior\ContentReplaceBehavior [ RunTime:0.000000s ]
INFO: [ template_filter ] --END-- [ RunTime:0.000000s ]
INFO: Run Behavior\ParseTemplateBehavior [ RunTime:0.006001s ]
INFO: [ view_parse ] --END-- [ RunTime:0.006001s ]
INFO: [ view_filter ] --START--
INFO: Run Behavior\WriteHtmlCacheBehavior [ RunTime:0.000000s ]
INFO: [ view_filter ] --END-- [ RunTime:0.000000s ]
INFO: [ app_end ] --START--
INFO: Run Behavior\ShowPageTraceBehavior [ RunTime:0.000000s ]
INFO: [ app_end ] --END-- [ RunTime:0.000000s ]

