[ 2015-10-26T17:10:20+08:00 ] 127.0.0.1 /demo/index.php/home/index/index
INFO: [ app_init ] --START--
INFO: Run Behavior\BuildLiteBehavior [ RunTime:0.000000s ]
INFO: [ app_init ] --END-- [ RunTime:0.001000s ]
INFO: [ app_begin ] --START--
INFO: Run Behavior\ReadHtmlCacheBehavior [ RunTime:0.001000s ]
SQL: SHOW COLUMNS FROM `hs_setting` [ RunTime:0.0030s ]
SQL: SELECT `key`,`value` FROM `hs_setting`  [ RunTime:0.0010s ]
NOTIC: [2] unlink(./Application/Runtime/Temp/71df8fced343b2a8ba67c00a47a67b50.php): No such file or directory D:\xampps\htdocs\demo\ThinkPHP\Library\Think\Cache\Driver\File.class.php 第 157 行.
INFO: Run Common\Behavior\SettingBehavior [ RunTime:0.025002s ]
INFO: [ app_begin ] --END-- [ RunTime:0.026002s ]
SQL: SHOW COLUMNS FROM `hs_service` [ RunTime:0.0040s ]
SQL: SELECT * FROM `hs_service`  [ RunTime:0.0010s ]
INFO: [ view_parse ] --START--
INFO: [ template_filter ] --START--
INFO: Run Behavior\ContentReplaceBehavior [ RunTime:0.000000s ]
INFO: [ template_filter ] --END-- [ RunTime:0.000000s ]
NOTIC: [8] Undefined variable: data D:\xampps\htdocs\demo\Application\Runtime\Cache\Home\2a94b8bda04ff446dcedd42276fc99ee.php 第 140 行.
NOTIC: [8] Undefined variable: data D:\xampps\htdocs\demo\Application\Runtime\Cache\Home\2a94b8bda04ff446dcedd42276fc99ee.php 第 148 行.
NOTIC: [8] Undefined variable: data D:\xampps\htdocs\demo\Application\Runtime\Cache\Home\2a94b8bda04ff446dcedd42276fc99ee.php 第 164 行.
NOTIC: [8] Undefined variable: data D:\xampps\htdocs\demo\Application\Runtime\Cache\Home\2a94b8bda04ff446dcedd42276fc99ee.php 第 553 行.
NOTIC: [8] Undefined variable: data D:\xampps\htdocs\demo\Application\Runtime\Cache\Home\2a94b8bda04ff446dcedd42276fc99ee.php 第 553 行.
NOTIC: [8] Undefined variable: data D:\xampps\htdocs\demo\Application\Runtime\Cache\Home\2a94b8bda04ff446dcedd42276fc99ee.php 第 553 行.
INFO: Run Behavior\ParseTemplateBehavior [ RunTime:0.013001s ]
INFO: [ view_parse ] --END-- [ RunTime:0.013001s ]
INFO: [ view_filter ] --START--
INFO: Run Behavior\WriteHtmlCacheBehavior [ RunTime:0.000000s ]
INFO: [ view_filter ] --END-- [ RunTime:0.000000s ]
INFO: [ app_end ] --START--
INFO: Run Behavior\ShowPageTraceBehavior [ RunTime:0.001000s ]
INFO: [ app_end ] --END-- [ RunTime:0.001000s ]

[ 2015-10-26T17:10:23+08:00 ] 127.0.0.1 /demo/index.php/home/index/index
INFO: [ app_init ] --START--
INFO: Run Behavior\BuildLiteBehavior [ RunTime:0.000000s ]
INFO: [ app_init ] --END-- [ RunTime:0.000000s ]
INFO: [ app_begin ] --START--
INFO: Run Behavior\ReadHtmlCacheBehavior [ RunTime:0.001000s ]
SQL: SHOW COLUMNS FROM `hs_setting` [ RunTime:0.0040s ]
SQL: SELECT `key`,`value` FROM `hs_setting`  [ RunTime:0.0000s ]
NOTIC: [2] unlink(./Application/Runtime/Temp/71df8fced343b2a8ba67c00a47a67b50.php): No such file or directory D:\xampps\htdocs\demo\ThinkPHP\Library\Think\Cache\Driver\File.class.php 第 157 行.
INFO: Run Common\Behavior\SettingBehavior [ RunTime:0.026001s ]
INFO: [ app_begin ] --END-- [ RunTime:0.027001s ]
SQL: SHOW COLUMNS FROM `hs_service` [ RunTime:0.0030s ]
SQL: SELECT * FROM `hs_service`  [ RunTime:0.0000s ]
INFO: [ view_parse ] --START--
INFO: [ template_filter ] --START--
INFO: Run Behavior\ContentReplaceBehavior [ RunTime:0.000000s ]
INFO: [ template_filter ] --END-- [ RunTime:0.000000s ]
NOTIC: [8] Undefined variable: data D:\xampps\htdocs\demo\Application\Runtime\Cache\Home\2a94b8bda04ff446dcedd42276fc99ee.php 第 140 行.
NOTIC: [8] Undefined variable: data D:\xampps\htdocs\demo\Application\Runtime\Cache\Home\2a94b8bda04ff446dcedd42276fc99ee.php 第 148 行.
NOTIC: [8] Undefined variable: data D:\xampps\htdocs\demo\Application\Runtime\Cache\Home\2a94b8bda04ff446dcedd42276fc99ee.php 第 164 行.
NOTIC: [8] Undefined variable: data D:\xampps\htdocs\demo\Application\Runtime\Cache\Home\2a94b8bda04ff446dcedd42276fc99ee.php 第 553 行.
NOTIC: [8] Undefined variable: data D:\xampps\htdocs\demo\Application\Runtime\Cache\Home\2a94b8bda04ff446dcedd42276fc99ee.php 第 553 行.
NOTIC: [8] Undefined variable: data D:\xampps\htdocs\demo\Application\Runtime\Cache\Home\2a94b8bda04ff446dcedd42276fc99ee.php 第 553 行.
INFO: Run Behavior\ParseTemplateBehavior [ RunTime:0.013001s ]
INFO: [ view_parse ] --END-- [ RunTime:0.013001s ]
INFO: [ view_filter ] --START--
INFO: Run Behavior\WriteHtmlCacheBehavior [ RunTime:0.001000s ]
INFO: [ view_filter ] --END-- [ RunTime:0.001000s ]
INFO: [ app_end ] --START--
INFO: Run Behavior\ShowPageTraceBehavior [ RunTime:0.001000s ]
INFO: [ app_end ] --END-- [ RunTime:0.001000s ]

[ 2015-10-26T17:10:23+08:00 ] 127.0.0.1 /demo/index.php/home/index/index
INFO: [ app_init ] --START--
INFO: Run Behavior\BuildLiteBehavior [ RunTime:0.000000s ]
INFO: [ app_init ] --END-- [ RunTime:0.000000s ]
INFO: [ app_begin ] --START--
INFO: Run Behavior\ReadHtmlCacheBehavior [ RunTime:0.001000s ]
SQL: SHOW COLUMNS FROM `hs_setting` [ RunTime:0.0040s ]
SQL: SELECT `key`,`value` FROM `hs_setting`  [ RunTime:0.0000s ]
NOTIC: [2] unlink(./Application/Runtime/Temp/71df8fced343b2a8ba67c00a47a67b50.php): No such file or directory D:\xampps\htdocs\demo\ThinkPHP\Library\Think\Cache\Driver\File.class.php 第 157 行.
INFO: Run Common\Behavior\SettingBehavior [ RunTime:0.027002s ]
INFO: [ app_begin ] --END-- [ RunTime:0.028002s ]
SQL: SHOW COLUMNS FROM `hs_service` [ RunTime:0.0040s ]
SQL: SELECT * FROM `hs_service`  [ RunTime:0.0010s ]
INFO: [ view_parse ] --START--
INFO: [ template_filter ] --START--
INFO: Run Behavior\ContentReplaceBehavior [ RunTime:0.000000s ]
INFO: [ template_filter ] --END-- [ RunTime:0.000000s ]
NOTIC: [8] Undefined variable: data D:\xampps\htdocs\demo\Application\Runtime\Cache\Home\2a94b8bda04ff446dcedd42276fc99ee.php 第 140 行.
NOTIC: [8] Undefined variable: data D:\xampps\htdocs\demo\Application\Runtime\Cache\Home\2a94b8bda04ff446dcedd42276fc99ee.php 第 148 行.
NOTIC: [8] Undefined variable: data D:\xampps\htdocs\demo\Application\Runtime\Cache\Home\2a94b8bda04ff446dcedd42276fc99ee.php 第 164 行.
NOTIC: [8] Undefined variable: data D:\xampps\htdocs\demo\Application\Runtime\Cache\Home\2a94b8bda04ff446dcedd42276fc99ee.php 第 553 行.
NOTIC: [8] Undefined variable: data D:\xampps\htdocs\demo\Application\Runtime\Cache\Home\2a94b8bda04ff446dcedd42276fc99ee.php 第 553 行.
NOTIC: [8] Undefined variable: data D:\xampps\htdocs\demo\Application\Runtime\Cache\Home\2a94b8bda04ff446dcedd42276fc99ee.php 第 553 行.
INFO: Run Behavior\ParseTemplateBehavior [ RunTime:0.014001s ]
INFO: [ view_parse ] --END-- [ RunTime:0.014001s ]
INFO: [ view_filter ] --START--
INFO: Run Behavior\WriteHtmlCacheBehavior [ RunTime:0.000000s ]
INFO: [ view_filter ] --END-- [ RunTime:0.001000s ]
INFO: [ app_end ] --START--
INFO: Run Behavior\ShowPageTraceBehavior [ RunTime:0.001000s ]
INFO: [ app_end ] --END-- [ RunTime:0.001000s ]

[ 2015-10-26T17:10:24+08:00 ] 127.0.0.1 /demo/index.php/home/index/index
INFO: [ app_init ] --START--
INFO: Run Behavior\BuildLiteBehavior [ RunTime:0.000000s ]
INFO: [ app_init ] --END-- [ RunTime:0.000000s ]
INFO: [ app_begin ] --START--
INFO: Run Behavior\ReadHtmlCacheBehavior [ RunTime:0.001000s ]
SQL: SHOW COLUMNS FROM `hs_setting` [ RunTime:0.0030s ]
SQL: SELECT `key`,`value` FROM `hs_setting`  [ RunTime:0.0010s ]
NOTIC: [2] unlink(./Application/Runtime/Temp/71df8fced343b2a8ba67c00a47a67b50.php): No such file or directory D:\xampps\htdocs\demo\ThinkPHP\Library\Think\Cache\Driver\File.class.php 第 157 行.
INFO: Run Common\Behavior\SettingBehavior [ RunTime:0.016001s ]
INFO: [ app_begin ] --END-- [ RunTime:0.017001s ]
SQL: SHOW COLUMNS FROM `hs_service` [ RunTime:0.0040s ]
SQL: SELECT * FROM `hs_service`  [ RunTime:0.0010s ]
INFO: [ view_parse ] --START--
INFO: [ template_filter ] --START--
INFO: Run Behavior\ContentReplaceBehavior [ RunTime:0.000000s ]
INFO: [ template_filter ] --END-- [ RunTime:0.000000s ]
NOTIC: [8] Undefined variable: data D:\xampps\htdocs\demo\Application\Runtime\Cache\Home\2a94b8bda04ff446dcedd42276fc99ee.php 第 140 行.
NOTIC: [8] Undefined variable: data D:\xampps\htdocs\demo\Application\Runtime\Cache\Home\2a94b8bda04ff446dcedd42276fc99ee.php 第 148 行.
NOTIC: [8] Undefined variable: data D:\xampps\htdocs\demo\Application\Runtime\Cache\Home\2a94b8bda04ff446dcedd42276fc99ee.php 第 164 行.
NOTIC: [8] Undefined variable: data D:\xampps\htdocs\demo\Application\Runtime\Cache\Home\2a94b8bda04ff446dcedd42276fc99ee.php 第 553 行.
NOTIC: [8] Undefined variable: data D:\xampps\htdocs\demo\Application\Runtime\Cache\Home\2a94b8bda04ff446dcedd42276fc99ee.php 第 553 行.
NOTIC: [8] Undefined variable: data D:\xampps\htdocs\demo\Application\Runtime\Cache\Home\2a94b8bda04ff446dcedd42276fc99ee.php 第 553 行.
INFO: Run Behavior\ParseTemplateBehavior [ RunTime:0.013001s ]
INFO: [ view_parse ] --END-- [ RunTime:0.013001s ]
INFO: [ view_filter ] --START--
INFO: Run Behavior\WriteHtmlCacheBehavior [ RunTime:0.001000s ]
INFO: [ view_filter ] --END-- [ RunTime:0.001000s ]
INFO: [ app_end ] --START--
INFO: Run Behavior\ShowPageTraceBehavior [ RunTime:0.002000s ]
INFO: [ app_end ] --END-- [ RunTime:0.002000s ]

